2025-10-19 09:05:29,867 [INFO] Activator:176 - 


2025-10-19 09:05:29,873 [INFO] Activator:177 - !SESSION log4j initialized
2025-10-19 09:05:36,324 [INFO] LogOutputStream:77 - [STDOUT_REDIRECT] 
2025-10-19 09:05:37,994 [INFO] ApplicationProperties:184 - Using Application install path: /opt/st/stm32cubeide_1.19.0/plugins/com.st.stm32cube.common.mx_6.15.0.202507011659
2025-10-19 09:05:38,013 [INFO] DbMcusXml:78 - Set database path to: /opt/st/stm32cubeide_1.19.0/plugins/com.st.stm32cube.common.mx_6.15.0.202507011659//db//mcu/
2025-10-19 09:05:38,013 [INFO] ApiDb:274 - Set plugin database path to: /opt/st/stm32cubeide_1.19.0/plugins/com.st.stm32cube.common.mx_6.15.0.202507011659//db//plugins/boardmanager/
2025-10-19 09:05:38,014 [WARN] ApiDb:259 - Overriding images path with different value:  => /opt/st/stm32cubeide_1.19.0/plugins/com.st.stm32cube.common.mx_6.15.0.202507011659//db//plugins/mcufinder/images/
2025-10-19 09:05:38,022 [INFO] ApiDb:250 - Set database path to: /home/ankith/.stmcufinder/plugins/mcufinder//mcu/
2025-10-19 09:05:38,025 [INFO] DbMcusAds:125 - Set database path to: /home/ankith/.stmcufinder/plugins/mcufinder//mcu/
2025-10-19 09:05:38,028 [INFO] CrossReferenceDbSqlite:203 - Set database path to: /home/ankith/.stmcufinder/plugins/mcufinder//mcu/cs/
2025-10-19 09:05:38,182 [INFO] RulesReader:64 - Compatibility file has been processed (317 Rules)
2025-10-19 09:05:38,264 [INFO] DbMcusXml:78 - Set database path to: /opt/st/stm32cubeide_1.19.0/plugins/com.st.stm32cube.common.mx_6.15.0.202507011659//db//mcu/
2025-10-19 09:05:38,264 [INFO] ApiDb:274 - Set plugin database path to: /opt/st/stm32cubeide_1.19.0/plugins/com.st.stm32cube.common.mx_6.15.0.202507011659//db//plugins/boardmanager/
2025-10-19 09:05:38,264 [INFO] ApiDb:261 - Set plugin images path to: /opt/st/stm32cubeide_1.19.0/plugins/com.st.stm32cube.common.mx_6.15.0.202507011659//db//plugins/mcufinder/images/
2025-10-19 09:05:38,265 [WARN] DbFile:41 - Overriding database path with different value: /home/ankith/.stmcufinder/plugins/mcufinder/ => /home/ankith/.stmcufinder/plugins/mcufinder
2025-10-19 09:05:38,265 [INFO] ApiDb:250 - Set database path to: /home/ankith/.stmcufinder/plugins/mcufinder//mcu/
2025-10-19 09:05:38,265 [WARN] DbFile:41 - Overriding database path with different value: /home/ankith/.stmcufinder/plugins/mcufinder/ => /home/ankith/.stmcufinder/plugins/mcufinder
2025-10-19 09:05:38,265 [INFO] DbMcusAds:125 - Set database path to: /home/ankith/.stmcufinder/plugins/mcufinder//mcu/
2025-10-19 09:05:38,265 [WARN] DbFile:41 - Overriding database path with different value: /home/ankith/.stmcufinder/plugins/mcufinder/ => /home/ankith/.stmcufinder/plugins/mcufinder
2025-10-19 09:05:38,265 [WARN] DbFile:41 - Overriding database path with different value: /home/ankith/.stmcufinder/plugins/mcufinder/ => /home/ankith/.stmcufinder/plugins/mcufinder
2025-10-19 09:05:38,266 [INFO] CrossReferenceDbSqlite:203 - Set database path to: /home/ankith/.stmcufinder/plugins/mcufinder//mcu/cs/
2025-10-19 09:05:38,352 [INFO] MainPanel:274 - HeapMemory: 268435456
2025-10-19 09:05:38,510 [INFO] DbMcusXml:78 - Set database path to: /opt/st/stm32cubeide_1.19.0/plugins/com.st.stm32cube.common.mx_6.15.0.202507011659//db//mcu/
2025-10-19 09:05:38,511 [INFO] ApiDb:274 - Set plugin database path to: /opt/st/stm32cubeide_1.19.0/plugins/com.st.stm32cube.common.mx_6.15.0.202507011659//db//plugins/boardmanager/
2025-10-19 09:05:38,511 [INFO] ApiDb:261 - Set plugin images path to: /opt/st/stm32cubeide_1.19.0/plugins/com.st.stm32cube.common.mx_6.15.0.202507011659//db//plugins/mcufinder/images/
2025-10-19 09:05:38,511 [WARN] DbFile:41 - Overriding database path with different value: /home/ankith/.stmcufinder/plugins/mcufinder/ => /home/ankith/.stmcufinder/plugins/mcufinder
2025-10-19 09:05:38,511 [INFO] ApiDb:250 - Set database path to: /home/ankith/.stmcufinder/plugins/mcufinder//mcu/
2025-10-19 09:05:38,511 [WARN] DbFile:41 - Overriding database path with different value: /home/ankith/.stmcufinder/plugins/mcufinder/ => /home/ankith/.stmcufinder/plugins/mcufinder
2025-10-19 09:05:38,511 [INFO] DbMcusAds:125 - Set database path to: /home/ankith/.stmcufinder/plugins/mcufinder//mcu/
2025-10-19 09:05:38,512 [WARN] DbFile:41 - Overriding database path with different value: /home/ankith/.stmcufinder/plugins/mcufinder/ => /home/ankith/.stmcufinder/plugins/mcufinder
2025-10-19 09:05:38,512 [WARN] DbFile:41 - Overriding database path with different value: /home/ankith/.stmcufinder/plugins/mcufinder/ => /home/ankith/.stmcufinder/plugins/mcufinder
2025-10-19 09:05:38,512 [INFO] CrossReferenceDbSqlite:203 - Set database path to: /home/ankith/.stmcufinder/plugins/mcufinder//mcu/cs/
2025-10-19 09:05:38,530 [INFO] ApplicationProperties:184 - Using Application install path: /opt/st/stm32cubeide_1.19.0/plugins/com.st.stm32cube.common.mx_6.15.0.202507011659
2025-10-19 09:05:38,533 [INFO] PluginManage:196 - Search for loadable plugins [exclusion list=, ]
2025-10-19 09:05:38,534 [INFO] PluginManage:310 - Check plugin analytics
2025-10-19 09:05:38,780 [INFO] AnalyticsPlugin:253 - Accepted Software Licenses: 
2025-10-19 09:05:38,780 [INFO] AnalyticsPlugin:255 - Accepted CMSIS Pack Licenses: 
2025-10-19 09:05:38,781 [INFO] AnalyticsPlugin:257 - Accepted Firmware Licenses: 
2025-10-19 09:05:38,785 [INFO] PluginManage:359 - Loaded plugin analytics (category:tool,tabindex:-1)
2025-10-19 09:05:38,786 [INFO] PluginManage:310 - Check plugin cadmodel
2025-10-19 09:05:38,792 [INFO] CADModel:105 - Init CAD model plugin
2025-10-19 09:05:38,793 [INFO] PluginManage:359 - Loaded plugin cadmodel (category:power,tabindex:5)
2025-10-19 09:05:38,793 [INFO] PluginManage:310 - Check plugin clock
2025-10-19 09:05:38,807 [INFO] PluginManage:359 - Loaded plugin clock (category:base,tabindex:2)
2025-10-19 09:05:38,808 [INFO] PluginManage:310 - Check plugin ddr
2025-10-19 09:05:38,811 [INFO] PluginManage:359 - Loaded plugin ddr (category:tool,tabindex:6)
2025-10-19 09:05:38,811 [INFO] PluginManage:310 - Check plugin filemanager
2025-10-19 09:05:39,028 [INFO] PluginManage:359 - Loaded plugin filemanager (category:base,tabindex:10)
2025-10-19 09:05:39,029 [INFO] PluginManage:310 - Check plugin ipmanager
2025-10-19 09:05:39,034 [INFO] PluginManage:359 - Loaded plugin ipmanager (category:base,tabindex:5)
2025-10-19 09:05:39,035 [INFO] PluginManage:310 - Check plugin lpbam
2025-10-19 09:05:39,048 [INFO] PluginManage:359 - Loaded plugin lpbam (category:base,tabindex:0)
2025-10-19 09:05:39,048 [INFO] PluginManage:310 - Check plugin memorymap
2025-10-19 09:05:39,065 [INFO] PluginManage:359 - Loaded plugin memorymap (category:base,tabindex:4)
2025-10-19 09:05:39,065 [INFO] PluginManage:310 - Check plugin pinoutandconfiguration
2025-10-19 09:05:39,075 [INFO] PluginManage:359 - Loaded plugin pinoutandconfiguration (category:base,tabindex:1)
2025-10-19 09:05:39,075 [INFO] PluginManage:310 - Check plugin pinoutconfig
2025-10-19 09:05:39,204 [WARN] SupportedApi:132 - Cannot load RTOS API schema: s4s-elt-must-match.1: The content of 'definitions' must match (annotation?, (simpleType | complexType)?, (unique | key | keyref)*)). A problem was found starting at: attribute.
2025-10-19 09:05:39,363 [INFO] PluginManage:359 - Loaded plugin pinoutconfig (category:base,tabindex:0)
2025-10-19 09:05:39,363 [INFO] PluginManage:310 - Check plugin power
2025-10-19 09:05:39,377 [INFO] PluginManage:359 - Loaded plugin power (category:power,tabindex:4)
2025-10-19 09:05:39,377 [INFO] PluginManage:310 - Check plugin projectmanager
2025-10-19 09:05:39,401 [INFO] PluginManage:359 - Loaded plugin projectmanager (category:projectmanager,tabindex:4)
2025-10-19 09:05:39,402 [INFO] PluginManage:310 - Check plugin rif
2025-10-19 09:05:39,415 [INFO] PluginManage:359 - Loaded plugin rif (category:base,tabindex:3)
2025-10-19 09:05:39,416 [INFO] PluginManage:310 - Check plugin thirdparty
2025-10-19 09:05:39,591 [WARN] IntegrityCheckThread:84 - waiting for thirdparty lock release [integrity check]
2025-10-19 09:05:39,592 [INFO] IntegrityCheckThread:86 - entering critical section [integrity check]
2025-10-19 09:05:39,591 [INFO] PluginManage:359 - Loaded plugin thirdparty (category:base,tabindex:-1)
2025-10-19 09:05:39,593 [INFO] ThirdPartyUpdaterWithRetryManager:70 - Updater plugin not ready yet. [1/15]
2025-10-19 09:05:39,593 [INFO] PluginManage:310 - Check plugin tools
2025-10-19 09:05:39,597 [INFO] PluginManage:359 - Loaded plugin tools (category:base,tabindex:7)
2025-10-19 09:05:39,597 [INFO] PluginManage:310 - Check plugin tutovideos
2025-10-19 09:05:39,843 [INFO] PluginManage:359 - Loaded plugin tutovideos (category:base,tabindex:-1)
2025-10-19 09:05:39,844 [INFO] PluginManage:310 - Check plugin updater
2025-10-19 09:05:39,877 [INFO] PluginManage:359 - Loaded plugin updater (category:base,tabindex:12)
2025-10-19 09:05:39,878 [INFO] PluginManage:310 - Check plugin userauth
2025-10-19 09:05:39,883 [INFO] UserAuth:118 - Init User Auth plugin
2025-10-19 09:05:39,884 [INFO] PluginManage:359 - Loaded plugin userauth (category:base,tabindex:14)
2025-10-19 09:05:39,885 [INFO] PluginManage:283 - PluginManage : Loaded plugins [18]
2025-10-19 09:05:40,142 [INFO] PinOutPanel:1589 - setPackage(No Configuration,No Configuration)
2025-10-19 09:05:40,237 [INFO] CADModel:165 - CPN selected for project level
2025-10-19 09:05:40,238 [INFO] CADModel:114 - Register for checkConnection events
2025-10-19 09:05:40,256 [INFO] IPUIPlugin:80 - create IPUIPlugin
2025-10-19 09:05:40,256 [INFO] PluginManager:220 - loadIPPluginJar : add usbx
2025-10-19 09:05:40,258 [INFO] IPUIPlugin:80 - create IPUIPlugin
2025-10-19 09:05:40,258 [INFO] PluginManager:220 - loadIPPluginJar : add quadspi
2025-10-19 09:05:40,260 [INFO] IPUIPlugin:80 - create IPUIPlugin
2025-10-19 09:05:40,260 [INFO] PluginManager:220 - loadIPPluginJar : add tsc
2025-10-19 09:05:40,269 [INFO] IPUIPlugin:80 - create IPUIPlugin
2025-10-19 09:05:40,269 [INFO] PluginManager:220 - loadIPPluginJar : add mdma
2025-10-19 09:05:40,272 [INFO] IPUIPlugin:80 - create IPUIPlugin
2025-10-19 09:05:40,272 [INFO] PluginManager:220 - loadIPPluginJar : add dma3
2025-10-19 09:05:40,276 [INFO] IPUIPlugin:80 - create IPUIPlugin
2025-10-19 09:05:40,276 [INFO] PluginManager:220 - loadIPPluginJar : add extmemmanager
2025-10-19 09:05:40,280 [INFO] IPUIPlugin:80 - create IPUIPlugin
2025-10-19 09:05:40,281 [INFO] PluginManager:220 - loadIPPluginJar : add aes
2025-10-19 09:05:40,287 [INFO] IPUIPlugin:80 - create IPUIPlugin
2025-10-19 09:05:40,287 [INFO] PluginManager:220 - loadIPPluginJar : add gpio
2025-10-19 09:05:40,290 [INFO] IPUIPlugin:80 - create IPUIPlugin
2025-10-19 09:05:40,291 [INFO] PluginManager:220 - loadIPPluginJar : add touchsensing
2025-10-19 09:05:40,294 [INFO] IPUIPlugin:80 - create IPUIPlugin
2025-10-19 09:05:40,294 [INFO] PluginManager:220 - loadIPPluginJar : add spi
2025-10-19 09:05:40,299 [INFO] IPUIPlugin:80 - create IPUIPlugin
2025-10-19 09:05:40,300 [INFO] PluginManager:220 - loadIPPluginJar : add opamp
2025-10-19 09:05:40,308 [INFO] IPUIPlugin:80 - create IPUIPlugin
2025-10-19 09:05:40,308 [INFO] PluginManager:220 - loadIPPluginJar : add linkedlist
2025-10-19 09:05:40,311 [INFO] IPUIPlugin:80 - create IPUIPlugin
2025-10-19 09:05:40,311 [INFO] PluginManager:220 - loadIPPluginJar : add hash
2025-10-19 09:05:40,314 [INFO] IPUIPlugin:80 - create IPUIPlugin
2025-10-19 09:05:40,314 [INFO] PluginManager:220 - loadIPPluginJar : add i2s
2025-10-19 09:05:40,318 [INFO] IPUIPlugin:80 - create IPUIPlugin
2025-10-19 09:05:40,318 [INFO] PluginManager:220 - loadIPPluginJar : add pdm2pcm
2025-10-19 09:05:40,321 [INFO] IPUIPlugin:80 - create IPUIPlugin
2025-10-19 09:05:40,321 [INFO] PluginManager:220 - loadIPPluginJar : add usart
2025-10-19 09:05:40,324 [INFO] IPUIPlugin:80 - create IPUIPlugin
2025-10-19 09:05:40,325 [INFO] PluginManager:220 - loadIPPluginJar : add openamp
2025-10-19 09:05:40,328 [INFO] IPUIPlugin:80 - create IPUIPlugin
2025-10-19 09:05:40,328 [INFO] PluginManager:220 - loadIPPluginJar : add i3c
2025-10-19 09:05:40,332 [INFO] IPUIPlugin:80 - create IPUIPlugin
2025-10-19 09:05:40,332 [INFO] PluginManager:220 - loadIPPluginJar : add resmgrutility
2025-10-19 09:05:40,338 [INFO] IPUIPlugin:80 - create IPUIPlugin
2025-10-19 09:05:40,339 [INFO] PluginManager:220 - loadIPPluginJar : add freertos
2025-10-19 09:05:40,340 [INFO] IPUIPlugin:80 - create IPUIPlugin
2025-10-19 09:05:40,341 [INFO] PluginManager:220 - loadIPPluginJar : add comp
2025-10-19 09:05:40,347 [INFO] IPUIPlugin:80 - create IPUIPlugin
2025-10-19 09:05:40,347 [INFO] PluginManager:220 - loadIPPluginJar : add gic
2025-10-19 09:05:40,357 [INFO] IPUIPlugin:80 - create IPUIPlugin
2025-10-19 09:05:40,361 [INFO] PluginManager:220 - loadIPPluginJar : add plateformsettings
2025-10-19 09:05:40,368 [INFO] IPUIPlugin:80 - create IPUIPlugin
2025-10-19 09:05:40,368 [INFO] PluginManager:220 - loadIPPluginJar : add dma
2025-10-19 09:05:40,372 [INFO] IPUIPlugin:80 - create IPUIPlugin
2025-10-19 09:05:40,372 [INFO] PluginManager:220 - loadIPPluginJar : add gtzc
2025-10-19 09:05:40,376 [INFO] IPUIPlugin:80 - create IPUIPlugin
2025-10-19 09:05:40,377 [INFO] PluginManager:220 - loadIPPluginJar : add ddr_ctrl_phy
2025-10-19 09:05:40,378 [INFO] IPUIPlugin:80 - create IPUIPlugin
2025-10-19 09:05:40,379 [INFO] PluginManager:220 - loadIPPluginJar : add genericplugin
2025-10-19 09:05:40,382 [INFO] IPUIPlugin:80 - create IPUIPlugin
2025-10-19 09:05:40,382 [INFO] PluginManager:220 - loadIPPluginJar : add ts
2025-10-19 09:05:40,390 [INFO] IPUIPlugin:80 - create IPUIPlugin
2025-10-19 09:05:40,391 [INFO] PluginManager:220 - loadIPPluginJar : add stm32_wpan
2025-10-19 09:05:40,393 [INFO] IPUIPlugin:80 - create IPUIPlugin
2025-10-19 09:05:40,393 [INFO] PluginManager:220 - loadIPPluginJar : add ucpd
2025-10-19 09:05:40,401 [INFO] IPUIPlugin:80 - create IPUIPlugin
2025-10-19 09:05:40,402 [INFO] PluginManager:220 - loadIPPluginJar : add adc
2025-10-19 09:05:40,404 [INFO] IPUIPlugin:80 - create IPUIPlugin
2025-10-19 09:05:40,404 [INFO] PluginManager:220 - loadIPPluginJar : add ltdc
2025-10-19 09:05:40,407 [INFO] IPUIPlugin:80 - create IPUIPlugin
2025-10-19 09:05:40,408 [INFO] PluginManager:220 - loadIPPluginJar : add radio
2025-10-19 09:05:40,414 [INFO] IPUIPlugin:80 - create IPUIPlugin
2025-10-19 09:05:40,414 [INFO] PluginManager:220 - loadIPPluginJar : add sai
2025-10-19 09:05:40,417 [INFO] IPUIPlugin:80 - create IPUIPlugin
2025-10-19 09:05:40,417 [INFO] PluginManager:220 - loadIPPluginJar : add tim
2025-10-19 09:05:40,423 [INFO] IPUIPlugin:80 - create IPUIPlugin
2025-10-19 09:05:40,423 [INFO] PluginManager:220 - loadIPPluginJar : add nvic
2025-10-19 09:05:40,427 [INFO] IPUIPlugin:80 - create IPUIPlugin
2025-10-19 09:05:40,427 [INFO] PluginManager:220 - loadIPPluginJar : add cryp
2025-10-19 09:05:40,431 [INFO] IPUIPlugin:80 - create IPUIPlugin
2025-10-19 09:05:40,431 [INFO] PluginManager:220 - loadIPPluginJar : add i2c
2025-10-19 09:05:40,439 [INFO] IPUIPlugin:80 - create IPUIPlugin
2025-10-19 09:05:40,439 [INFO] PluginManager:220 - loadIPPluginJar : add fmc
2025-10-19 09:05:40,442 [INFO] IPUIPlugin:80 - create IPUIPlugin
2025-10-19 09:05:40,442 [INFO] PluginManager:220 - loadIPPluginJar : add fatfs
2025-10-19 09:05:40,446 [INFO] IPUIPlugin:80 - create IPUIPlugin
2025-10-19 09:05:40,447 [INFO] PluginManager:220 - loadIPPluginJar : add can
2025-10-19 09:05:40,452 [INFO] IPUIPlugin:80 - create IPUIPlugin
2025-10-19 09:05:40,452 [INFO] PluginManager:220 - loadIPPluginJar : add ipddr
2025-10-19 09:05:40,456 [INFO] IPUIPlugin:80 - create IPUIPlugin
2025-10-19 09:05:40,456 [INFO] PluginManager:220 - loadIPPluginJar : add gfxmmu
2025-10-19 09:05:40,460 [INFO] IPUIPlugin:80 - create IPUIPlugin
2025-10-19 09:05:40,461 [INFO] PluginManager:220 - loadIPPluginJar : add tracer_emb
2025-10-19 09:05:40,465 [INFO] IPUIPlugin:80 - create IPUIPlugin
2025-10-19 09:05:40,465 [INFO] PluginManager:220 - loadIPPluginJar : add lorawan
2025-10-19 09:05:40,469 [INFO] IPUIPlugin:80 - create IPUIPlugin
2025-10-19 09:05:40,469 [INFO] PluginManager:220 - loadIPPluginJar : add dfsdm
2025-10-19 09:05:40,598 [FATAL] Updater:351 - Updater called before beeing initialized
2025-10-19 09:05:40,639 [INFO] RulesReader:64 - Compatibility file has been processed (317 Rules)
2025-10-19 09:05:40,657 [INFO] RulesReader:64 - Compatibility file has been processed (317 Rules)
2025-10-19 09:05:40,668 [INFO] CADModel:165 - CPN selected for project level
2025-10-19 09:05:40,669 [INFO] CADModel:114 - Register for checkConnection events
2025-10-19 09:05:40,669 [FATAL] Updater:351 - Updater called before beeing initialized
2025-10-19 09:05:40,669 [ERROR] CADModel:125 - Updater not yet initialized, retry later 
2025-10-19 09:05:40,865 [FATAL] Updater:351 - Updater called before beeing initialized
2025-10-19 09:05:40,868 [INFO] CADModel:165 - CPN selected for project level
2025-10-19 09:05:40,868 [INFO] CADModel:114 - Register for checkConnection events
2025-10-19 09:05:40,868 [FATAL] Updater:351 - Updater called before beeing initialized
2025-10-19 09:05:40,869 [ERROR] CADModel:125 - Updater not yet initialized, retry later 
2025-10-19 09:05:40,874 [FATAL] Updater:351 - Updater called before beeing initialized
2025-10-19 09:05:41,031 [FATAL] Updater:351 - Updater called before beeing initialized
2025-10-19 09:05:41,035 [INFO] DbMcusAds:53 - JSON generation date=Thu Oct 02 15:06:05 IST 2025 (1759397765645)
2025-10-19 09:05:41,036 [FATAL] Updater:351 - Updater called before beeing initialized
2025-10-19 09:05:41,079 [WARN] DetailPanel:346 - Failed to get advertising image, set to default
2025-10-19 09:05:41,176 [FATAL] Updater:351 - Updater called before beeing initialized
2025-10-19 09:05:41,178 [FATAL] Updater:351 - Updater called before beeing initialized
2025-10-19 09:05:41,178 [FATAL] Updater:351 - Updater called before beeing initialized
2025-10-19 09:05:41,178 [WARN] DetailPanel:346 - Failed to get advertising image, set to default
2025-10-19 09:05:41,179 [FATAL] Updater:351 - Updater called before beeing initialized
2025-10-19 09:05:41,233 [ERROR] Updater:1198 - MainUpdater not yet initialized. External WinMGr cannot be set.
2025-10-19 09:05:41,236 [INFO] Updater:1134 - Updater Version found : 6.15.0
2025-10-19 09:05:41,267 [INFO] ApplicationProperties:184 - Using Application install path: /opt/st/stm32cubeide_1.19.0/plugins/com.st.stm32cube.common.mx_6.15.0.202507011659
2025-10-19 09:05:41,752 [INFO] MainUpdater:2872 - connection check result : 10
2025-10-19 09:05:41,754 [INFO] MainUpdater:289 - Updater Check For Update Now.
2025-10-19 09:05:41,754 [INFO] MicroXplorer:498 - Change Database Version : DB.6.0.150
2025-10-19 09:05:41,774 [INFO] McuFinderGlobals:63 - Set McuFinder mode to 2 (CubeIDE integrated)
2025-10-19 09:05:41,778 [INFO] UserAuth:171 - activating auth plugin
2025-10-19 09:05:41,791 [INFO] UserAuth:487 - Internet connection configuration mode: 1
2025-10-19 09:05:41,884 [INFO] JxBrowserEngine:152 - Initiate JxBrowser Engine with user profile folder
2025-10-19 09:05:42,076 [INFO] CheckServerUpdateThread:120 - End of CheckServer Thread
2025-10-19 09:05:42,848 [WARN] PackLoader:240 - Cannot read IP mode file for STMicroelectronics.FP-SNS-MOTENVWB1.1.4.0
2025-10-19 09:05:42,870 [WARN] PackLoader:240 - Cannot read IP mode file for STMicroelectronics.FP-ATR-ASTRA1.2.0.2
2025-10-19 09:05:42,883 [WARN] PackLoader:240 - Cannot read IP mode file for STMicroelectronics.X-CUBE-SMBUS.2.1.0
2025-10-19 09:05:42,889 [WARN] PackLoader:240 - Cannot read IP mode file for STMicroelectronics.X-CUBE-ST60.1.0.0
2025-10-19 09:05:42,944 [WARN] PackLoader:240 - Cannot read IP mode file for STMicroelectronics.X-CUBE-AZRTOS-F7.1.1.0
2025-10-19 09:05:42,956 [WARN] PackLoader:240 - Cannot read IP mode file for Cesanta.I-CUBE-Mongoose.7.19.0
2025-10-19 09:05:42,970 [WARN] PackLoader:240 - Cannot read IP mode file for WES.I-CUBE-Cesium.1.4.0
2025-10-19 09:05:43,022 [WARN] PackLoader:240 - Cannot read IP mode file for Infineon.AIROC-Wi-Fi-Bluetooth-STM32.1.7.1
2025-10-19 09:05:43,052 [WARN] PackLoader:240 - Cannot read IP mode file for STMicroelectronics.X-CUBE-DISPLAY.3.0.0
2025-10-19 09:05:43,093 [WARN] PackLoader:240 - Cannot read IP mode file for STMicroelectronics.X-CUBE-NFC10.1.0.0
2025-10-19 09:05:43,110 [WARN] PackLoader:240 - Cannot read IP mode file for STMicroelectronics.X-CUBE-ST60.1.1.0
2025-10-19 09:05:43,124 [WARN] PackLoader:240 - Cannot read IP mode file for emotas.I-CUBE-CANOPEN.1.3.0
2025-10-19 09:05:43,148 [WARN] PackLoader:240 - Cannot read IP mode file for STMicroelectronics.FP-SNS-SMARTAG2.1.2.0
2025-10-19 09:05:43,165 [WARN] PackLoader:240 - Cannot read IP mode file for STMicroelectronics.FP-SNS-FLIGHT1.5.1.0
2025-10-19 09:05:43,189 [INFO] LogOutputStream:77 - [STDOUT_REDIRECT] 1 : Invalid condition id : UX_CORESTACK_Condition cause : null
2025-10-19 09:05:43,189 [INFO] LogOutputStream:77 - [STDOUT_REDIRECT] 1 : Invalid condition id : UX_CORESTACK_Condition cause : null
2025-10-19 09:05:43,190 [INFO] LogOutputStream:77 - [STDOUT_REDIRECT] 1 : Invalid condition id : UX_CORESTACK_Condition cause : null
2025-10-19 09:05:43,190 [INFO] LogOutputStream:77 - [STDOUT_REDIRECT] 1 : Invalid condition id : UX_CORESTACK_Condition cause : null
2025-10-19 09:05:43,191 [INFO] LogOutputStream:77 - [STDOUT_REDIRECT] 1 : Invalid condition id : UX_CORESTACK_Condition cause : null
2025-10-19 09:05:43,198 [WARN] PackLoader:240 - Cannot read IP mode file for STMicroelectronics.X-CUBE-AZRTOS-WL.2.0.0
2025-10-19 09:05:43,215 [WARN] PackLoader:240 - Cannot read IP mode file for STMicroelectronics.FP-SNS-MOTENV1.5.0.0
2025-10-19 09:05:43,226 [WARN] PackLoader:240 - Cannot read IP mode file for STMicroelectronics.X-CUBE-BLE2.3.3.0
2025-10-19 09:05:43,240 [WARN] PackLoader:240 - Cannot read IP mode file for STMicroelectronics.X-CUBE-NFC9.1.0.0
2025-10-19 09:05:43,253 [WARN] PackLoader:240 - Cannot read IP mode file for STMicroelectronics.X-CUBE-BLE1.7.1.0
2025-10-19 09:05:43,268 [WARN] PackLoader:240 - Cannot read IP mode file for STMicroelectronics.X-CUBE-ST67W61.1.1.0
2025-10-19 09:05:43,347 [WARN] PackLoader:240 - Cannot read IP mode file for STMicroelectronics.X-CUBE-AZRTOS-G0.1.1.0
2025-10-19 09:05:43,379 [WARN] PackLoader:240 - Cannot read IP mode file for STMicroelectronics.X-CUBE-SAFEA1.1.2.2
2025-10-19 09:05:43,398 [WARN] PackLoader:240 - Cannot read IP mode file for STMicroelectronics.X-CUBE-NFC4.3.0.0
2025-10-19 09:05:43,420 [WARN] PackLoader:240 - Cannot read IP mode file for EmbeddedOffice.I-CUBE-FS-RTOS.1.0.1
2025-10-19 09:05:43,438 [WARN] PackLoader:240 - Cannot read IP mode file for STMicroelectronics.X-CUBE-WB05N.2.0.0
2025-10-19 09:05:43,451 [WARN] PackLoader:240 - Cannot read IP mode file for STMicroelectronics.X-CUBE-TCPP.4.2.0
2025-10-19 09:05:43,466 [WARN] PackLoader:240 - Cannot read IP mode file for RealThread.X-CUBE-RT-Thread_Nano.4.1.1
2025-10-19 09:05:43,474 [WARN] PackLoader:240 - Cannot read IP mode file for STMicroelectronics.FP-ATR-SIGFOX1.3.2.0
2025-10-19 09:05:43,486 [WARN] PackLoader:240 - Cannot read IP mode file for ITTIA_DB.I-CUBE-ITTIADB.8.9.0
2025-10-19 09:05:43,498 [WARN] PackLoader:240 - Cannot read IP mode file for STMicroelectronics.X-CUBE-ST67W61.1.0.0
2025-10-19 09:05:43,558 [WARN] PackLoader:240 - Cannot read IP mode file for SEGGER.I-CUBE-embOS.1.3.1
2025-10-19 09:05:43,637 [WARN] PackLoader:240 - Cannot read IP mode file for STMicroelectronics.X-CUBE-ALGOBUILD.1.4.0
2025-10-19 09:05:43,737 [WARN] PackLoader:240 - Cannot read IP mode file for STMicroelectronics.X-CUBE-MEMS1.11.3.0
2025-10-19 09:05:44,058 [WARN] PackLoader:240 - Cannot read IP mode file for STMicroelectronics.X-CUBE-PM33A1.1.0.0
2025-10-19 09:05:44,122 [WARN] PackLoader:240 - Cannot read IP mode file for STMicroelectronics.X-CUBE-AZRTOS-F4.1.1.0
2025-10-19 09:05:44,147 [WARN] PackLoader:240 - Cannot read IP mode file for STMicroelectronics.X-CUBE-ISPU.2.1.0
2025-10-19 09:05:44,190 [WARN] PackLoader:240 - Cannot read IP mode file for STMicroelectronics.X-CUBE-IPS.3.2.0
2025-10-19 09:05:44,378 [WARN] PackLoader:240 - Cannot read IP mode file for STMicroelectronics.X-CUBE-AZRTOS-L5.2.0.0
2025-10-19 09:05:44,407 [WARN] PackLoader:240 - Cannot read IP mode file for STMicroelectronics.X-CUBE-NFC6.3.1.0
2025-10-19 09:05:44,423 [WARN] PackLoader:240 - Cannot read IP mode file for STMicroelectronics.X-CUBE-FREERTOS.1.3.1
2025-10-19 09:05:44,430 [WARN] PackLoader:240 - Cannot read IP mode file for STMicroelectronics.X-CUBE-TOUCHGFX.4.26.0
2025-10-19 09:05:44,437 [WARN] PackLoader:240 - Cannot read IP mode file for STMicroelectronics.X-CUBE-DPower.1.3.0
2025-10-19 09:05:44,472 [WARN] ConditionMgr:438 - getConditionDescription Invalid condition id : LAN8742 Phy interface Condition cause : null
2025-10-19 09:05:44,474 [WARN] PackLoader:240 - Cannot read IP mode file for STMicroelectronics.X-CUBE-AZRTOS-L4.2.0.0
2025-10-19 09:05:44,476 [WARN] ConditionMgr:1044 - genDependencies : Invalid condition id : LAN8742 Phy interface Condition cause : null
2025-10-19 09:05:44,477 [WARN] ConditionMgr:1044 - genDependencies : Invalid condition id : LAN8742 Phy interface Condition cause : null
2025-10-19 09:05:44,478 [WARN] ConditionMgr:1044 - genDependencies : Invalid condition id : LAN8742 Phy interface Condition cause : null
2025-10-19 09:05:44,519 [WARN] PackLoader:240 - Cannot read IP mode file for STMicroelectronics.X-CUBE-SFXS2LP1.4.0.0
2025-10-19 09:05:44,541 [WARN] ConditionMgr:438 - getConditionDescription Invalid condition id : UX DEVICE CLASS RTOS Condition cause : null
2025-10-19 09:05:44,541 [WARN] ConditionMgr:438 - getConditionDescription Invalid condition id : UX DEVICE CLASS RTOS Condition cause : null
2025-10-19 09:05:44,547 [WARN] PackLoader:240 - Cannot read IP mode file for STMicroelectronics.X-CUBE-AZRTOS-WB.2.0.0
2025-10-19 09:05:44,548 [WARN] ConditionMgr:1044 - genDependencies : Invalid condition id : UX DEVICE CLASS RTOS Condition cause : null
2025-10-19 09:05:44,551 [WARN] ConditionMgr:1044 - genDependencies : Invalid condition id : UX DEVICE CLASS RTOS Condition cause : null
2025-10-19 09:05:44,551 [WARN] ConditionMgr:1044 - genDependencies : Invalid condition id : UX DEVICE CLASS RTOS Condition cause : null
2025-10-19 09:05:44,552 [WARN] ConditionMgr:1044 - genDependencies : Invalid condition id : UX DEVICE CLASS RTOS Condition cause : null
2025-10-19 09:05:44,552 [WARN] ConditionMgr:1044 - genDependencies : Invalid condition id : UX DEVICE CLASS RTOS Condition cause : null
2025-10-19 09:05:44,557 [INFO] WebApp:169 - Instantiating new browser for Auth
2025-10-19 09:05:44,565 [WARN] PackLoader:240 - Cannot read IP mode file for STMicroelectronics.X-CUBE-GNSS1.7.0.1
2025-10-19 09:05:44,579 [WARN] PackLoader:240 - Cannot read IP mode file for STMicroelectronics.X-CUBE-TOUCHGFX.4.25.0
2025-10-19 09:05:44,589 [WARN] ConditionMgr:438 - getConditionDescription Invalid condition id : Cortex-A Device cause : null
2025-10-19 09:05:44,632 [WARN] ConditionMgr:1044 - genDependencies : Invalid condition id : Cortex-A Device cause : null
2025-10-19 09:05:44,632 [WARN] ConditionMgr:1044 - genDependencies : Invalid condition id : Cortex-A Device cause : null
2025-10-19 09:05:44,632 [WARN] ConditionMgr:1044 - genDependencies : Invalid condition id : Cortex-A Device cause : null
2025-10-19 09:05:44,653 [WARN] PackLoader:240 - Cannot read IP mode file for STMicroelectronics.X-CUBE-SUBG2.5.0.0
2025-10-19 09:05:44,694 [WARN] PackLoader:240 - Cannot read IP mode file for STMicroelectronics.X-CUBE-AZRTOS-H7RS.1.1.0
2025-10-19 09:05:44,733 [WARN] PackLoader:240 - Cannot read IP mode file for STMicroelectronics.X-CUBE-AZRTOS-G4.2.0.0
2025-10-19 09:05:44,747 [WARN] PackLoader:240 - Cannot read IP mode file for STMicroelectronics.X-CUBE-NFC7.2.0.0
2025-10-19 09:05:44,785 [WARN] PackLoader:240 - Cannot read IP mode file for STMicroelectronics.X-CUBE-IPS.3.1.0
2025-10-19 09:05:44,806 [WARN] PackLoader:240 - Cannot read IP mode file for STMicroelectronics.X-CUBE-ALS.1.0.2
2025-10-19 09:05:44,823 [WARN] PackLoader:240 - Cannot read IP mode file for STMicroelectronics.X-CUBE-STSE01.1.0.0
2025-10-19 09:05:44,835 [WARN] PackLoader:240 - Cannot read IP mode file for portGmbH.I-Cube-SoM-uGOAL.1.1.0
2025-10-19 09:05:44,861 [WARN] PackLoader:240 - Cannot read IP mode file for STMicroelectronics.X-CUBE-TOF1.3.4.3
2025-10-19 09:05:44,886 [INFO] ThirdParty:978 - Integrity check success = true
2025-10-19 09:05:44,886 [INFO] IntegrityCheckThread:100 - exiting critical section [integrity check]
2025-10-19 09:05:44,886 [INFO] IntegrityCheckThread:103 - End integrity checks thread
2025-10-19 09:05:46,142 [INFO] WebApp:463 - Apply proxy settings
2025-10-19 09:05:46,142 [INFO] WebApp:548 - Chromium requires no authentication
2025-10-19 09:05:46,169 [INFO] WebApp:491 - Direct internet connection detected
2025-10-19 09:05:46,212 [INFO] WebApp:900 - Register for checkConnection events
2025-10-19 09:05:46,213 [INFO] WebApp:463 - Apply proxy settings
2025-10-19 09:05:46,213 [INFO] WebApp:548 - Chromium requires no authentication
2025-10-19 09:05:46,214 [INFO] WebApp:491 - Direct internet connection detected
2025-10-19 09:05:46,641 [INFO] WebApp:225 - Starting web application
2025-10-19 09:05:46,641 [INFO] WebApp:593 - Web application path used /opt/st/stm32cubeide_1.19.0/plugins/com.st.stm32cube.common.mx_6.15.0.202507011659/db/plugins/mcufinder/reactClient1/index.html
2025-10-19 09:05:46,691 [INFO] WebApp:191 - Connection restablished
2025-10-19 09:20:53,543 [INFO] WebApp:194 - Connection lost
2025-10-19 09:20:53,943 [INFO] WebApp:191 - Connection restablished
2025-10-19 09:22:16,052 [ERROR] LogOutputStream:75 - [STDERR_REDIRECT] 
2025-10-19 09:23:00,410 [INFO] Activator:176 - 


2025-10-19 09:23:00,413 [INFO] Activator:177 - !SESSION log4j initialized
2025-10-19 09:23:06,135 [INFO] LogOutputStream:77 - [STDOUT_REDIRECT] 
2025-10-19 09:23:07,701 [INFO] ApplicationProperties:184 - Using Application install path: /opt/st/stm32cubeide_1.19.0/plugins/com.st.stm32cube.common.mx_6.15.0.202507011659
2025-10-19 09:23:07,720 [INFO] DbMcusXml:78 - Set database path to: /opt/st/stm32cubeide_1.19.0/plugins/com.st.stm32cube.common.mx_6.15.0.202507011659//db//mcu/
2025-10-19 09:23:07,721 [INFO] ApiDb:274 - Set plugin database path to: /opt/st/stm32cubeide_1.19.0/plugins/com.st.stm32cube.common.mx_6.15.0.202507011659//db//plugins/boardmanager/
2025-10-19 09:23:07,721 [WARN] ApiDb:259 - Overriding images path with different value:  => /opt/st/stm32cubeide_1.19.0/plugins/com.st.stm32cube.common.mx_6.15.0.202507011659//db//plugins/mcufinder/images/
2025-10-19 09:23:07,726 [INFO] ApiDb:250 - Set database path to: /home/ankith/.stmcufinder/plugins/mcufinder//mcu/
2025-10-19 09:23:07,728 [INFO] DbMcusAds:125 - Set database path to: /home/ankith/.stmcufinder/plugins/mcufinder//mcu/
2025-10-19 09:23:07,730 [INFO] CrossReferenceDbSqlite:203 - Set database path to: /home/ankith/.stmcufinder/plugins/mcufinder//mcu/cs/
2025-10-19 09:23:07,890 [INFO] RulesReader:64 - Compatibility file has been processed (317 Rules)
2025-10-19 09:23:07,978 [INFO] DbMcusXml:78 - Set database path to: /opt/st/stm32cubeide_1.19.0/plugins/com.st.stm32cube.common.mx_6.15.0.202507011659//db//mcu/
2025-10-19 09:23:07,979 [INFO] ApiDb:274 - Set plugin database path to: /opt/st/stm32cubeide_1.19.0/plugins/com.st.stm32cube.common.mx_6.15.0.202507011659//db//plugins/boardmanager/
2025-10-19 09:23:07,979 [INFO] ApiDb:261 - Set plugin images path to: /opt/st/stm32cubeide_1.19.0/plugins/com.st.stm32cube.common.mx_6.15.0.202507011659//db//plugins/mcufinder/images/
2025-10-19 09:23:07,979 [WARN] DbFile:41 - Overriding database path with different value: /home/ankith/.stmcufinder/plugins/mcufinder/ => /home/ankith/.stmcufinder/plugins/mcufinder
2025-10-19 09:23:07,979 [INFO] ApiDb:250 - Set database path to: /home/ankith/.stmcufinder/plugins/mcufinder//mcu/
2025-10-19 09:23:07,979 [WARN] DbFile:41 - Overriding database path with different value: /home/ankith/.stmcufinder/plugins/mcufinder/ => /home/ankith/.stmcufinder/plugins/mcufinder
2025-10-19 09:23:07,979 [INFO] DbMcusAds:125 - Set database path to: /home/ankith/.stmcufinder/plugins/mcufinder//mcu/
2025-10-19 09:23:07,980 [WARN] DbFile:41 - Overriding database path with different value: /home/ankith/.stmcufinder/plugins/mcufinder/ => /home/ankith/.stmcufinder/plugins/mcufinder
2025-10-19 09:23:07,980 [WARN] DbFile:41 - Overriding database path with different value: /home/ankith/.stmcufinder/plugins/mcufinder/ => /home/ankith/.stmcufinder/plugins/mcufinder
2025-10-19 09:23:07,980 [INFO] CrossReferenceDbSqlite:203 - Set database path to: /home/ankith/.stmcufinder/plugins/mcufinder//mcu/cs/
2025-10-19 09:23:08,077 [INFO] MainPanel:274 - HeapMemory: 268435456
2025-10-19 09:23:08,229 [INFO] DbMcusXml:78 - Set database path to: /opt/st/stm32cubeide_1.19.0/plugins/com.st.stm32cube.common.mx_6.15.0.202507011659//db//mcu/
2025-10-19 09:23:08,229 [INFO] ApiDb:274 - Set plugin database path to: /opt/st/stm32cubeide_1.19.0/plugins/com.st.stm32cube.common.mx_6.15.0.202507011659//db//plugins/boardmanager/
2025-10-19 09:23:08,230 [INFO] ApiDb:261 - Set plugin images path to: /opt/st/stm32cubeide_1.19.0/plugins/com.st.stm32cube.common.mx_6.15.0.202507011659//db//plugins/mcufinder/images/
2025-10-19 09:23:08,230 [WARN] DbFile:41 - Overriding database path with different value: /home/ankith/.stmcufinder/plugins/mcufinder/ => /home/ankith/.stmcufinder/plugins/mcufinder
2025-10-19 09:23:08,230 [INFO] ApiDb:250 - Set database path to: /home/ankith/.stmcufinder/plugins/mcufinder//mcu/
2025-10-19 09:23:08,230 [WARN] DbFile:41 - Overriding database path with different value: /home/ankith/.stmcufinder/plugins/mcufinder/ => /home/ankith/.stmcufinder/plugins/mcufinder
2025-10-19 09:23:08,230 [INFO] DbMcusAds:125 - Set database path to: /home/ankith/.stmcufinder/plugins/mcufinder//mcu/
2025-10-19 09:23:08,231 [WARN] DbFile:41 - Overriding database path with different value: /home/ankith/.stmcufinder/plugins/mcufinder/ => /home/ankith/.stmcufinder/plugins/mcufinder
2025-10-19 09:23:08,231 [WARN] DbFile:41 - Overriding database path with different value: /home/ankith/.stmcufinder/plugins/mcufinder/ => /home/ankith/.stmcufinder/plugins/mcufinder
2025-10-19 09:23:08,231 [INFO] CrossReferenceDbSqlite:203 - Set database path to: /home/ankith/.stmcufinder/plugins/mcufinder//mcu/cs/
2025-10-19 09:23:08,252 [INFO] ApplicationProperties:184 - Using Application install path: /opt/st/stm32cubeide_1.19.0/plugins/com.st.stm32cube.common.mx_6.15.0.202507011659
2025-10-19 09:23:08,254 [INFO] PluginManage:196 - Search for loadable plugins [exclusion list=, ]
2025-10-19 09:23:08,256 [INFO] PluginManage:310 - Check plugin analytics
2025-10-19 09:23:08,497 [INFO] AnalyticsPlugin:253 - Accepted Software Licenses: 
2025-10-19 09:23:08,497 [INFO] AnalyticsPlugin:255 - Accepted CMSIS Pack Licenses: 
2025-10-19 09:23:08,498 [INFO] AnalyticsPlugin:257 - Accepted Firmware Licenses: 
2025-10-19 09:23:08,502 [INFO] PluginManage:359 - Loaded plugin analytics (category:tool,tabindex:-1)
2025-10-19 09:23:08,503 [INFO] PluginManage:310 - Check plugin cadmodel
2025-10-19 09:23:08,509 [INFO] CADModel:105 - Init CAD model plugin
2025-10-19 09:23:08,509 [INFO] PluginManage:359 - Loaded plugin cadmodel (category:power,tabindex:5)
2025-10-19 09:23:08,510 [INFO] PluginManage:310 - Check plugin clock
2025-10-19 09:23:08,521 [INFO] PluginManage:359 - Loaded plugin clock (category:base,tabindex:2)
2025-10-19 09:23:08,521 [INFO] PluginManage:310 - Check plugin ddr
2025-10-19 09:23:08,523 [INFO] PluginManage:359 - Loaded plugin ddr (category:tool,tabindex:6)
2025-10-19 09:23:08,524 [INFO] PluginManage:310 - Check plugin filemanager
2025-10-19 09:23:08,699 [INFO] PluginManage:359 - Loaded plugin filemanager (category:base,tabindex:10)
2025-10-19 09:23:08,699 [INFO] PluginManage:310 - Check plugin ipmanager
2025-10-19 09:23:08,705 [INFO] PluginManage:359 - Loaded plugin ipmanager (category:base,tabindex:5)
2025-10-19 09:23:08,705 [INFO] PluginManage:310 - Check plugin lpbam
2025-10-19 09:23:08,717 [INFO] PluginManage:359 - Loaded plugin lpbam (category:base,tabindex:0)
2025-10-19 09:23:08,717 [INFO] PluginManage:310 - Check plugin memorymap
2025-10-19 09:23:08,731 [INFO] PluginManage:359 - Loaded plugin memorymap (category:base,tabindex:4)
2025-10-19 09:23:08,731 [INFO] PluginManage:310 - Check plugin pinoutandconfiguration
2025-10-19 09:23:08,740 [INFO] PluginManage:359 - Loaded plugin pinoutandconfiguration (category:base,tabindex:1)
2025-10-19 09:23:08,740 [INFO] PluginManage:310 - Check plugin pinoutconfig
2025-10-19 09:23:08,848 [WARN] SupportedApi:132 - Cannot load RTOS API schema: s4s-elt-must-match.1: The content of 'definitions' must match (annotation?, (simpleType | complexType)?, (unique | key | keyref)*)). A problem was found starting at: attribute.
2025-10-19 09:23:09,011 [INFO] PluginManage:359 - Loaded plugin pinoutconfig (category:base,tabindex:0)
2025-10-19 09:23:09,011 [INFO] PluginManage:310 - Check plugin power
2025-10-19 09:23:09,025 [INFO] PluginManage:359 - Loaded plugin power (category:power,tabindex:4)
2025-10-19 09:23:09,025 [INFO] PluginManage:310 - Check plugin projectmanager
2025-10-19 09:23:09,055 [INFO] PluginManage:359 - Loaded plugin projectmanager (category:projectmanager,tabindex:4)
2025-10-19 09:23:09,055 [INFO] PluginManage:310 - Check plugin rif
2025-10-19 09:23:09,065 [INFO] PluginManage:359 - Loaded plugin rif (category:base,tabindex:3)
2025-10-19 09:23:09,065 [INFO] PluginManage:310 - Check plugin thirdparty
2025-10-19 09:23:09,221 [INFO] PluginManage:359 - Loaded plugin thirdparty (category:base,tabindex:-1)
2025-10-19 09:23:09,222 [INFO] PluginManage:310 - Check plugin tools
2025-10-19 09:23:09,221 [WARN] IntegrityCheckThread:84 - waiting for thirdparty lock release [integrity check]
2025-10-19 09:23:09,223 [INFO] IntegrityCheckThread:86 - entering critical section [integrity check]
2025-10-19 09:23:09,224 [INFO] ThirdPartyUpdaterWithRetryManager:70 - Updater plugin not ready yet. [1/15]
2025-10-19 09:23:09,225 [INFO] PluginManage:359 - Loaded plugin tools (category:base,tabindex:7)
2025-10-19 09:23:09,225 [INFO] PluginManage:310 - Check plugin tutovideos
2025-10-19 09:23:09,479 [INFO] PluginManage:359 - Loaded plugin tutovideos (category:base,tabindex:-1)
2025-10-19 09:23:09,479 [INFO] PluginManage:310 - Check plugin updater
2025-10-19 09:23:09,509 [INFO] PluginManage:359 - Loaded plugin updater (category:base,tabindex:12)
2025-10-19 09:23:09,509 [INFO] PluginManage:310 - Check plugin userauth
2025-10-19 09:23:09,514 [INFO] UserAuth:118 - Init User Auth plugin
2025-10-19 09:23:09,515 [INFO] PluginManage:359 - Loaded plugin userauth (category:base,tabindex:14)
2025-10-19 09:23:09,516 [INFO] PluginManage:283 - PluginManage : Loaded plugins [18]
2025-10-19 09:23:09,754 [INFO] PinOutPanel:1589 - setPackage(No Configuration,No Configuration)
2025-10-19 09:23:09,840 [INFO] CADModel:165 - CPN selected for project level
2025-10-19 09:23:09,840 [INFO] CADModel:114 - Register for checkConnection events
2025-10-19 09:23:09,853 [INFO] IPUIPlugin:80 - create IPUIPlugin
2025-10-19 09:23:09,853 [INFO] PluginManager:220 - loadIPPluginJar : add usbx
2025-10-19 09:23:09,855 [INFO] IPUIPlugin:80 - create IPUIPlugin
2025-10-19 09:23:09,855 [INFO] PluginManager:220 - loadIPPluginJar : add quadspi
2025-10-19 09:23:09,856 [INFO] IPUIPlugin:80 - create IPUIPlugin
2025-10-19 09:23:09,856 [INFO] PluginManager:220 - loadIPPluginJar : add tsc
2025-10-19 09:23:09,862 [INFO] IPUIPlugin:80 - create IPUIPlugin
2025-10-19 09:23:09,862 [INFO] PluginManager:220 - loadIPPluginJar : add mdma
2025-10-19 09:23:09,864 [INFO] IPUIPlugin:80 - create IPUIPlugin
2025-10-19 09:23:09,865 [INFO] PluginManager:220 - loadIPPluginJar : add dma3
2025-10-19 09:23:09,867 [INFO] IPUIPlugin:80 - create IPUIPlugin
2025-10-19 09:23:09,867 [INFO] PluginManager:220 - loadIPPluginJar : add extmemmanager
2025-10-19 09:23:09,869 [INFO] IPUIPlugin:80 - create IPUIPlugin
2025-10-19 09:23:09,870 [INFO] PluginManager:220 - loadIPPluginJar : add aes
2025-10-19 09:23:09,873 [INFO] IPUIPlugin:80 - create IPUIPlugin
2025-10-19 09:23:09,873 [INFO] PluginManager:220 - loadIPPluginJar : add gpio
2025-10-19 09:23:09,876 [INFO] IPUIPlugin:80 - create IPUIPlugin
2025-10-19 09:23:09,876 [INFO] PluginManager:220 - loadIPPluginJar : add touchsensing
2025-10-19 09:23:09,878 [INFO] IPUIPlugin:80 - create IPUIPlugin
2025-10-19 09:23:09,878 [INFO] PluginManager:220 - loadIPPluginJar : add spi
2025-10-19 09:23:09,883 [INFO] IPUIPlugin:80 - create IPUIPlugin
2025-10-19 09:23:09,883 [INFO] PluginManager:220 - loadIPPluginJar : add opamp
2025-10-19 09:23:09,892 [INFO] IPUIPlugin:80 - create IPUIPlugin
2025-10-19 09:23:09,893 [INFO] PluginManager:220 - loadIPPluginJar : add linkedlist
2025-10-19 09:23:09,895 [INFO] IPUIPlugin:80 - create IPUIPlugin
2025-10-19 09:23:09,896 [INFO] PluginManager:220 - loadIPPluginJar : add hash
2025-10-19 09:23:09,899 [INFO] IPUIPlugin:80 - create IPUIPlugin
2025-10-19 09:23:09,899 [INFO] PluginManager:220 - loadIPPluginJar : add i2s
2025-10-19 09:23:09,903 [INFO] IPUIPlugin:80 - create IPUIPlugin
2025-10-19 09:23:09,903 [INFO] PluginManager:220 - loadIPPluginJar : add pdm2pcm
2025-10-19 09:23:09,906 [INFO] IPUIPlugin:80 - create IPUIPlugin
2025-10-19 09:23:09,907 [INFO] PluginManager:220 - loadIPPluginJar : add usart
2025-10-19 09:23:09,910 [INFO] IPUIPlugin:80 - create IPUIPlugin
2025-10-19 09:23:09,911 [INFO] PluginManager:220 - loadIPPluginJar : add openamp
2025-10-19 09:23:09,914 [INFO] IPUIPlugin:80 - create IPUIPlugin
2025-10-19 09:23:09,915 [INFO] PluginManager:220 - loadIPPluginJar : add i3c
2025-10-19 09:23:09,919 [INFO] IPUIPlugin:80 - create IPUIPlugin
2025-10-19 09:23:09,919 [INFO] PluginManager:220 - loadIPPluginJar : add resmgrutility
2025-10-19 09:23:09,926 [INFO] IPUIPlugin:80 - create IPUIPlugin
2025-10-19 09:23:09,927 [INFO] PluginManager:220 - loadIPPluginJar : add freertos
2025-10-19 09:23:09,929 [INFO] IPUIPlugin:80 - create IPUIPlugin
2025-10-19 09:23:09,929 [INFO] PluginManager:220 - loadIPPluginJar : add comp
2025-10-19 09:23:09,937 [INFO] IPUIPlugin:80 - create IPUIPlugin
2025-10-19 09:23:09,937 [INFO] PluginManager:220 - loadIPPluginJar : add gic
2025-10-19 09:23:09,946 [INFO] IPUIPlugin:80 - create IPUIPlugin
2025-10-19 09:23:09,951 [INFO] PluginManager:220 - loadIPPluginJar : add plateformsettings
2025-10-19 09:23:09,959 [INFO] IPUIPlugin:80 - create IPUIPlugin
2025-10-19 09:23:09,959 [INFO] PluginManager:220 - loadIPPluginJar : add dma
2025-10-19 09:23:09,963 [INFO] IPUIPlugin:80 - create IPUIPlugin
2025-10-19 09:23:09,964 [INFO] PluginManager:220 - loadIPPluginJar : add gtzc
2025-10-19 09:23:09,967 [INFO] IPUIPlugin:80 - create IPUIPlugin
2025-10-19 09:23:09,967 [INFO] PluginManager:220 - loadIPPluginJar : add ddr_ctrl_phy
2025-10-19 09:23:09,969 [INFO] IPUIPlugin:80 - create IPUIPlugin
2025-10-19 09:23:09,970 [INFO] PluginManager:220 - loadIPPluginJar : add genericplugin
2025-10-19 09:23:09,972 [INFO] IPUIPlugin:80 - create IPUIPlugin
2025-10-19 09:23:09,972 [INFO] PluginManager:220 - loadIPPluginJar : add ts
2025-10-19 09:23:09,981 [INFO] IPUIPlugin:80 - create IPUIPlugin
2025-10-19 09:23:09,981 [INFO] PluginManager:220 - loadIPPluginJar : add stm32_wpan
2025-10-19 09:23:09,983 [INFO] IPUIPlugin:80 - create IPUIPlugin
2025-10-19 09:23:09,983 [INFO] PluginManager:220 - loadIPPluginJar : add ucpd
2025-10-19 09:23:09,992 [INFO] IPUIPlugin:80 - create IPUIPlugin
2025-10-19 09:23:09,993 [INFO] PluginManager:220 - loadIPPluginJar : add adc
2025-10-19 09:23:09,994 [INFO] IPUIPlugin:80 - create IPUIPlugin
2025-10-19 09:23:09,995 [INFO] PluginManager:220 - loadIPPluginJar : add ltdc
2025-10-19 09:23:09,997 [INFO] IPUIPlugin:80 - create IPUIPlugin
2025-10-19 09:23:09,998 [INFO] PluginManager:220 - loadIPPluginJar : add radio
2025-10-19 09:23:10,002 [INFO] IPUIPlugin:80 - create IPUIPlugin
2025-10-19 09:23:10,002 [INFO] PluginManager:220 - loadIPPluginJar : add sai
2025-10-19 09:23:10,004 [INFO] IPUIPlugin:80 - create IPUIPlugin
2025-10-19 09:23:10,005 [INFO] PluginManager:220 - loadIPPluginJar : add tim
2025-10-19 09:23:10,009 [INFO] IPUIPlugin:80 - create IPUIPlugin
2025-10-19 09:23:10,009 [INFO] PluginManager:220 - loadIPPluginJar : add nvic
2025-10-19 09:23:10,012 [INFO] IPUIPlugin:80 - create IPUIPlugin
2025-10-19 09:23:10,013 [INFO] PluginManager:220 - loadIPPluginJar : add cryp
2025-10-19 09:23:10,016 [INFO] IPUIPlugin:80 - create IPUIPlugin
2025-10-19 09:23:10,017 [INFO] PluginManager:220 - loadIPPluginJar : add i2c
2025-10-19 09:23:10,023 [INFO] IPUIPlugin:80 - create IPUIPlugin
2025-10-19 09:23:10,023 [INFO] PluginManager:220 - loadIPPluginJar : add fmc
2025-10-19 09:23:10,025 [INFO] IPUIPlugin:80 - create IPUIPlugin
2025-10-19 09:23:10,025 [INFO] PluginManager:220 - loadIPPluginJar : add fatfs
2025-10-19 09:23:10,028 [INFO] IPUIPlugin:80 - create IPUIPlugin
2025-10-19 09:23:10,028 [INFO] PluginManager:220 - loadIPPluginJar : add can
2025-10-19 09:23:10,033 [INFO] IPUIPlugin:80 - create IPUIPlugin
2025-10-19 09:23:10,033 [INFO] PluginManager:220 - loadIPPluginJar : add ipddr
2025-10-19 09:23:10,036 [INFO] IPUIPlugin:80 - create IPUIPlugin
2025-10-19 09:23:10,036 [INFO] PluginManager:220 - loadIPPluginJar : add gfxmmu
2025-10-19 09:23:10,039 [INFO] IPUIPlugin:80 - create IPUIPlugin
2025-10-19 09:23:10,040 [INFO] PluginManager:220 - loadIPPluginJar : add tracer_emb
2025-10-19 09:23:10,043 [INFO] IPUIPlugin:80 - create IPUIPlugin
2025-10-19 09:23:10,043 [INFO] PluginManager:220 - loadIPPluginJar : add lorawan
2025-10-19 09:23:10,046 [INFO] IPUIPlugin:80 - create IPUIPlugin
2025-10-19 09:23:10,046 [INFO] PluginManager:220 - loadIPPluginJar : add dfsdm
2025-10-19 09:23:10,172 [FATAL] Updater:351 - Updater called before beeing initialized
2025-10-19 09:23:10,214 [INFO] RulesReader:64 - Compatibility file has been processed (317 Rules)
2025-10-19 09:23:10,235 [INFO] RulesReader:64 - Compatibility file has been processed (317 Rules)
2025-10-19 09:23:10,247 [INFO] CADModel:165 - CPN selected for project level
2025-10-19 09:23:10,247 [INFO] CADModel:114 - Register for checkConnection events
2025-10-19 09:23:10,247 [FATAL] Updater:351 - Updater called before beeing initialized
2025-10-19 09:23:10,247 [ERROR] CADModel:125 - Updater not yet initialized, retry later 
2025-10-19 09:23:10,505 [FATAL] Updater:351 - Updater called before beeing initialized
2025-10-19 09:23:10,509 [INFO] CADModel:165 - CPN selected for project level
2025-10-19 09:23:10,510 [INFO] CADModel:114 - Register for checkConnection events
2025-10-19 09:23:10,510 [FATAL] Updater:351 - Updater called before beeing initialized
2025-10-19 09:23:10,510 [ERROR] CADModel:125 - Updater not yet initialized, retry later 
2025-10-19 09:23:10,517 [FATAL] Updater:351 - Updater called before beeing initialized
2025-10-19 09:23:10,656 [FATAL] Updater:351 - Updater called before beeing initialized
2025-10-19 09:23:10,662 [INFO] DbMcusAds:53 - JSON generation date=Thu Oct 02 15:06:05 IST 2025 (1759397765645)
2025-10-19 09:23:10,662 [FATAL] Updater:351 - Updater called before beeing initialized
2025-10-19 09:23:10,706 [WARN] DetailPanel:346 - Failed to get advertising image, set to default
2025-10-19 09:23:10,831 [FATAL] Updater:351 - Updater called before beeing initialized
2025-10-19 09:23:10,833 [FATAL] Updater:351 - Updater called before beeing initialized
2025-10-19 09:23:10,834 [FATAL] Updater:351 - Updater called before beeing initialized
2025-10-19 09:23:10,834 [WARN] DetailPanel:346 - Failed to get advertising image, set to default
2025-10-19 09:23:10,836 [FATAL] Updater:351 - Updater called before beeing initialized
2025-10-19 09:23:10,884 [ERROR] Updater:1198 - MainUpdater not yet initialized. External WinMGr cannot be set.
2025-10-19 09:23:10,886 [INFO] Updater:1134 - Updater Version found : 6.15.0
2025-10-19 09:23:10,909 [INFO] ApplicationProperties:184 - Using Application install path: /opt/st/stm32cubeide_1.19.0/plugins/com.st.stm32cube.common.mx_6.15.0.202507011659
2025-10-19 09:23:11,234 [INFO] MainUpdater:2872 - connection check result : 10
2025-10-19 09:23:11,235 [INFO] MainUpdater:289 - Updater Check For Update Now.
2025-10-19 09:23:11,235 [INFO] MicroXplorer:498 - Change Database Version : DB.6.0.150
2025-10-19 09:23:11,243 [INFO] McuFinderGlobals:63 - Set McuFinder mode to 2 (CubeIDE integrated)
2025-10-19 09:23:11,243 [INFO] UserAuth:171 - activating auth plugin
2025-10-19 09:23:11,246 [INFO] UserAuth:487 - Internet connection configuration mode: 1
2025-10-19 09:23:11,275 [INFO] JxBrowserEngine:152 - Initiate JxBrowser Engine with user profile folder
2025-10-19 09:23:11,493 [INFO] CheckServerUpdateThread:120 - End of CheckServer Thread
2025-10-19 09:23:12,246 [INFO] WebApp:169 - Instantiating new browser for Auth
2025-10-19 09:23:12,507 [WARN] PackLoader:240 - Cannot read IP mode file for STMicroelectronics.FP-SNS-MOTENVWB1.1.4.0
2025-10-19 09:23:12,528 [WARN] PackLoader:240 - Cannot read IP mode file for STMicroelectronics.FP-ATR-ASTRA1.2.0.2
2025-10-19 09:23:12,542 [WARN] PackLoader:240 - Cannot read IP mode file for STMicroelectronics.X-CUBE-SMBUS.2.1.0
2025-10-19 09:23:12,551 [WARN] PackLoader:240 - Cannot read IP mode file for STMicroelectronics.X-CUBE-ST60.1.0.0
2025-10-19 09:23:12,660 [WARN] PackLoader:240 - Cannot read IP mode file for STMicroelectronics.X-CUBE-AZRTOS-F7.1.1.0
2025-10-19 09:23:12,682 [WARN] PackLoader:240 - Cannot read IP mode file for Cesanta.I-CUBE-Mongoose.7.19.0
2025-10-19 09:23:12,706 [WARN] PackLoader:240 - Cannot read IP mode file for WES.I-CUBE-Cesium.1.4.0
2025-10-19 09:23:12,759 [WARN] PackLoader:240 - Cannot read IP mode file for Infineon.AIROC-Wi-Fi-Bluetooth-STM32.1.7.1
2025-10-19 09:23:12,794 [WARN] PackLoader:240 - Cannot read IP mode file for STMicroelectronics.X-CUBE-DISPLAY.3.0.0
2025-10-19 09:23:12,817 [WARN] PackLoader:240 - Cannot read IP mode file for STMicroelectronics.X-CUBE-NFC10.1.0.0
2025-10-19 09:23:12,829 [WARN] PackLoader:240 - Cannot read IP mode file for STMicroelectronics.X-CUBE-ST60.1.1.0
2025-10-19 09:23:12,840 [WARN] PackLoader:240 - Cannot read IP mode file for emotas.I-CUBE-CANOPEN.1.3.0
2025-10-19 09:23:12,858 [WARN] PackLoader:240 - Cannot read IP mode file for STMicroelectronics.FP-SNS-SMARTAG2.1.2.0
2025-10-19 09:23:12,869 [WARN] PackLoader:240 - Cannot read IP mode file for STMicroelectronics.FP-SNS-FLIGHT1.5.1.0
2025-10-19 09:23:12,893 [INFO] LogOutputStream:77 - [STDOUT_REDIRECT] 1 : Invalid condition id : UX_CORESTACK_Condition cause : null
2025-10-19 09:23:12,894 [INFO] LogOutputStream:77 - [STDOUT_REDIRECT] 1 : Invalid condition id : UX_CORESTACK_Condition cause : null
2025-10-19 09:23:12,894 [INFO] LogOutputStream:77 - [STDOUT_REDIRECT] 1 : Invalid condition id : UX_CORESTACK_Condition cause : null
2025-10-19 09:23:12,895 [INFO] LogOutputStream:77 - [STDOUT_REDIRECT] 1 : Invalid condition id : UX_CORESTACK_Condition cause : null
2025-10-19 09:23:12,895 [INFO] LogOutputStream:77 - [STDOUT_REDIRECT] 1 : Invalid condition id : UX_CORESTACK_Condition cause : null
2025-10-19 09:23:12,911 [WARN] PackLoader:240 - Cannot read IP mode file for STMicroelectronics.X-CUBE-AZRTOS-WL.2.0.0
2025-10-19 09:23:12,951 [WARN] PackLoader:240 - Cannot read IP mode file for STMicroelectronics.FP-SNS-MOTENV1.5.0.0
2025-10-19 09:23:12,966 [WARN] PackLoader:240 - Cannot read IP mode file for STMicroelectronics.X-CUBE-BLE2.3.3.0
2025-10-19 09:23:12,980 [WARN] PackLoader:240 - Cannot read IP mode file for STMicroelectronics.X-CUBE-NFC9.1.0.0
2025-10-19 09:23:12,997 [WARN] PackLoader:240 - Cannot read IP mode file for STMicroelectronics.X-CUBE-BLE1.7.1.0
2025-10-19 09:23:13,005 [WARN] PackLoader:240 - Cannot read IP mode file for STMicroelectronics.X-CUBE-ST67W61.1.1.0
2025-10-19 09:23:13,029 [WARN] PackLoader:240 - Cannot read IP mode file for STMicroelectronics.X-CUBE-AZRTOS-G0.1.1.0
2025-10-19 09:23:13,040 [WARN] PackLoader:240 - Cannot read IP mode file for STMicroelectronics.X-CUBE-SAFEA1.1.2.2
2025-10-19 09:23:13,049 [WARN] PackLoader:240 - Cannot read IP mode file for STMicroelectronics.X-CUBE-NFC4.3.0.0
2025-10-19 09:23:13,081 [WARN] PackLoader:240 - Cannot read IP mode file for EmbeddedOffice.I-CUBE-FS-RTOS.1.0.1
2025-10-19 09:23:13,095 [WARN] PackLoader:240 - Cannot read IP mode file for STMicroelectronics.X-CUBE-WB05N.2.0.0
2025-10-19 09:23:13,104 [WARN] PackLoader:240 - Cannot read IP mode file for STMicroelectronics.X-CUBE-TCPP.4.2.0
2025-10-19 09:23:13,113 [WARN] PackLoader:240 - Cannot read IP mode file for RealThread.X-CUBE-RT-Thread_Nano.4.1.1
2025-10-19 09:23:13,118 [WARN] PackLoader:240 - Cannot read IP mode file for STMicroelectronics.FP-ATR-SIGFOX1.3.2.0
2025-10-19 09:23:13,125 [WARN] PackLoader:240 - Cannot read IP mode file for ITTIA_DB.I-CUBE-ITTIADB.8.9.0
2025-10-19 09:23:13,131 [WARN] PackLoader:240 - Cannot read IP mode file for STMicroelectronics.X-CUBE-ST67W61.1.0.0
2025-10-19 09:23:13,174 [WARN] PackLoader:240 - Cannot read IP mode file for SEGGER.I-CUBE-embOS.1.3.1
2025-10-19 09:23:13,269 [WARN] PackLoader:240 - Cannot read IP mode file for STMicroelectronics.X-CUBE-ALGOBUILD.1.4.0
2025-10-19 09:23:13,423 [WARN] PackLoader:240 - Cannot read IP mode file for STMicroelectronics.X-CUBE-MEMS1.11.3.0
2025-10-19 09:23:14,015 [WARN] PackLoader:240 - Cannot read IP mode file for STMicroelectronics.X-CUBE-PM33A1.1.0.0
2025-10-19 09:23:14,065 [WARN] PackLoader:240 - Cannot read IP mode file for STMicroelectronics.X-CUBE-AZRTOS-F4.1.1.0
2025-10-19 09:23:14,102 [WARN] PackLoader:240 - Cannot read IP mode file for STMicroelectronics.X-CUBE-ISPU.2.1.0
2025-10-19 09:23:14,102 [INFO] WebApp:463 - Apply proxy settings
2025-10-19 09:23:14,103 [INFO] WebApp:548 - Chromium requires no authentication
2025-10-19 09:23:14,129 [INFO] WebApp:491 - Direct internet connection detected
2025-10-19 09:23:14,146 [WARN] PackLoader:240 - Cannot read IP mode file for STMicroelectronics.X-CUBE-IPS.3.2.0
2025-10-19 09:23:14,176 [INFO] WebApp:900 - Register for checkConnection events
2025-10-19 09:23:14,176 [INFO] WebApp:463 - Apply proxy settings
2025-10-19 09:23:14,176 [INFO] WebApp:548 - Chromium requires no authentication
2025-10-19 09:23:14,193 [INFO] WebApp:491 - Direct internet connection detected
2025-10-19 09:23:14,242 [WARN] PackLoader:240 - Cannot read IP mode file for STMicroelectronics.X-CUBE-AZRTOS-L5.2.0.0
2025-10-19 09:23:14,284 [WARN] PackLoader:240 - Cannot read IP mode file for STMicroelectronics.X-CUBE-NFC6.3.1.0
2025-10-19 09:23:14,297 [WARN] PackLoader:240 - Cannot read IP mode file for STMicroelectronics.X-CUBE-FREERTOS.1.3.1
2025-10-19 09:23:14,302 [WARN] PackLoader:240 - Cannot read IP mode file for STMicroelectronics.X-CUBE-TOUCHGFX.4.26.0
2025-10-19 09:23:14,310 [WARN] PackLoader:240 - Cannot read IP mode file for STMicroelectronics.X-CUBE-DPower.1.3.0
2025-10-19 09:23:14,339 [WARN] ConditionMgr:438 - getConditionDescription Invalid condition id : LAN8742 Phy interface Condition cause : null
2025-10-19 09:23:14,340 [WARN] PackLoader:240 - Cannot read IP mode file for STMicroelectronics.X-CUBE-AZRTOS-L4.2.0.0
2025-10-19 09:23:14,343 [WARN] ConditionMgr:1044 - genDependencies : Invalid condition id : LAN8742 Phy interface Condition cause : null
2025-10-19 09:23:14,344 [WARN] ConditionMgr:1044 - genDependencies : Invalid condition id : LAN8742 Phy interface Condition cause : null
2025-10-19 09:23:14,345 [WARN] ConditionMgr:1044 - genDependencies : Invalid condition id : LAN8742 Phy interface Condition cause : null
2025-10-19 09:23:14,356 [WARN] PackLoader:240 - Cannot read IP mode file for STMicroelectronics.X-CUBE-SFXS2LP1.4.0.0
2025-10-19 09:23:14,379 [WARN] ConditionMgr:438 - getConditionDescription Invalid condition id : UX DEVICE CLASS RTOS Condition cause : null
2025-10-19 09:23:14,385 [WARN] ConditionMgr:438 - getConditionDescription Invalid condition id : UX DEVICE CLASS RTOS Condition cause : null
2025-10-19 09:23:14,391 [WARN] PackLoader:240 - Cannot read IP mode file for STMicroelectronics.X-CUBE-AZRTOS-WB.2.0.0
2025-10-19 09:23:14,392 [WARN] ConditionMgr:1044 - genDependencies : Invalid condition id : UX DEVICE CLASS RTOS Condition cause : null
2025-10-19 09:23:14,392 [WARN] ConditionMgr:1044 - genDependencies : Invalid condition id : UX DEVICE CLASS RTOS Condition cause : null
2025-10-19 09:23:14,393 [WARN] ConditionMgr:1044 - genDependencies : Invalid condition id : UX DEVICE CLASS RTOS Condition cause : null
2025-10-19 09:23:14,397 [WARN] ConditionMgr:1044 - genDependencies : Invalid condition id : UX DEVICE CLASS RTOS Condition cause : null
2025-10-19 09:23:14,397 [WARN] ConditionMgr:1044 - genDependencies : Invalid condition id : UX DEVICE CLASS RTOS Condition cause : null
2025-10-19 09:23:14,405 [WARN] PackLoader:240 - Cannot read IP mode file for STMicroelectronics.X-CUBE-GNSS1.7.0.1
2025-10-19 09:23:14,411 [WARN] PackLoader:240 - Cannot read IP mode file for STMicroelectronics.X-CUBE-TOUCHGFX.4.25.0
2025-10-19 09:23:14,416 [WARN] ConditionMgr:438 - getConditionDescription Invalid condition id : Cortex-A Device cause : null
2025-10-19 09:23:14,439 [WARN] ConditionMgr:1044 - genDependencies : Invalid condition id : Cortex-A Device cause : null
2025-10-19 09:23:14,439 [WARN] ConditionMgr:1044 - genDependencies : Invalid condition id : Cortex-A Device cause : null
2025-10-19 09:23:14,440 [WARN] ConditionMgr:1044 - genDependencies : Invalid condition id : Cortex-A Device cause : null
2025-10-19 09:23:14,475 [WARN] PackLoader:240 - Cannot read IP mode file for STMicroelectronics.X-CUBE-SUBG2.5.0.0
2025-10-19 09:23:14,558 [WARN] PackLoader:240 - Cannot read IP mode file for STMicroelectronics.X-CUBE-AZRTOS-H7RS.1.1.0
2025-10-19 09:23:14,566 [INFO] WebApp:191 - Connection restablished
2025-10-19 09:23:14,589 [WARN] PackLoader:240 - Cannot read IP mode file for STMicroelectronics.X-CUBE-AZRTOS-G4.2.0.0
2025-10-19 09:23:14,598 [WARN] PackLoader:240 - Cannot read IP mode file for STMicroelectronics.X-CUBE-NFC7.2.0.0
2025-10-19 09:23:14,633 [WARN] PackLoader:240 - Cannot read IP mode file for STMicroelectronics.X-CUBE-IPS.3.1.0
2025-10-19 09:23:14,655 [WARN] PackLoader:240 - Cannot read IP mode file for STMicroelectronics.X-CUBE-ALS.1.0.2
2025-10-19 09:23:14,670 [WARN] PackLoader:240 - Cannot read IP mode file for STMicroelectronics.X-CUBE-STSE01.1.0.0
2025-10-19 09:23:14,677 [WARN] PackLoader:240 - Cannot read IP mode file for portGmbH.I-Cube-SoM-uGOAL.1.1.0
2025-10-19 09:23:14,696 [WARN] PackLoader:240 - Cannot read IP mode file for STMicroelectronics.X-CUBE-TOF1.3.4.3
2025-10-19 09:23:14,723 [INFO] ThirdParty:978 - Integrity check success = true
2025-10-19 09:23:14,723 [INFO] IntegrityCheckThread:100 - exiting critical section [integrity check]
2025-10-19 09:23:14,723 [INFO] IntegrityCheckThread:103 - End integrity checks thread
2025-10-19 09:23:14,757 [INFO] WebApp:225 - Starting web application
2025-10-19 09:23:14,757 [INFO] WebApp:593 - Web application path used /opt/st/stm32cubeide_1.19.0/plugins/com.st.stm32cube.common.mx_6.15.0.202507011659/db/plugins/mcufinder/reactClient1/index.html
2025-10-19 10:08:24,348 [INFO] WebApp:194 - Connection lost
2025-10-19 10:08:44,465 [INFO] WebApp:191 - Connection restablished
2025-10-19 14:02:05,878 [INFO] WebApp:194 - Connection lost
2025-10-19 14:02:30,271 [INFO] WebApp:191 - Connection restablished
2025-10-19 15:06:27,599 [INFO] WebApp:194 - Connection lost
2025-10-19 15:11:27,124 [INFO] WebApp:191 - Connection restablished
