2025-10-29 17:17:18,476 [INFO] Activator:176 - 


2025-10-29 17:17:18,480 [INFO] Activator:177 - !SESSION log4j initialized
2025-10-29 17:17:24,442 [INFO] LogOutputStream:77 - [STDOUT_REDIRECT] 
2025-10-29 17:17:26,110 [INFO] ApplicationProperties:184 - Using Application install path: /opt/st/stm32cubeide_1.19.0/plugins/com.st.stm32cube.common.mx_6.15.0.202507011659
2025-10-29 17:17:26,142 [INFO] DbMcusXml:78 - Set database path to: /opt/st/stm32cubeide_1.19.0/plugins/com.st.stm32cube.common.mx_6.15.0.202507011659//db//mcu/
2025-10-29 17:17:26,143 [INFO] ApiDb:274 - Set plugin database path to: /opt/st/stm32cubeide_1.19.0/plugins/com.st.stm32cube.common.mx_6.15.0.202507011659//db//plugins/boardmanager/
2025-10-29 17:17:26,144 [WARN] ApiDb:259 - Overriding images path with different value:  => /opt/st/stm32cubeide_1.19.0/plugins/com.st.stm32cube.common.mx_6.15.0.202507011659//db//plugins/mcufinder/images/
2025-10-29 17:17:26,156 [INFO] ApiDb:250 - Set database path to: /home/ankith/.stmcufinder/plugins/mcufinder//mcu/
2025-10-29 17:17:26,158 [INFO] DbMcusAds:125 - Set database path to: /home/ankith/.stmcufinder/plugins/mcufinder//mcu/
2025-10-29 17:17:26,162 [INFO] CrossReferenceDbSqlite:203 - Set database path to: /home/ankith/.stmcufinder/plugins/mcufinder//mcu/cs/
2025-10-29 17:17:26,432 [INFO] RulesReader:64 - Compatibility file has been processed (317 Rules)
2025-10-29 17:17:26,601 [INFO] DbMcusXml:78 - Set database path to: /opt/st/stm32cubeide_1.19.0/plugins/com.st.stm32cube.common.mx_6.15.0.202507011659//db//mcu/
2025-10-29 17:17:26,601 [INFO] ApiDb:274 - Set plugin database path to: /opt/st/stm32cubeide_1.19.0/plugins/com.st.stm32cube.common.mx_6.15.0.202507011659//db//plugins/boardmanager/
2025-10-29 17:17:26,601 [INFO] ApiDb:261 - Set plugin images path to: /opt/st/stm32cubeide_1.19.0/plugins/com.st.stm32cube.common.mx_6.15.0.202507011659//db//plugins/mcufinder/images/
2025-10-29 17:17:26,602 [WARN] DbFile:41 - Overriding database path with different value: /home/ankith/.stmcufinder/plugins/mcufinder/ => /home/ankith/.stmcufinder/plugins/mcufinder
2025-10-29 17:17:26,602 [INFO] ApiDb:250 - Set database path to: /home/ankith/.stmcufinder/plugins/mcufinder//mcu/
2025-10-29 17:17:26,602 [WARN] DbFile:41 - Overriding database path with different value: /home/ankith/.stmcufinder/plugins/mcufinder/ => /home/ankith/.stmcufinder/plugins/mcufinder
2025-10-29 17:17:26,603 [INFO] DbMcusAds:125 - Set database path to: /home/ankith/.stmcufinder/plugins/mcufinder//mcu/
2025-10-29 17:17:26,603 [WARN] DbFile:41 - Overriding database path with different value: /home/ankith/.stmcufinder/plugins/mcufinder/ => /home/ankith/.stmcufinder/plugins/mcufinder
2025-10-29 17:17:26,603 [WARN] DbFile:41 - Overriding database path with different value: /home/ankith/.stmcufinder/plugins/mcufinder/ => /home/ankith/.stmcufinder/plugins/mcufinder
2025-10-29 17:17:26,603 [INFO] CrossReferenceDbSqlite:203 - Set database path to: /home/ankith/.stmcufinder/plugins/mcufinder//mcu/cs/
2025-10-29 17:17:26,792 [INFO] MainPanel:274 - HeapMemory: 268435456
2025-10-29 17:17:27,045 [INFO] DbMcusXml:78 - Set database path to: /opt/st/stm32cubeide_1.19.0/plugins/com.st.stm32cube.common.mx_6.15.0.202507011659//db//mcu/
2025-10-29 17:17:27,045 [INFO] ApiDb:274 - Set plugin database path to: /opt/st/stm32cubeide_1.19.0/plugins/com.st.stm32cube.common.mx_6.15.0.202507011659//db//plugins/boardmanager/
2025-10-29 17:17:27,045 [INFO] ApiDb:261 - Set plugin images path to: /opt/st/stm32cubeide_1.19.0/plugins/com.st.stm32cube.common.mx_6.15.0.202507011659//db//plugins/mcufinder/images/
2025-10-29 17:17:27,046 [WARN] DbFile:41 - Overriding database path with different value: /home/ankith/.stmcufinder/plugins/mcufinder/ => /home/ankith/.stmcufinder/plugins/mcufinder
2025-10-29 17:17:27,046 [INFO] ApiDb:250 - Set database path to: /home/ankith/.stmcufinder/plugins/mcufinder//mcu/
2025-10-29 17:17:27,046 [WARN] DbFile:41 - Overriding database path with different value: /home/ankith/.stmcufinder/plugins/mcufinder/ => /home/ankith/.stmcufinder/plugins/mcufinder
2025-10-29 17:17:27,047 [INFO] DbMcusAds:125 - Set database path to: /home/ankith/.stmcufinder/plugins/mcufinder//mcu/
2025-10-29 17:17:27,047 [WARN] DbFile:41 - Overriding database path with different value: /home/ankith/.stmcufinder/plugins/mcufinder/ => /home/ankith/.stmcufinder/plugins/mcufinder
2025-10-29 17:17:27,047 [WARN] DbFile:41 - Overriding database path with different value: /home/ankith/.stmcufinder/plugins/mcufinder/ => /home/ankith/.stmcufinder/plugins/mcufinder
2025-10-29 17:17:27,047 [INFO] CrossReferenceDbSqlite:203 - Set database path to: /home/ankith/.stmcufinder/plugins/mcufinder//mcu/cs/
2025-10-29 17:17:27,074 [INFO] ApplicationProperties:184 - Using Application install path: /opt/st/stm32cubeide_1.19.0/plugins/com.st.stm32cube.common.mx_6.15.0.202507011659
2025-10-29 17:17:27,077 [INFO] PluginManage:196 - Search for loadable plugins [exclusion list=, ]
2025-10-29 17:17:27,079 [INFO] PluginManage:310 - Check plugin analytics
2025-10-29 17:17:27,366 [INFO] AnalyticsPlugin:253 - Accepted Software Licenses: 
2025-10-29 17:17:27,366 [INFO] AnalyticsPlugin:255 - Accepted CMSIS Pack Licenses: 
2025-10-29 17:17:27,366 [INFO] AnalyticsPlugin:257 - Accepted Firmware Licenses: 
2025-10-29 17:17:27,370 [INFO] PluginManage:359 - Loaded plugin analytics (category:tool,tabindex:-1)
2025-10-29 17:17:27,371 [INFO] PluginManage:310 - Check plugin cadmodel
2025-10-29 17:17:27,385 [INFO] CADModel:105 - Init CAD model plugin
2025-10-29 17:17:27,385 [INFO] PluginManage:359 - Loaded plugin cadmodel (category:power,tabindex:5)
2025-10-29 17:17:27,385 [INFO] PluginManage:310 - Check plugin clock
2025-10-29 17:17:27,406 [INFO] PluginManage:359 - Loaded plugin clock (category:base,tabindex:2)
2025-10-29 17:17:27,406 [INFO] PluginManage:310 - Check plugin ddr
2025-10-29 17:17:27,410 [INFO] PluginManage:359 - Loaded plugin ddr (category:tool,tabindex:6)
2025-10-29 17:17:27,410 [INFO] PluginManage:310 - Check plugin filemanager
2025-10-29 17:17:27,600 [INFO] PluginManage:359 - Loaded plugin filemanager (category:base,tabindex:10)
2025-10-29 17:17:27,600 [INFO] PluginManage:310 - Check plugin ipmanager
2025-10-29 17:17:27,607 [INFO] PluginManage:359 - Loaded plugin ipmanager (category:base,tabindex:5)
2025-10-29 17:17:27,608 [INFO] PluginManage:310 - Check plugin lpbam
2025-10-29 17:17:27,619 [INFO] PluginManage:359 - Loaded plugin lpbam (category:base,tabindex:0)
2025-10-29 17:17:27,619 [INFO] PluginManage:310 - Check plugin memorymap
2025-10-29 17:17:27,634 [INFO] PluginManage:359 - Loaded plugin memorymap (category:base,tabindex:4)
2025-10-29 17:17:27,634 [INFO] PluginManage:310 - Check plugin pinoutandconfiguration
2025-10-29 17:17:27,645 [INFO] PluginManage:359 - Loaded plugin pinoutandconfiguration (category:base,tabindex:1)
2025-10-29 17:17:27,646 [INFO] PluginManage:310 - Check plugin pinoutconfig
2025-10-29 17:17:27,757 [WARN] SupportedApi:132 - Cannot load RTOS API schema: s4s-elt-must-match.1: The content of 'definitions' must match (annotation?, (simpleType | complexType)?, (unique | key | keyref)*)). A problem was found starting at: attribute.
2025-10-29 17:17:27,933 [INFO] PluginManage:359 - Loaded plugin pinoutconfig (category:base,tabindex:0)
2025-10-29 17:17:27,934 [INFO] PluginManage:310 - Check plugin power
2025-10-29 17:17:27,947 [INFO] PluginManage:359 - Loaded plugin power (category:power,tabindex:4)
2025-10-29 17:17:27,947 [INFO] PluginManage:310 - Check plugin projectmanager
2025-10-29 17:17:27,969 [INFO] PluginManage:359 - Loaded plugin projectmanager (category:projectmanager,tabindex:4)
2025-10-29 17:17:27,969 [INFO] PluginManage:310 - Check plugin rif
2025-10-29 17:17:27,987 [INFO] PluginManage:359 - Loaded plugin rif (category:base,tabindex:3)
2025-10-29 17:17:27,987 [INFO] PluginManage:310 - Check plugin thirdparty
2025-10-29 17:17:28,157 [WARN] IntegrityCheckThread:84 - waiting for thirdparty lock release [integrity check]
2025-10-29 17:17:28,158 [INFO] IntegrityCheckThread:86 - entering critical section [integrity check]
2025-10-29 17:17:28,159 [INFO] ThirdPartyUpdaterWithRetryManager:70 - Updater plugin not ready yet. [1/15]
2025-10-29 17:17:28,159 [INFO] PluginManage:359 - Loaded plugin thirdparty (category:base,tabindex:-1)
2025-10-29 17:17:28,159 [INFO] PluginManage:310 - Check plugin tools
2025-10-29 17:17:28,162 [INFO] PluginManage:359 - Loaded plugin tools (category:base,tabindex:7)
2025-10-29 17:17:28,162 [INFO] PluginManage:310 - Check plugin tutovideos
2025-10-29 17:17:28,442 [INFO] PluginManage:359 - Loaded plugin tutovideos (category:base,tabindex:-1)
2025-10-29 17:17:28,443 [INFO] PluginManage:310 - Check plugin updater
2025-10-29 17:17:28,474 [INFO] PluginManage:359 - Loaded plugin updater (category:base,tabindex:12)
2025-10-29 17:17:28,474 [INFO] PluginManage:310 - Check plugin userauth
2025-10-29 17:17:28,479 [INFO] UserAuth:118 - Init User Auth plugin
2025-10-29 17:17:28,480 [INFO] PluginManage:359 - Loaded plugin userauth (category:base,tabindex:14)
2025-10-29 17:17:28,481 [INFO] PluginManage:283 - PluginManage : Loaded plugins [18]
2025-10-29 17:17:28,753 [INFO] PinOutPanel:1589 - setPackage(No Configuration,No Configuration)
2025-10-29 17:17:28,850 [INFO] CADModel:165 - CPN selected for project level
2025-10-29 17:17:28,851 [INFO] CADModel:114 - Register for checkConnection events
2025-10-29 17:17:28,871 [INFO] IPUIPlugin:80 - create IPUIPlugin
2025-10-29 17:17:28,872 [INFO] PluginManager:220 - loadIPPluginJar : add usbx
2025-10-29 17:17:28,874 [INFO] IPUIPlugin:80 - create IPUIPlugin
2025-10-29 17:17:28,875 [INFO] PluginManager:220 - loadIPPluginJar : add quadspi
2025-10-29 17:17:28,877 [INFO] IPUIPlugin:80 - create IPUIPlugin
2025-10-29 17:17:28,877 [INFO] PluginManager:220 - loadIPPluginJar : add tsc
2025-10-29 17:17:28,887 [INFO] IPUIPlugin:80 - create IPUIPlugin
2025-10-29 17:17:28,888 [INFO] PluginManager:220 - loadIPPluginJar : add mdma
2025-10-29 17:17:28,891 [INFO] IPUIPlugin:80 - create IPUIPlugin
2025-10-29 17:17:28,891 [INFO] PluginManager:220 - loadIPPluginJar : add dma3
2025-10-29 17:17:28,895 [INFO] IPUIPlugin:80 - create IPUIPlugin
2025-10-29 17:17:28,895 [INFO] PluginManager:220 - loadIPPluginJar : add extmemmanager
2025-10-29 17:17:28,899 [INFO] IPUIPlugin:80 - create IPUIPlugin
2025-10-29 17:17:28,899 [INFO] PluginManager:220 - loadIPPluginJar : add aes
2025-10-29 17:17:28,905 [INFO] IPUIPlugin:80 - create IPUIPlugin
2025-10-29 17:17:28,906 [INFO] PluginManager:220 - loadIPPluginJar : add gpio
2025-10-29 17:17:28,910 [INFO] IPUIPlugin:80 - create IPUIPlugin
2025-10-29 17:17:28,910 [INFO] PluginManager:220 - loadIPPluginJar : add touchsensing
2025-10-29 17:17:28,913 [INFO] IPUIPlugin:80 - create IPUIPlugin
2025-10-29 17:17:28,914 [INFO] PluginManager:220 - loadIPPluginJar : add spi
2025-10-29 17:17:28,919 [INFO] IPUIPlugin:80 - create IPUIPlugin
2025-10-29 17:17:28,920 [INFO] PluginManager:220 - loadIPPluginJar : add opamp
2025-10-29 17:17:28,929 [INFO] IPUIPlugin:80 - create IPUIPlugin
2025-10-29 17:17:28,930 [INFO] PluginManager:220 - loadIPPluginJar : add linkedlist
2025-10-29 17:17:28,933 [INFO] IPUIPlugin:80 - create IPUIPlugin
2025-10-29 17:17:28,933 [INFO] PluginManager:220 - loadIPPluginJar : add hash
2025-10-29 17:17:28,938 [INFO] IPUIPlugin:80 - create IPUIPlugin
2025-10-29 17:17:28,938 [INFO] PluginManager:220 - loadIPPluginJar : add i2s
2025-10-29 17:17:28,943 [INFO] IPUIPlugin:80 - create IPUIPlugin
2025-10-29 17:17:28,943 [INFO] PluginManager:220 - loadIPPluginJar : add pdm2pcm
2025-10-29 17:17:28,947 [INFO] IPUIPlugin:80 - create IPUIPlugin
2025-10-29 17:17:28,947 [INFO] PluginManager:220 - loadIPPluginJar : add usart
2025-10-29 17:17:28,951 [INFO] IPUIPlugin:80 - create IPUIPlugin
2025-10-29 17:17:28,952 [INFO] PluginManager:220 - loadIPPluginJar : add openamp
2025-10-29 17:17:28,956 [INFO] IPUIPlugin:80 - create IPUIPlugin
2025-10-29 17:17:28,956 [INFO] PluginManager:220 - loadIPPluginJar : add i3c
2025-10-29 17:17:28,961 [INFO] IPUIPlugin:80 - create IPUIPlugin
2025-10-29 17:17:28,961 [INFO] PluginManager:220 - loadIPPluginJar : add resmgrutility
2025-10-29 17:17:28,970 [INFO] IPUIPlugin:80 - create IPUIPlugin
2025-10-29 17:17:28,970 [INFO] PluginManager:220 - loadIPPluginJar : add freertos
2025-10-29 17:17:28,972 [INFO] IPUIPlugin:80 - create IPUIPlugin
2025-10-29 17:17:28,973 [INFO] PluginManager:220 - loadIPPluginJar : add comp
2025-10-29 17:17:28,981 [INFO] IPUIPlugin:80 - create IPUIPlugin
2025-10-29 17:17:28,982 [INFO] PluginManager:220 - loadIPPluginJar : add gic
2025-10-29 17:17:28,992 [INFO] IPUIPlugin:80 - create IPUIPlugin
2025-10-29 17:17:28,995 [INFO] PluginManager:220 - loadIPPluginJar : add plateformsettings
2025-10-29 17:17:29,004 [INFO] IPUIPlugin:80 - create IPUIPlugin
2025-10-29 17:17:29,004 [INFO] PluginManager:220 - loadIPPluginJar : add dma
2025-10-29 17:17:29,009 [INFO] IPUIPlugin:80 - create IPUIPlugin
2025-10-29 17:17:29,009 [INFO] PluginManager:220 - loadIPPluginJar : add gtzc
2025-10-29 17:17:29,013 [INFO] IPUIPlugin:80 - create IPUIPlugin
2025-10-29 17:17:29,014 [INFO] PluginManager:220 - loadIPPluginJar : add ddr_ctrl_phy
2025-10-29 17:17:29,016 [INFO] IPUIPlugin:80 - create IPUIPlugin
2025-10-29 17:17:29,016 [INFO] PluginManager:220 - loadIPPluginJar : add genericplugin
2025-10-29 17:17:29,019 [INFO] IPUIPlugin:80 - create IPUIPlugin
2025-10-29 17:17:29,019 [INFO] PluginManager:220 - loadIPPluginJar : add ts
2025-10-29 17:17:29,029 [INFO] IPUIPlugin:80 - create IPUIPlugin
2025-10-29 17:17:29,029 [INFO] PluginManager:220 - loadIPPluginJar : add stm32_wpan
2025-10-29 17:17:29,032 [INFO] IPUIPlugin:80 - create IPUIPlugin
2025-10-29 17:17:29,032 [INFO] PluginManager:220 - loadIPPluginJar : add ucpd
2025-10-29 17:17:29,041 [INFO] IPUIPlugin:80 - create IPUIPlugin
2025-10-29 17:17:29,041 [INFO] PluginManager:220 - loadIPPluginJar : add adc
2025-10-29 17:17:29,043 [INFO] IPUIPlugin:80 - create IPUIPlugin
2025-10-29 17:17:29,043 [INFO] PluginManager:220 - loadIPPluginJar : add ltdc
2025-10-29 17:17:29,046 [INFO] IPUIPlugin:80 - create IPUIPlugin
2025-10-29 17:17:29,047 [INFO] PluginManager:220 - loadIPPluginJar : add radio
2025-10-29 17:17:29,051 [INFO] IPUIPlugin:80 - create IPUIPlugin
2025-10-29 17:17:29,052 [INFO] PluginManager:220 - loadIPPluginJar : add sai
2025-10-29 17:17:29,054 [INFO] IPUIPlugin:80 - create IPUIPlugin
2025-10-29 17:17:29,054 [INFO] PluginManager:220 - loadIPPluginJar : add tim
2025-10-29 17:17:29,060 [INFO] IPUIPlugin:80 - create IPUIPlugin
2025-10-29 17:17:29,060 [INFO] PluginManager:220 - loadIPPluginJar : add nvic
2025-10-29 17:17:29,064 [INFO] IPUIPlugin:80 - create IPUIPlugin
2025-10-29 17:17:29,064 [INFO] PluginManager:220 - loadIPPluginJar : add cryp
2025-10-29 17:17:29,068 [INFO] IPUIPlugin:80 - create IPUIPlugin
2025-10-29 17:17:29,068 [INFO] PluginManager:220 - loadIPPluginJar : add i2c
2025-10-29 17:17:29,075 [INFO] IPUIPlugin:80 - create IPUIPlugin
2025-10-29 17:17:29,075 [INFO] PluginManager:220 - loadIPPluginJar : add fmc
2025-10-29 17:17:29,077 [INFO] IPUIPlugin:80 - create IPUIPlugin
2025-10-29 17:17:29,077 [INFO] PluginManager:220 - loadIPPluginJar : add fatfs
2025-10-29 17:17:29,081 [INFO] IPUIPlugin:80 - create IPUIPlugin
2025-10-29 17:17:29,081 [INFO] PluginManager:220 - loadIPPluginJar : add can
2025-10-29 17:17:29,086 [INFO] IPUIPlugin:80 - create IPUIPlugin
2025-10-29 17:17:29,086 [INFO] PluginManager:220 - loadIPPluginJar : add ipddr
2025-10-29 17:17:29,089 [INFO] IPUIPlugin:80 - create IPUIPlugin
2025-10-29 17:17:29,089 [INFO] PluginManager:220 - loadIPPluginJar : add gfxmmu
2025-10-29 17:17:29,092 [INFO] IPUIPlugin:80 - create IPUIPlugin
2025-10-29 17:17:29,092 [INFO] PluginManager:220 - loadIPPluginJar : add tracer_emb
2025-10-29 17:17:29,095 [INFO] IPUIPlugin:80 - create IPUIPlugin
2025-10-29 17:17:29,096 [INFO] PluginManager:220 - loadIPPluginJar : add lorawan
2025-10-29 17:17:29,099 [INFO] IPUIPlugin:80 - create IPUIPlugin
2025-10-29 17:17:29,099 [INFO] PluginManager:220 - loadIPPluginJar : add dfsdm
2025-10-29 17:17:29,221 [FATAL] Updater:351 - Updater called before beeing initialized
2025-10-29 17:17:29,265 [INFO] RulesReader:64 - Compatibility file has been processed (317 Rules)
2025-10-29 17:17:29,284 [INFO] RulesReader:64 - Compatibility file has been processed (317 Rules)
2025-10-29 17:17:29,295 [INFO] CADModel:165 - CPN selected for project level
2025-10-29 17:17:29,295 [INFO] CADModel:114 - Register for checkConnection events
2025-10-29 17:17:29,295 [FATAL] Updater:351 - Updater called before beeing initialized
2025-10-29 17:17:29,295 [ERROR] CADModel:125 - Updater not yet initialized, retry later 
2025-10-29 17:17:29,475 [FATAL] Updater:351 - Updater called before beeing initialized
2025-10-29 17:17:29,477 [INFO] CADModel:165 - CPN selected for project level
2025-10-29 17:17:29,477 [INFO] CADModel:114 - Register for checkConnection events
2025-10-29 17:17:29,477 [FATAL] Updater:351 - Updater called before beeing initialized
2025-10-29 17:17:29,477 [ERROR] CADModel:125 - Updater not yet initialized, retry later 
2025-10-29 17:17:29,481 [FATAL] Updater:351 - Updater called before beeing initialized
2025-10-29 17:17:29,603 [FATAL] Updater:351 - Updater called before beeing initialized
2025-10-29 17:17:29,608 [INFO] DbMcusAds:53 - JSON generation date=Thu Oct 02 15:06:05 IST 2025 (1759397765645)
2025-10-29 17:17:29,608 [FATAL] Updater:351 - Updater called before beeing initialized
2025-10-29 17:17:29,648 [WARN] DetailPanel:346 - Failed to get advertising image, set to default
2025-10-29 17:17:29,741 [FATAL] Updater:351 - Updater called before beeing initialized
2025-10-29 17:17:29,743 [FATAL] Updater:351 - Updater called before beeing initialized
2025-10-29 17:17:29,743 [FATAL] Updater:351 - Updater called before beeing initialized
2025-10-29 17:17:29,743 [WARN] DetailPanel:346 - Failed to get advertising image, set to default
2025-10-29 17:17:29,744 [FATAL] Updater:351 - Updater called before beeing initialized
2025-10-29 17:17:29,797 [ERROR] Updater:1198 - MainUpdater not yet initialized. External WinMGr cannot be set.
2025-10-29 17:17:29,799 [INFO] Updater:1134 - Updater Version found : 6.15.0
2025-10-29 17:17:29,823 [INFO] ApplicationProperties:184 - Using Application install path: /opt/st/stm32cubeide_1.19.0/plugins/com.st.stm32cube.common.mx_6.15.0.202507011659
2025-10-29 17:17:30,311 [INFO] MainUpdater:2872 - connection check result : 10
2025-10-29 17:17:30,312 [INFO] MainUpdater:3604 - Updater definition file requires update
2025-10-29 17:17:30,314 [INFO] MainUpdater:289 - Updater Check For Update Now.
2025-10-29 17:17:30,315 [INFO] MicroXplorer:498 - Change Database Version : DB.6.0.150
2025-10-29 17:17:30,328 [INFO] McuFinderGlobals:63 - Set McuFinder mode to 2 (CubeIDE integrated)
2025-10-29 17:17:30,328 [INFO] UserAuth:171 - activating auth plugin
2025-10-29 17:17:30,335 [INFO] UserAuth:487 - Internet connection configuration mode: 1
2025-10-29 17:17:30,357 [INFO] ServerAccessManage:452 - Complete download http(s) 200
2025-10-29 17:17:30,359 [INFO] ServerAccessManage:509 - Download File updaters.zip
2025-10-29 17:17:30,382 [INFO] JxBrowserEngine:152 - Initiate JxBrowser Engine with user profile folder
2025-10-29 17:17:30,569 [INFO] FileExtend:248 - Unzip File : updaters.zip
2025-10-29 17:17:30,570 [INFO] FileExtend:263 - Standard Zip Deflate
2025-10-29 17:17:30,896 [INFO] ServerAccessManage:452 - Complete download http(s) 200
2025-10-29 17:17:30,897 [INFO] ServerAccessManage:509 - Download File PacksControlFlags.xml
2025-10-29 17:17:31,076 [INFO] ServerAccessManage:452 - Complete download http(s) 200
2025-10-29 17:17:31,077 [INFO] ServerAccessManage:509 - Download File cubemx.pidx
2025-10-29 17:17:31,160 [WARN] MainUpdater:1193 - Updater busy. Cannot search thirdparties
2025-10-29 17:17:31,160 [INFO] ThirdPartyUpdaterWithRetryManager:96 - Updater plugin is busy. [1/15]
2025-10-29 17:17:31,575 [INFO] ServerAccessManage:452 - Complete download http(s) 200
2025-10-29 17:17:31,576 [INFO] ServerAccessManage:509 - Download File STMicroelectronics.FP-SNS-MOTENV1.pdsc
2025-10-29 17:17:32,321 [INFO] ServerAccessManage:452 - Complete download http(s) 200
2025-10-29 17:17:32,321 [INFO] ServerAccessManage:509 - Download File STMicroelectronics.X-CUBE-GNSS1.pdsc
2025-10-29 17:17:32,985 [ERROR] ServerAccessManage:1212 - Problem, file not found on Server
2025-10-29 17:17:33,017 [INFO] WebApp:169 - Instantiating new browser for Auth
2025-10-29 17:17:33,416 [ERROR] ServerAccessManage:1212 - Problem, file not found on Server
2025-10-29 17:17:33,827 [ERROR] ServerAccessManage:1212 - Problem, file not found on Server
2025-10-29 17:17:34,160 [WARN] MainUpdater:1193 - Updater busy. Cannot search thirdparties
2025-10-29 17:17:34,161 [INFO] ThirdPartyUpdaterWithRetryManager:96 - Updater plugin is busy. [2/15]
2025-10-29 17:17:34,243 [ERROR] ServerAccessManage:1212 - Problem, file not found on Server
2025-10-29 17:17:34,489 [INFO] WebApp:463 - Apply proxy settings
2025-10-29 17:17:34,489 [INFO] WebApp:548 - Chromium requires no authentication
2025-10-29 17:17:34,525 [INFO] WebApp:491 - Direct internet connection detected
2025-10-29 17:17:34,589 [INFO] WebApp:900 - Register for checkConnection events
2025-10-29 17:17:34,590 [INFO] WebApp:463 - Apply proxy settings
2025-10-29 17:17:34,591 [INFO] WebApp:548 - Chromium requires no authentication
2025-10-29 17:17:34,596 [INFO] WebApp:491 - Direct internet connection detected
2025-10-29 17:17:34,671 [ERROR] ServerAccessManage:1212 - Problem, file not found on Server
2025-10-29 17:17:34,853 [ERROR] ServerAccessManage:1212 - Problem, file not found on Server
2025-10-29 17:17:35,102 [INFO] WebApp:225 - Starting web application
2025-10-29 17:17:35,103 [INFO] WebApp:593 - Web application path used /opt/st/stm32cubeide_1.19.0/plugins/com.st.stm32cube.common.mx_6.15.0.202507011659/db/plugins/mcufinder/reactClient1/index.html
2025-10-29 17:17:35,263 [INFO] WebApp:191 - Connection restablished
2025-10-29 17:17:37,161 [WARN] MainUpdater:1193 - Updater busy. Cannot search thirdparties
2025-10-29 17:17:37,161 [INFO] ThirdPartyUpdaterWithRetryManager:96 - Updater plugin is busy. [3/15]
2025-10-29 17:17:37,306 [WARN] PackLoader:240 - Cannot read IP mode file for STMicroelectronics.FP-SNS-MOTENV1.5.1.0
2025-10-29 17:17:37,341 [WARN] PackLoader:240 - Cannot read IP mode file for STMicroelectronics.X-CUBE-GNSS1.7.1.0
2025-10-29 17:17:37,355 [INFO] PopulateThirdPartyThread:66 - Ending populate Thread
2025-10-29 17:17:37,356 [INFO] ThirdParty:1030 - CMSIS Pack Vendor :STMicroelectronics X-CUBE-GNSS1 7.1.0
2025-10-29 17:17:37,357 [INFO] ThirdParty:1030 - CMSIS Pack Vendor :STMicroelectronics FP-SNS-MOTENV1 5.1.0
2025-10-29 17:17:37,357 [INFO] LoadServerUpdatesThread:375 - End of LoadServerUpdate Thread
2025-10-29 17:17:37,479 [INFO] CheckServerUpdateThread:120 - End of CheckServer Thread
2025-10-29 17:17:40,426 [WARN] PackLoader:240 - Cannot read IP mode file for STMicroelectronics.FP-SNS-MOTENVWB1.1.4.0
2025-10-29 17:17:40,430 [WARN] PackLoader:240 - Cannot read IP mode file for STMicroelectronics.FP-ATR-ASTRA1.2.0.2
2025-10-29 17:17:40,435 [WARN] PackLoader:240 - Cannot read IP mode file for STMicroelectronics.X-CUBE-SMBUS.2.1.0
2025-10-29 17:17:40,440 [WARN] PackLoader:240 - Cannot read IP mode file for STMicroelectronics.X-CUBE-ST60.1.0.0
2025-10-29 17:17:40,479 [WARN] PackLoader:240 - Cannot read IP mode file for STMicroelectronics.X-CUBE-AZRTOS-F7.1.1.0
2025-10-29 17:17:40,489 [WARN] PackLoader:240 - Cannot read IP mode file for Cesanta.I-CUBE-Mongoose.7.19.0
2025-10-29 17:17:40,493 [WARN] PackLoader:240 - Cannot read IP mode file for STMicroelectronics.FP-SNS-MOTENV1.5.1.0
2025-10-29 17:17:40,505 [WARN] PackLoader:240 - Cannot read IP mode file for WES.I-CUBE-Cesium.1.4.0
2025-10-29 17:17:40,540 [WARN] PackLoader:240 - Cannot read IP mode file for Infineon.AIROC-Wi-Fi-Bluetooth-STM32.1.7.1
2025-10-29 17:17:40,557 [WARN] PackLoader:240 - Cannot read IP mode file for STMicroelectronics.X-CUBE-DISPLAY.3.0.0
2025-10-29 17:17:40,573 [WARN] PackLoader:240 - Cannot read IP mode file for STMicroelectronics.X-CUBE-NFC10.1.0.0
2025-10-29 17:17:40,582 [WARN] PackLoader:240 - Cannot read IP mode file for STMicroelectronics.X-CUBE-ST60.1.1.0
2025-10-29 17:17:40,589 [WARN] PackLoader:240 - Cannot read IP mode file for emotas.I-CUBE-CANOPEN.1.3.0
2025-10-29 17:17:40,595 [WARN] PackLoader:240 - Cannot read IP mode file for STMicroelectronics.X-CUBE-GNSS1.7.1.0
2025-10-29 17:17:40,602 [WARN] PackLoader:240 - Cannot read IP mode file for STMicroelectronics.FP-SNS-SMARTAG2.1.2.0
2025-10-29 17:17:40,607 [WARN] PackLoader:240 - Cannot read IP mode file for STMicroelectronics.FP-SNS-FLIGHT1.5.1.0
2025-10-29 17:17:40,618 [INFO] LogOutputStream:77 - [STDOUT_REDIRECT] 1 : Invalid condition id : UX_CORESTACK_Condition cause : null
2025-10-29 17:17:40,619 [INFO] LogOutputStream:77 - [STDOUT_REDIRECT] 1 : Invalid condition id : UX_CORESTACK_Condition cause : null
2025-10-29 17:17:40,619 [INFO] LogOutputStream:77 - [STDOUT_REDIRECT] 1 : Invalid condition id : UX_CORESTACK_Condition cause : null
2025-10-29 17:17:40,620 [INFO] LogOutputStream:77 - [STDOUT_REDIRECT] 1 : Invalid condition id : UX_CORESTACK_Condition cause : null
2025-10-29 17:17:40,620 [INFO] LogOutputStream:77 - [STDOUT_REDIRECT] 1 : Invalid condition id : UX_CORESTACK_Condition cause : null
2025-10-29 17:17:40,626 [WARN] PackLoader:240 - Cannot read IP mode file for STMicroelectronics.X-CUBE-AZRTOS-WL.2.0.0
2025-10-29 17:17:40,633 [WARN] PackLoader:240 - Cannot read IP mode file for STMicroelectronics.FP-SNS-MOTENV1.5.0.0
2025-10-29 17:17:40,641 [WARN] PackLoader:240 - Cannot read IP mode file for STMicroelectronics.X-CUBE-BLE2.3.3.0
2025-10-29 17:17:40,650 [WARN] PackLoader:240 - Cannot read IP mode file for STMicroelectronics.X-CUBE-NFC9.1.0.0
2025-10-29 17:17:40,658 [WARN] PackLoader:240 - Cannot read IP mode file for STMicroelectronics.X-CUBE-BLE1.7.1.0
2025-10-29 17:17:40,665 [WARN] PackLoader:240 - Cannot read IP mode file for STMicroelectronics.X-CUBE-ST67W61.1.1.0
2025-10-29 17:17:40,712 [WARN] PackLoader:240 - Cannot read IP mode file for STMicroelectronics.X-CUBE-AZRTOS-G0.1.1.0
2025-10-29 17:17:40,730 [WARN] PackLoader:240 - Cannot read IP mode file for STMicroelectronics.X-CUBE-SAFEA1.1.2.2
2025-10-29 17:17:40,737 [WARN] PackLoader:240 - Cannot read IP mode file for STMicroelectronics.X-CUBE-NFC4.3.0.0
2025-10-29 17:17:40,751 [WARN] PackLoader:240 - Cannot read IP mode file for EmbeddedOffice.I-CUBE-FS-RTOS.1.0.1
2025-10-29 17:17:40,760 [WARN] PackLoader:240 - Cannot read IP mode file for STMicroelectronics.X-CUBE-WB05N.2.0.0
2025-10-29 17:17:40,767 [WARN] PackLoader:240 - Cannot read IP mode file for STMicroelectronics.X-CUBE-TCPP.4.2.0
2025-10-29 17:17:40,779 [WARN] PackLoader:240 - Cannot read IP mode file for RealThread.X-CUBE-RT-Thread_Nano.4.1.1
2025-10-29 17:17:40,785 [WARN] PackLoader:240 - Cannot read IP mode file for STMicroelectronics.FP-ATR-SIGFOX1.3.2.0
2025-10-29 17:17:40,794 [WARN] PackLoader:240 - Cannot read IP mode file for ITTIA_DB.I-CUBE-ITTIADB.8.9.0
2025-10-29 17:17:40,801 [WARN] PackLoader:240 - Cannot read IP mode file for STMicroelectronics.X-CUBE-ST67W61.1.0.0
2025-10-29 17:17:40,840 [WARN] PackLoader:240 - Cannot read IP mode file for SEGGER.I-CUBE-embOS.1.3.1
2025-10-29 17:17:40,917 [WARN] PackLoader:240 - Cannot read IP mode file for STMicroelectronics.X-CUBE-ALGOBUILD.1.4.0
2025-10-29 17:17:40,990 [WARN] PackLoader:240 - Cannot read IP mode file for STMicroelectronics.X-CUBE-MEMS1.11.3.0
2025-10-29 17:17:41,188 [WARN] PackLoader:240 - Cannot read IP mode file for STMicroelectronics.X-CUBE-PM33A1.1.0.0
2025-10-29 17:17:41,210 [WARN] PackLoader:240 - Cannot read IP mode file for STMicroelectronics.X-CUBE-AZRTOS-F4.1.1.0
2025-10-29 17:17:41,219 [WARN] PackLoader:240 - Cannot read IP mode file for STMicroelectronics.X-CUBE-ISPU.2.1.0
2025-10-29 17:17:41,258 [WARN] PackLoader:240 - Cannot read IP mode file for STMicroelectronics.X-CUBE-IPS.3.2.0
2025-10-29 17:17:41,303 [WARN] PackLoader:240 - Cannot read IP mode file for STMicroelectronics.X-CUBE-AZRTOS-L5.2.0.0
2025-10-29 17:17:41,316 [WARN] PackLoader:240 - Cannot read IP mode file for STMicroelectronics.X-CUBE-NFC6.3.1.0
2025-10-29 17:17:41,325 [WARN] PackLoader:240 - Cannot read IP mode file for STMicroelectronics.X-CUBE-FREERTOS.1.3.1
2025-10-29 17:17:41,330 [WARN] PackLoader:240 - Cannot read IP mode file for STMicroelectronics.X-CUBE-TOUCHGFX.4.26.0
2025-10-29 17:17:41,338 [WARN] PackLoader:240 - Cannot read IP mode file for STMicroelectronics.X-CUBE-DPower.1.3.0
2025-10-29 17:17:41,368 [WARN] ConditionMgr:438 - getConditionDescription Invalid condition id : LAN8742 Phy interface Condition cause : null
2025-10-29 17:17:41,369 [WARN] PackLoader:240 - Cannot read IP mode file for STMicroelectronics.X-CUBE-AZRTOS-L4.2.0.0
2025-10-29 17:17:41,371 [WARN] ConditionMgr:1044 - genDependencies : Invalid condition id : LAN8742 Phy interface Condition cause : null
2025-10-29 17:17:41,371 [WARN] ConditionMgr:1044 - genDependencies : Invalid condition id : LAN8742 Phy interface Condition cause : null
2025-10-29 17:17:41,372 [WARN] ConditionMgr:1044 - genDependencies : Invalid condition id : LAN8742 Phy interface Condition cause : null
2025-10-29 17:17:41,382 [WARN] PackLoader:240 - Cannot read IP mode file for STMicroelectronics.X-CUBE-SFXS2LP1.4.0.0
2025-10-29 17:17:41,402 [WARN] ConditionMgr:438 - getConditionDescription Invalid condition id : UX DEVICE CLASS RTOS Condition cause : null
2025-10-29 17:17:41,403 [WARN] ConditionMgr:438 - getConditionDescription Invalid condition id : UX DEVICE CLASS RTOS Condition cause : null
2025-10-29 17:17:41,406 [WARN] PackLoader:240 - Cannot read IP mode file for STMicroelectronics.X-CUBE-AZRTOS-WB.2.0.0
2025-10-29 17:17:41,407 [WARN] ConditionMgr:1044 - genDependencies : Invalid condition id : UX DEVICE CLASS RTOS Condition cause : null
2025-10-29 17:17:41,407 [WARN] ConditionMgr:1044 - genDependencies : Invalid condition id : UX DEVICE CLASS RTOS Condition cause : null
2025-10-29 17:17:41,408 [WARN] ConditionMgr:1044 - genDependencies : Invalid condition id : UX DEVICE CLASS RTOS Condition cause : null
2025-10-29 17:17:41,409 [WARN] ConditionMgr:1044 - genDependencies : Invalid condition id : UX DEVICE CLASS RTOS Condition cause : null
2025-10-29 17:17:41,409 [WARN] ConditionMgr:1044 - genDependencies : Invalid condition id : UX DEVICE CLASS RTOS Condition cause : null
2025-10-29 17:17:41,417 [WARN] PackLoader:240 - Cannot read IP mode file for STMicroelectronics.X-CUBE-GNSS1.7.0.1
2025-10-29 17:17:41,421 [WARN] PackLoader:240 - Cannot read IP mode file for STMicroelectronics.X-CUBE-TOUCHGFX.4.25.0
2025-10-29 17:17:41,424 [WARN] ConditionMgr:438 - getConditionDescription Invalid condition id : Cortex-A Device cause : null
2025-10-29 17:17:41,442 [WARN] ConditionMgr:1044 - genDependencies : Invalid condition id : Cortex-A Device cause : null
2025-10-29 17:17:41,442 [WARN] ConditionMgr:1044 - genDependencies : Invalid condition id : Cortex-A Device cause : null
2025-10-29 17:17:41,442 [WARN] ConditionMgr:1044 - genDependencies : Invalid condition id : Cortex-A Device cause : null
2025-10-29 17:17:41,456 [WARN] PackLoader:240 - Cannot read IP mode file for STMicroelectronics.X-CUBE-SUBG2.5.0.0
2025-10-29 17:17:41,490 [WARN] PackLoader:240 - Cannot read IP mode file for STMicroelectronics.X-CUBE-AZRTOS-H7RS.1.1.0
2025-10-29 17:17:41,539 [WARN] PackLoader:240 - Cannot read IP mode file for STMicroelectronics.X-CUBE-AZRTOS-G4.2.0.0
2025-10-29 17:17:41,555 [WARN] PackLoader:240 - Cannot read IP mode file for STMicroelectronics.X-CUBE-NFC7.2.0.0
2025-10-29 17:17:41,585 [WARN] PackLoader:240 - Cannot read IP mode file for STMicroelectronics.X-CUBE-IPS.3.1.0
2025-10-29 17:17:41,596 [WARN] PackLoader:240 - Cannot read IP mode file for STMicroelectronics.X-CUBE-ALS.1.0.2
2025-10-29 17:17:41,606 [WARN] PackLoader:240 - Cannot read IP mode file for STMicroelectronics.X-CUBE-STSE01.1.0.0
2025-10-29 17:17:41,614 [WARN] PackLoader:240 - Cannot read IP mode file for portGmbH.I-Cube-SoM-uGOAL.1.1.0
2025-10-29 17:17:41,628 [WARN] PackLoader:240 - Cannot read IP mode file for STMicroelectronics.X-CUBE-TOF1.3.4.3
2025-10-29 17:17:41,642 [INFO] ThirdParty:978 - Integrity check success = true
2025-10-29 17:17:41,642 [INFO] IntegrityCheckThread:100 - exiting critical section [integrity check]
2025-10-29 17:17:41,643 [INFO] IntegrityCheckThread:103 - End integrity checks thread
2025-10-29 18:02:28,280 [INFO] WebApp:194 - Connection lost
2025-10-29 18:02:35,762 [INFO] WebApp:191 - Connection restablished
2025-10-29 18:07:28,662 [INFO] WebApp:194 - Connection lost
2025-10-29 18:07:37,216 [INFO] WebApp:191 - Connection restablished
2025-10-29 20:07:27,510 [INFO] WebApp:194 - Connection lost
2025-10-29 20:07:30,134 [INFO] WebApp:191 - Connection restablished
2025-10-29 20:13:18,843 [ERROR] LogOutputStream:75 - [STDERR_REDIRECT] 
