2025-10-20 01:29:07,398 [ERROR] LogOutputStream:75 - [STDERR_REDIRECT] 
2025-10-20 08:20:29,895 [INFO] Activator:176 - 


2025-10-20 08:20:29,898 [INFO] Activator:177 - !SESSION log4j initialized
2025-10-20 08:20:36,056 [INFO] LogOutputStream:77 - [STDOUT_REDIRECT] 
2025-10-20 08:20:37,557 [INFO] ApplicationProperties:184 - Using Application install path: /opt/st/stm32cubeide_1.19.0/plugins/com.st.stm32cube.common.mx_6.15.0.202507011659
2025-10-20 08:20:37,583 [INFO] DbMcusXml:78 - Set database path to: /opt/st/stm32cubeide_1.19.0/plugins/com.st.stm32cube.common.mx_6.15.0.202507011659//db//mcu/
2025-10-20 08:20:37,583 [INFO] ApiDb:274 - Set plugin database path to: /opt/st/stm32cubeide_1.19.0/plugins/com.st.stm32cube.common.mx_6.15.0.202507011659//db//plugins/boardmanager/
2025-10-20 08:20:37,584 [WARN] ApiDb:259 - Overriding images path with different value:  => /opt/st/stm32cubeide_1.19.0/plugins/com.st.stm32cube.common.mx_6.15.0.202507011659//db//plugins/mcufinder/images/
2025-10-20 08:20:37,592 [INFO] ApiDb:250 - Set database path to: /home/ankith/.stmcufinder/plugins/mcufinder//mcu/
2025-10-20 08:20:37,594 [INFO] DbMcusAds:125 - Set database path to: /home/ankith/.stmcufinder/plugins/mcufinder//mcu/
2025-10-20 08:20:37,597 [INFO] CrossReferenceDbSqlite:203 - Set database path to: /home/ankith/.stmcufinder/plugins/mcufinder//mcu/cs/
2025-10-20 08:20:37,758 [INFO] RulesReader:64 - Compatibility file has been processed (317 Rules)
2025-10-20 08:20:37,837 [INFO] DbMcusXml:78 - Set database path to: /opt/st/stm32cubeide_1.19.0/plugins/com.st.stm32cube.common.mx_6.15.0.202507011659//db//mcu/
2025-10-20 08:20:37,837 [INFO] ApiDb:274 - Set plugin database path to: /opt/st/stm32cubeide_1.19.0/plugins/com.st.stm32cube.common.mx_6.15.0.202507011659//db//plugins/boardmanager/
2025-10-20 08:20:37,837 [INFO] ApiDb:261 - Set plugin images path to: /opt/st/stm32cubeide_1.19.0/plugins/com.st.stm32cube.common.mx_6.15.0.202507011659//db//plugins/mcufinder/images/
2025-10-20 08:20:37,837 [WARN] DbFile:41 - Overriding database path with different value: /home/ankith/.stmcufinder/plugins/mcufinder/ => /home/ankith/.stmcufinder/plugins/mcufinder
2025-10-20 08:20:37,837 [INFO] ApiDb:250 - Set database path to: /home/ankith/.stmcufinder/plugins/mcufinder//mcu/
2025-10-20 08:20:37,838 [WARN] DbFile:41 - Overriding database path with different value: /home/ankith/.stmcufinder/plugins/mcufinder/ => /home/ankith/.stmcufinder/plugins/mcufinder
2025-10-20 08:20:37,838 [INFO] DbMcusAds:125 - Set database path to: /home/ankith/.stmcufinder/plugins/mcufinder//mcu/
2025-10-20 08:20:37,838 [WARN] DbFile:41 - Overriding database path with different value: /home/ankith/.stmcufinder/plugins/mcufinder/ => /home/ankith/.stmcufinder/plugins/mcufinder
2025-10-20 08:20:37,838 [WARN] DbFile:41 - Overriding database path with different value: /home/ankith/.stmcufinder/plugins/mcufinder/ => /home/ankith/.stmcufinder/plugins/mcufinder
2025-10-20 08:20:37,838 [INFO] CrossReferenceDbSqlite:203 - Set database path to: /home/ankith/.stmcufinder/plugins/mcufinder//mcu/cs/
2025-10-20 08:20:37,926 [INFO] MainPanel:274 - HeapMemory: 268435456
2025-10-20 08:20:38,098 [INFO] DbMcusXml:78 - Set database path to: /opt/st/stm32cubeide_1.19.0/plugins/com.st.stm32cube.common.mx_6.15.0.202507011659//db//mcu/
2025-10-20 08:20:38,098 [INFO] ApiDb:274 - Set plugin database path to: /opt/st/stm32cubeide_1.19.0/plugins/com.st.stm32cube.common.mx_6.15.0.202507011659//db//plugins/boardmanager/
2025-10-20 08:20:38,098 [INFO] ApiDb:261 - Set plugin images path to: /opt/st/stm32cubeide_1.19.0/plugins/com.st.stm32cube.common.mx_6.15.0.202507011659//db//plugins/mcufinder/images/
2025-10-20 08:20:38,099 [WARN] DbFile:41 - Overriding database path with different value: /home/ankith/.stmcufinder/plugins/mcufinder/ => /home/ankith/.stmcufinder/plugins/mcufinder
2025-10-20 08:20:38,099 [INFO] ApiDb:250 - Set database path to: /home/ankith/.stmcufinder/plugins/mcufinder//mcu/
2025-10-20 08:20:38,099 [WARN] DbFile:41 - Overriding database path with different value: /home/ankith/.stmcufinder/plugins/mcufinder/ => /home/ankith/.stmcufinder/plugins/mcufinder
2025-10-20 08:20:38,099 [INFO] DbMcusAds:125 - Set database path to: /home/ankith/.stmcufinder/plugins/mcufinder//mcu/
2025-10-20 08:20:38,099 [WARN] DbFile:41 - Overriding database path with different value: /home/ankith/.stmcufinder/plugins/mcufinder/ => /home/ankith/.stmcufinder/plugins/mcufinder
2025-10-20 08:20:38,099 [WARN] DbFile:41 - Overriding database path with different value: /home/ankith/.stmcufinder/plugins/mcufinder/ => /home/ankith/.stmcufinder/plugins/mcufinder
2025-10-20 08:20:38,100 [INFO] CrossReferenceDbSqlite:203 - Set database path to: /home/ankith/.stmcufinder/plugins/mcufinder//mcu/cs/
2025-10-20 08:20:38,119 [INFO] ApplicationProperties:184 - Using Application install path: /opt/st/stm32cubeide_1.19.0/plugins/com.st.stm32cube.common.mx_6.15.0.202507011659
2025-10-20 08:20:38,121 [INFO] PluginManage:196 - Search for loadable plugins [exclusion list=, ]
2025-10-20 08:20:38,123 [INFO] PluginManage:310 - Check plugin analytics
2025-10-20 08:20:38,375 [INFO] AnalyticsPlugin:253 - Accepted Software Licenses: 
2025-10-20 08:20:38,375 [INFO] AnalyticsPlugin:255 - Accepted CMSIS Pack Licenses: 
2025-10-20 08:20:38,375 [INFO] AnalyticsPlugin:257 - Accepted Firmware Licenses: 
2025-10-20 08:20:38,379 [INFO] PluginManage:359 - Loaded plugin analytics (category:tool,tabindex:-1)
2025-10-20 08:20:38,380 [INFO] PluginManage:310 - Check plugin cadmodel
2025-10-20 08:20:38,388 [INFO] CADModel:105 - Init CAD model plugin
2025-10-20 08:20:38,388 [INFO] PluginManage:359 - Loaded plugin cadmodel (category:power,tabindex:5)
2025-10-20 08:20:38,389 [INFO] PluginManage:310 - Check plugin clock
2025-10-20 08:20:38,403 [INFO] PluginManage:359 - Loaded plugin clock (category:base,tabindex:2)
2025-10-20 08:20:38,403 [INFO] PluginManage:310 - Check plugin ddr
2025-10-20 08:20:38,406 [INFO] PluginManage:359 - Loaded plugin ddr (category:tool,tabindex:6)
2025-10-20 08:20:38,407 [INFO] PluginManage:310 - Check plugin filemanager
2025-10-20 08:20:38,601 [INFO] PluginManage:359 - Loaded plugin filemanager (category:base,tabindex:10)
2025-10-20 08:20:38,602 [INFO] PluginManage:310 - Check plugin ipmanager
2025-10-20 08:20:38,609 [INFO] PluginManage:359 - Loaded plugin ipmanager (category:base,tabindex:5)
2025-10-20 08:20:38,610 [INFO] PluginManage:310 - Check plugin lpbam
2025-10-20 08:20:38,624 [INFO] PluginManage:359 - Loaded plugin lpbam (category:base,tabindex:0)
2025-10-20 08:20:38,624 [INFO] PluginManage:310 - Check plugin memorymap
2025-10-20 08:20:38,642 [INFO] PluginManage:359 - Loaded plugin memorymap (category:base,tabindex:4)
2025-10-20 08:20:38,643 [INFO] PluginManage:310 - Check plugin pinoutandconfiguration
2025-10-20 08:20:38,656 [INFO] PluginManage:359 - Loaded plugin pinoutandconfiguration (category:base,tabindex:1)
2025-10-20 08:20:38,657 [INFO] PluginManage:310 - Check plugin pinoutconfig
2025-10-20 08:20:38,790 [WARN] SupportedApi:132 - Cannot load RTOS API schema: s4s-elt-must-match.1: The content of 'definitions' must match (annotation?, (simpleType | complexType)?, (unique | key | keyref)*)). A problem was found starting at: attribute.
2025-10-20 08:20:38,959 [INFO] PluginManage:359 - Loaded plugin pinoutconfig (category:base,tabindex:0)
2025-10-20 08:20:38,959 [INFO] PluginManage:310 - Check plugin power
2025-10-20 08:20:38,973 [INFO] PluginManage:359 - Loaded plugin power (category:power,tabindex:4)
2025-10-20 08:20:38,974 [INFO] PluginManage:310 - Check plugin projectmanager
2025-10-20 08:20:38,998 [INFO] PluginManage:359 - Loaded plugin projectmanager (category:projectmanager,tabindex:4)
2025-10-20 08:20:38,999 [INFO] PluginManage:310 - Check plugin rif
2025-10-20 08:20:39,012 [INFO] PluginManage:359 - Loaded plugin rif (category:base,tabindex:3)
2025-10-20 08:20:39,012 [INFO] PluginManage:310 - Check plugin thirdparty
2025-10-20 08:20:39,199 [WARN] IntegrityCheckThread:84 - waiting for thirdparty lock release [integrity check]
2025-10-20 08:20:39,199 [INFO] PluginManage:359 - Loaded plugin thirdparty (category:base,tabindex:-1)
2025-10-20 08:20:39,199 [INFO] IntegrityCheckThread:86 - entering critical section [integrity check]
2025-10-20 08:20:39,199 [INFO] PluginManage:310 - Check plugin tools
2025-10-20 08:20:39,200 [INFO] ThirdPartyUpdaterWithRetryManager:70 - Updater plugin not ready yet. [1/15]
2025-10-20 08:20:39,203 [INFO] PluginManage:359 - Loaded plugin tools (category:base,tabindex:7)
2025-10-20 08:20:39,204 [INFO] PluginManage:310 - Check plugin tutovideos
2025-10-20 08:20:39,501 [INFO] PluginManage:359 - Loaded plugin tutovideos (category:base,tabindex:-1)
2025-10-20 08:20:39,501 [INFO] PluginManage:310 - Check plugin updater
2025-10-20 08:20:39,547 [INFO] PluginManage:359 - Loaded plugin updater (category:base,tabindex:12)
2025-10-20 08:20:39,547 [INFO] PluginManage:310 - Check plugin userauth
2025-10-20 08:20:39,555 [INFO] UserAuth:118 - Init User Auth plugin
2025-10-20 08:20:39,557 [INFO] PluginManage:359 - Loaded plugin userauth (category:base,tabindex:14)
2025-10-20 08:20:39,558 [INFO] PluginManage:283 - PluginManage : Loaded plugins [18]
2025-10-20 08:20:39,860 [INFO] PinOutPanel:1589 - setPackage(No Configuration,No Configuration)
2025-10-20 08:20:39,970 [INFO] CADModel:165 - CPN selected for project level
2025-10-20 08:20:39,971 [INFO] CADModel:114 - Register for checkConnection events
2025-10-20 08:20:39,993 [INFO] IPUIPlugin:80 - create IPUIPlugin
2025-10-20 08:20:39,993 [INFO] PluginManager:220 - loadIPPluginJar : add usbx
2025-10-20 08:20:39,995 [INFO] IPUIPlugin:80 - create IPUIPlugin
2025-10-20 08:20:39,996 [INFO] PluginManager:220 - loadIPPluginJar : add quadspi
2025-10-20 08:20:39,998 [INFO] IPUIPlugin:80 - create IPUIPlugin
2025-10-20 08:20:39,998 [INFO] PluginManager:220 - loadIPPluginJar : add tsc
2025-10-20 08:20:40,008 [INFO] IPUIPlugin:80 - create IPUIPlugin
2025-10-20 08:20:40,009 [INFO] PluginManager:220 - loadIPPluginJar : add mdma
2025-10-20 08:20:40,012 [INFO] IPUIPlugin:80 - create IPUIPlugin
2025-10-20 08:20:40,013 [INFO] PluginManager:220 - loadIPPluginJar : add dma3
2025-10-20 08:20:40,017 [INFO] IPUIPlugin:80 - create IPUIPlugin
2025-10-20 08:20:40,017 [INFO] PluginManager:220 - loadIPPluginJar : add extmemmanager
2025-10-20 08:20:40,021 [INFO] IPUIPlugin:80 - create IPUIPlugin
2025-10-20 08:20:40,021 [INFO] PluginManager:220 - loadIPPluginJar : add aes
2025-10-20 08:20:40,028 [INFO] IPUIPlugin:80 - create IPUIPlugin
2025-10-20 08:20:40,028 [INFO] PluginManager:220 - loadIPPluginJar : add gpio
2025-10-20 08:20:40,033 [INFO] IPUIPlugin:80 - create IPUIPlugin
2025-10-20 08:20:40,034 [INFO] PluginManager:220 - loadIPPluginJar : add touchsensing
2025-10-20 08:20:40,038 [INFO] IPUIPlugin:80 - create IPUIPlugin
2025-10-20 08:20:40,038 [INFO] PluginManager:220 - loadIPPluginJar : add spi
2025-10-20 08:20:40,045 [INFO] IPUIPlugin:80 - create IPUIPlugin
2025-10-20 08:20:40,045 [INFO] PluginManager:220 - loadIPPluginJar : add opamp
2025-10-20 08:20:40,056 [INFO] IPUIPlugin:80 - create IPUIPlugin
2025-10-20 08:20:40,056 [INFO] PluginManager:220 - loadIPPluginJar : add linkedlist
2025-10-20 08:20:40,060 [INFO] IPUIPlugin:80 - create IPUIPlugin
2025-10-20 08:20:40,061 [INFO] PluginManager:220 - loadIPPluginJar : add hash
2025-10-20 08:20:40,064 [INFO] IPUIPlugin:80 - create IPUIPlugin
2025-10-20 08:20:40,064 [INFO] PluginManager:220 - loadIPPluginJar : add i2s
2025-10-20 08:20:40,069 [INFO] IPUIPlugin:80 - create IPUIPlugin
2025-10-20 08:20:40,069 [INFO] PluginManager:220 - loadIPPluginJar : add pdm2pcm
2025-10-20 08:20:40,073 [INFO] IPUIPlugin:80 - create IPUIPlugin
2025-10-20 08:20:40,074 [INFO] PluginManager:220 - loadIPPluginJar : add usart
2025-10-20 08:20:40,078 [INFO] IPUIPlugin:80 - create IPUIPlugin
2025-10-20 08:20:40,078 [INFO] PluginManager:220 - loadIPPluginJar : add openamp
2025-10-20 08:20:40,082 [INFO] IPUIPlugin:80 - create IPUIPlugin
2025-10-20 08:20:40,082 [INFO] PluginManager:220 - loadIPPluginJar : add i3c
2025-10-20 08:20:40,088 [INFO] IPUIPlugin:80 - create IPUIPlugin
2025-10-20 08:20:40,088 [INFO] PluginManager:220 - loadIPPluginJar : add resmgrutility
2025-10-20 08:20:40,097 [INFO] IPUIPlugin:80 - create IPUIPlugin
2025-10-20 08:20:40,097 [INFO] PluginManager:220 - loadIPPluginJar : add freertos
2025-10-20 08:20:40,100 [INFO] IPUIPlugin:80 - create IPUIPlugin
2025-10-20 08:20:40,100 [INFO] PluginManager:220 - loadIPPluginJar : add comp
2025-10-20 08:20:40,108 [INFO] IPUIPlugin:80 - create IPUIPlugin
2025-10-20 08:20:40,109 [INFO] PluginManager:220 - loadIPPluginJar : add gic
2025-10-20 08:20:40,119 [INFO] IPUIPlugin:80 - create IPUIPlugin
2025-10-20 08:20:40,123 [INFO] PluginManager:220 - loadIPPluginJar : add plateformsettings
2025-10-20 08:20:40,132 [INFO] IPUIPlugin:80 - create IPUIPlugin
2025-10-20 08:20:40,132 [INFO] PluginManager:220 - loadIPPluginJar : add dma
2025-10-20 08:20:40,136 [INFO] IPUIPlugin:80 - create IPUIPlugin
2025-10-20 08:20:40,136 [INFO] PluginManager:220 - loadIPPluginJar : add gtzc
2025-10-20 08:20:40,140 [INFO] IPUIPlugin:80 - create IPUIPlugin
2025-10-20 08:20:40,141 [INFO] PluginManager:220 - loadIPPluginJar : add ddr_ctrl_phy
2025-10-20 08:20:40,143 [INFO] IPUIPlugin:80 - create IPUIPlugin
2025-10-20 08:20:40,143 [INFO] PluginManager:220 - loadIPPluginJar : add genericplugin
2025-10-20 08:20:40,145 [INFO] IPUIPlugin:80 - create IPUIPlugin
2025-10-20 08:20:40,146 [INFO] PluginManager:220 - loadIPPluginJar : add ts
2025-10-20 08:20:40,155 [INFO] IPUIPlugin:80 - create IPUIPlugin
2025-10-20 08:20:40,156 [INFO] PluginManager:220 - loadIPPluginJar : add stm32_wpan
2025-10-20 08:20:40,159 [INFO] IPUIPlugin:80 - create IPUIPlugin
2025-10-20 08:20:40,159 [INFO] PluginManager:220 - loadIPPluginJar : add ucpd
2025-10-20 08:20:40,169 [INFO] IPUIPlugin:80 - create IPUIPlugin
2025-10-20 08:20:40,170 [INFO] PluginManager:220 - loadIPPluginJar : add adc
2025-10-20 08:20:40,172 [INFO] IPUIPlugin:80 - create IPUIPlugin
2025-10-20 08:20:40,172 [INFO] PluginManager:220 - loadIPPluginJar : add ltdc
2025-10-20 08:20:40,174 [INFO] IPUIPlugin:80 - create IPUIPlugin
2025-10-20 08:20:40,175 [INFO] PluginManager:220 - loadIPPluginJar : add radio
2025-10-20 08:20:40,180 [INFO] IPUIPlugin:80 - create IPUIPlugin
2025-10-20 08:20:40,180 [INFO] PluginManager:220 - loadIPPluginJar : add sai
2025-10-20 08:20:40,183 [INFO] IPUIPlugin:80 - create IPUIPlugin
2025-10-20 08:20:40,183 [INFO] PluginManager:220 - loadIPPluginJar : add tim
2025-10-20 08:20:40,189 [INFO] IPUIPlugin:80 - create IPUIPlugin
2025-10-20 08:20:40,189 [INFO] PluginManager:220 - loadIPPluginJar : add nvic
2025-10-20 08:20:40,193 [INFO] IPUIPlugin:80 - create IPUIPlugin
2025-10-20 08:20:40,194 [INFO] PluginManager:220 - loadIPPluginJar : add cryp
2025-10-20 08:20:40,198 [INFO] IPUIPlugin:80 - create IPUIPlugin
2025-10-20 08:20:40,198 [INFO] PluginManager:220 - loadIPPluginJar : add i2c
2025-10-20 08:20:40,204 [INFO] IPUIPlugin:80 - create IPUIPlugin
2025-10-20 08:20:40,205 [INFO] PluginManager:220 - loadIPPluginJar : add fmc
2025-10-20 08:20:40,207 [INFO] IPUIPlugin:80 - create IPUIPlugin
2025-10-20 08:20:40,208 [INFO] PluginManager:220 - loadIPPluginJar : add fatfs
2025-10-20 08:20:40,212 [INFO] IPUIPlugin:80 - create IPUIPlugin
2025-10-20 08:20:40,212 [INFO] PluginManager:220 - loadIPPluginJar : add can
2025-10-20 08:20:40,217 [INFO] IPUIPlugin:80 - create IPUIPlugin
2025-10-20 08:20:40,218 [INFO] PluginManager:220 - loadIPPluginJar : add ipddr
2025-10-20 08:20:40,221 [INFO] IPUIPlugin:80 - create IPUIPlugin
2025-10-20 08:20:40,221 [INFO] PluginManager:220 - loadIPPluginJar : add gfxmmu
2025-10-20 08:20:40,224 [INFO] IPUIPlugin:80 - create IPUIPlugin
2025-10-20 08:20:40,224 [INFO] PluginManager:220 - loadIPPluginJar : add tracer_emb
2025-10-20 08:20:40,228 [INFO] IPUIPlugin:80 - create IPUIPlugin
2025-10-20 08:20:40,228 [INFO] PluginManager:220 - loadIPPluginJar : add lorawan
2025-10-20 08:20:40,231 [INFO] IPUIPlugin:80 - create IPUIPlugin
2025-10-20 08:20:40,232 [INFO] PluginManager:220 - loadIPPluginJar : add dfsdm
2025-10-20 08:20:40,356 [FATAL] Updater:351 - Updater called before beeing initialized
2025-10-20 08:20:40,407 [INFO] RulesReader:64 - Compatibility file has been processed (317 Rules)
2025-10-20 08:20:40,427 [INFO] RulesReader:64 - Compatibility file has been processed (317 Rules)
2025-10-20 08:20:40,437 [INFO] CADModel:165 - CPN selected for project level
2025-10-20 08:20:40,437 [INFO] CADModel:114 - Register for checkConnection events
2025-10-20 08:20:40,437 [FATAL] Updater:351 - Updater called before beeing initialized
2025-10-20 08:20:40,437 [ERROR] CADModel:125 - Updater not yet initialized, retry later 
2025-10-20 08:20:40,627 [FATAL] Updater:351 - Updater called before beeing initialized
2025-10-20 08:20:40,629 [INFO] CADModel:165 - CPN selected for project level
2025-10-20 08:20:40,629 [INFO] CADModel:114 - Register for checkConnection events
2025-10-20 08:20:40,629 [FATAL] Updater:351 - Updater called before beeing initialized
2025-10-20 08:20:40,630 [ERROR] CADModel:125 - Updater not yet initialized, retry later 
2025-10-20 08:20:40,635 [FATAL] Updater:351 - Updater called before beeing initialized
2025-10-20 08:20:40,781 [FATAL] Updater:351 - Updater called before beeing initialized
2025-10-20 08:20:40,787 [INFO] DbMcusAds:53 - JSON generation date=Thu Oct 02 15:06:05 IST 2025 (1759397765645)
2025-10-20 08:20:40,787 [FATAL] Updater:351 - Updater called before beeing initialized
2025-10-20 08:20:40,828 [WARN] DetailPanel:346 - Failed to get advertising image, set to default
2025-10-20 08:20:40,918 [FATAL] Updater:351 - Updater called before beeing initialized
2025-10-20 08:20:40,920 [FATAL] Updater:351 - Updater called before beeing initialized
2025-10-20 08:20:40,920 [FATAL] Updater:351 - Updater called before beeing initialized
2025-10-20 08:20:40,921 [WARN] DetailPanel:346 - Failed to get advertising image, set to default
2025-10-20 08:20:40,922 [FATAL] Updater:351 - Updater called before beeing initialized
2025-10-20 08:20:40,972 [ERROR] Updater:1198 - MainUpdater not yet initialized. External WinMGr cannot be set.
2025-10-20 08:20:40,974 [INFO] Updater:1134 - Updater Version found : 6.15.0
2025-10-20 08:20:41,005 [INFO] ApplicationProperties:184 - Using Application install path: /opt/st/stm32cubeide_1.19.0/plugins/com.st.stm32cube.common.mx_6.15.0.202507011659
2025-10-20 08:20:41,833 [INFO] MainUpdater:2872 - connection check result : 10
2025-10-20 08:20:41,834 [INFO] MainUpdater:289 - Updater Check For Update Now.
2025-10-20 08:20:41,834 [INFO] MicroXplorer:498 - Change Database Version : DB.6.0.150
2025-10-20 08:20:41,846 [INFO] McuFinderGlobals:63 - Set McuFinder mode to 2 (CubeIDE integrated)
2025-10-20 08:20:41,846 [INFO] UserAuth:171 - activating auth plugin
2025-10-20 08:20:41,853 [INFO] UserAuth:487 - Internet connection configuration mode: 1
2025-10-20 08:20:41,903 [INFO] JxBrowserEngine:152 - Initiate JxBrowser Engine with user profile folder
2025-10-20 08:20:42,077 [INFO] CheckServerUpdateThread:120 - End of CheckServer Thread
2025-10-20 08:20:42,494 [WARN] PackLoader:240 - Cannot read IP mode file for STMicroelectronics.FP-SNS-MOTENVWB1.1.4.0
2025-10-20 08:20:42,505 [WARN] PackLoader:240 - Cannot read IP mode file for STMicroelectronics.FP-ATR-ASTRA1.2.0.2
2025-10-20 08:20:42,517 [WARN] PackLoader:240 - Cannot read IP mode file for STMicroelectronics.X-CUBE-SMBUS.2.1.0
2025-10-20 08:20:42,522 [WARN] PackLoader:240 - Cannot read IP mode file for STMicroelectronics.X-CUBE-ST60.1.0.0
2025-10-20 08:20:42,572 [WARN] PackLoader:240 - Cannot read IP mode file for STMicroelectronics.X-CUBE-AZRTOS-F7.1.1.0
2025-10-20 08:20:42,584 [WARN] PackLoader:240 - Cannot read IP mode file for Cesanta.I-CUBE-Mongoose.7.19.0
2025-10-20 08:20:42,600 [WARN] PackLoader:240 - Cannot read IP mode file for WES.I-CUBE-Cesium.1.4.0
2025-10-20 08:20:42,646 [WARN] PackLoader:240 - Cannot read IP mode file for Infineon.AIROC-Wi-Fi-Bluetooth-STM32.1.7.1
2025-10-20 08:20:42,670 [WARN] PackLoader:240 - Cannot read IP mode file for STMicroelectronics.X-CUBE-DISPLAY.3.0.0
2025-10-20 08:20:42,693 [WARN] PackLoader:240 - Cannot read IP mode file for STMicroelectronics.X-CUBE-NFC10.1.0.0
2025-10-20 08:20:42,702 [WARN] PackLoader:240 - Cannot read IP mode file for STMicroelectronics.X-CUBE-ST60.1.1.0
2025-10-20 08:20:42,710 [WARN] PackLoader:240 - Cannot read IP mode file for emotas.I-CUBE-CANOPEN.1.3.0
2025-10-20 08:20:42,717 [WARN] PackLoader:240 - Cannot read IP mode file for STMicroelectronics.FP-SNS-SMARTAG2.1.2.0
2025-10-20 08:20:42,724 [WARN] PackLoader:240 - Cannot read IP mode file for STMicroelectronics.FP-SNS-FLIGHT1.5.1.0
2025-10-20 08:20:42,742 [INFO] LogOutputStream:77 - [STDOUT_REDIRECT] 1 : Invalid condition id : UX_CORESTACK_Condition cause : null
2025-10-20 08:20:42,743 [INFO] LogOutputStream:77 - [STDOUT_REDIRECT] 1 : Invalid condition id : UX_CORESTACK_Condition cause : null
2025-10-20 08:20:42,743 [INFO] LogOutputStream:77 - [STDOUT_REDIRECT] 1 : Invalid condition id : UX_CORESTACK_Condition cause : null
2025-10-20 08:20:42,744 [INFO] LogOutputStream:77 - [STDOUT_REDIRECT] 1 : Invalid condition id : UX_CORESTACK_Condition cause : null
2025-10-20 08:20:42,744 [INFO] LogOutputStream:77 - [STDOUT_REDIRECT] 1 : Invalid condition id : UX_CORESTACK_Condition cause : null
2025-10-20 08:20:42,752 [WARN] PackLoader:240 - Cannot read IP mode file for STMicroelectronics.X-CUBE-AZRTOS-WL.2.0.0
2025-10-20 08:20:42,763 [WARN] PackLoader:240 - Cannot read IP mode file for STMicroelectronics.FP-SNS-MOTENV1.5.0.0
2025-10-20 08:20:42,776 [WARN] PackLoader:240 - Cannot read IP mode file for STMicroelectronics.X-CUBE-BLE2.3.3.0
2025-10-20 08:20:42,788 [WARN] PackLoader:240 - Cannot read IP mode file for STMicroelectronics.X-CUBE-NFC9.1.0.0
2025-10-20 08:20:42,800 [WARN] PackLoader:240 - Cannot read IP mode file for STMicroelectronics.X-CUBE-BLE1.7.1.0
2025-10-20 08:20:42,812 [WARN] PackLoader:240 - Cannot read IP mode file for STMicroelectronics.X-CUBE-ST67W61.1.1.0
2025-10-20 08:20:42,847 [WARN] PackLoader:240 - Cannot read IP mode file for STMicroelectronics.X-CUBE-AZRTOS-G0.1.1.0
2025-10-20 08:20:42,858 [WARN] PackLoader:240 - Cannot read IP mode file for STMicroelectronics.X-CUBE-SAFEA1.1.2.2
2025-10-20 08:20:42,869 [WARN] PackLoader:240 - Cannot read IP mode file for STMicroelectronics.X-CUBE-NFC4.3.0.0
2025-10-20 08:20:42,930 [WARN] PackLoader:240 - Cannot read IP mode file for EmbeddedOffice.I-CUBE-FS-RTOS.1.0.1
2025-10-20 08:20:42,939 [WARN] PackLoader:240 - Cannot read IP mode file for STMicroelectronics.X-CUBE-WB05N.2.0.0
2025-10-20 08:20:42,949 [WARN] PackLoader:240 - Cannot read IP mode file for STMicroelectronics.X-CUBE-TCPP.4.2.0
2025-10-20 08:20:42,957 [WARN] PackLoader:240 - Cannot read IP mode file for RealThread.X-CUBE-RT-Thread_Nano.4.1.1
2025-10-20 08:20:42,961 [WARN] PackLoader:240 - Cannot read IP mode file for STMicroelectronics.FP-ATR-SIGFOX1.3.2.0
2025-10-20 08:20:42,968 [WARN] PackLoader:240 - Cannot read IP mode file for ITTIA_DB.I-CUBE-ITTIADB.8.9.0
2025-10-20 08:20:42,976 [WARN] PackLoader:240 - Cannot read IP mode file for STMicroelectronics.X-CUBE-ST67W61.1.0.0
2025-10-20 08:20:43,023 [WARN] PackLoader:240 - Cannot read IP mode file for SEGGER.I-CUBE-embOS.1.3.1
2025-10-20 08:20:43,116 [WARN] PackLoader:240 - Cannot read IP mode file for STMicroelectronics.X-CUBE-ALGOBUILD.1.4.0
2025-10-20 08:20:43,200 [WARN] PackLoader:240 - Cannot read IP mode file for STMicroelectronics.X-CUBE-MEMS1.11.3.0
2025-10-20 08:20:43,552 [WARN] PackLoader:240 - Cannot read IP mode file for STMicroelectronics.X-CUBE-PM33A1.1.0.0
2025-10-20 08:20:43,598 [WARN] PackLoader:240 - Cannot read IP mode file for STMicroelectronics.X-CUBE-AZRTOS-F4.1.1.0
2025-10-20 08:20:43,612 [WARN] PackLoader:240 - Cannot read IP mode file for STMicroelectronics.X-CUBE-ISPU.2.1.0
2025-10-20 08:20:43,657 [WARN] PackLoader:240 - Cannot read IP mode file for STMicroelectronics.X-CUBE-IPS.3.2.0
2025-10-20 08:20:43,816 [WARN] PackLoader:240 - Cannot read IP mode file for STMicroelectronics.X-CUBE-AZRTOS-L5.2.0.0
2025-10-20 08:20:43,866 [WARN] PackLoader:240 - Cannot read IP mode file for STMicroelectronics.X-CUBE-NFC6.3.1.0
2025-10-20 08:20:43,891 [WARN] PackLoader:240 - Cannot read IP mode file for STMicroelectronics.X-CUBE-FREERTOS.1.3.1
2025-10-20 08:20:43,908 [WARN] PackLoader:240 - Cannot read IP mode file for STMicroelectronics.X-CUBE-TOUCHGFX.4.26.0
2025-10-20 08:20:43,935 [WARN] PackLoader:240 - Cannot read IP mode file for STMicroelectronics.X-CUBE-DPower.1.3.0
2025-10-20 08:20:43,981 [WARN] ConditionMgr:438 - getConditionDescription Invalid condition id : LAN8742 Phy interface Condition cause : null
2025-10-20 08:20:43,982 [WARN] PackLoader:240 - Cannot read IP mode file for STMicroelectronics.X-CUBE-AZRTOS-L4.2.0.0
2025-10-20 08:20:43,985 [WARN] ConditionMgr:1044 - genDependencies : Invalid condition id : LAN8742 Phy interface Condition cause : null
2025-10-20 08:20:43,986 [WARN] ConditionMgr:1044 - genDependencies : Invalid condition id : LAN8742 Phy interface Condition cause : null
2025-10-20 08:20:43,987 [WARN] ConditionMgr:1044 - genDependencies : Invalid condition id : LAN8742 Phy interface Condition cause : null
2025-10-20 08:20:44,012 [WARN] PackLoader:240 - Cannot read IP mode file for STMicroelectronics.X-CUBE-SFXS2LP1.4.0.0
2025-10-20 08:20:44,054 [WARN] ConditionMgr:438 - getConditionDescription Invalid condition id : UX DEVICE CLASS RTOS Condition cause : null
2025-10-20 08:20:44,055 [WARN] ConditionMgr:438 - getConditionDescription Invalid condition id : UX DEVICE CLASS RTOS Condition cause : null
2025-10-20 08:20:44,061 [WARN] PackLoader:240 - Cannot read IP mode file for STMicroelectronics.X-CUBE-AZRTOS-WB.2.0.0
2025-10-20 08:20:44,062 [WARN] ConditionMgr:1044 - genDependencies : Invalid condition id : UX DEVICE CLASS RTOS Condition cause : null
2025-10-20 08:20:44,062 [WARN] ConditionMgr:1044 - genDependencies : Invalid condition id : UX DEVICE CLASS RTOS Condition cause : null
2025-10-20 08:20:44,063 [WARN] ConditionMgr:1044 - genDependencies : Invalid condition id : UX DEVICE CLASS RTOS Condition cause : null
2025-10-20 08:20:44,064 [WARN] ConditionMgr:1044 - genDependencies : Invalid condition id : UX DEVICE CLASS RTOS Condition cause : null
2025-10-20 08:20:44,065 [WARN] ConditionMgr:1044 - genDependencies : Invalid condition id : UX DEVICE CLASS RTOS Condition cause : null
2025-10-20 08:20:44,098 [WARN] PackLoader:240 - Cannot read IP mode file for STMicroelectronics.X-CUBE-GNSS1.7.0.1
2025-10-20 08:20:44,106 [WARN] PackLoader:240 - Cannot read IP mode file for STMicroelectronics.X-CUBE-TOUCHGFX.4.25.0
2025-10-20 08:20:44,116 [WARN] ConditionMgr:438 - getConditionDescription Invalid condition id : Cortex-A Device cause : null
2025-10-20 08:20:44,139 [WARN] ConditionMgr:1044 - genDependencies : Invalid condition id : Cortex-A Device cause : null
2025-10-20 08:20:44,139 [WARN] ConditionMgr:1044 - genDependencies : Invalid condition id : Cortex-A Device cause : null
2025-10-20 08:20:44,139 [WARN] ConditionMgr:1044 - genDependencies : Invalid condition id : Cortex-A Device cause : null
2025-10-20 08:20:44,157 [WARN] PackLoader:240 - Cannot read IP mode file for STMicroelectronics.X-CUBE-SUBG2.5.0.0
2025-10-20 08:20:44,191 [WARN] PackLoader:240 - Cannot read IP mode file for STMicroelectronics.X-CUBE-AZRTOS-H7RS.1.1.0
2025-10-20 08:20:44,219 [WARN] PackLoader:240 - Cannot read IP mode file for STMicroelectronics.X-CUBE-AZRTOS-G4.2.0.0
2025-10-20 08:20:44,231 [WARN] PackLoader:240 - Cannot read IP mode file for STMicroelectronics.X-CUBE-NFC7.2.0.0
2025-10-20 08:20:44,253 [WARN] PackLoader:240 - Cannot read IP mode file for STMicroelectronics.X-CUBE-IPS.3.1.0
2025-10-20 08:20:44,272 [WARN] PackLoader:240 - Cannot read IP mode file for STMicroelectronics.X-CUBE-ALS.1.0.2
2025-10-20 08:20:44,284 [WARN] PackLoader:240 - Cannot read IP mode file for STMicroelectronics.X-CUBE-STSE01.1.0.0
2025-10-20 08:20:44,293 [WARN] PackLoader:240 - Cannot read IP mode file for portGmbH.I-Cube-SoM-uGOAL.1.1.0
2025-10-20 08:20:44,312 [WARN] PackLoader:240 - Cannot read IP mode file for STMicroelectronics.X-CUBE-TOF1.3.4.3
2025-10-20 08:20:44,336 [INFO] ThirdParty:978 - Integrity check success = true
2025-10-20 08:20:44,336 [INFO] IntegrityCheckThread:100 - exiting critical section [integrity check]
2025-10-20 08:20:44,336 [INFO] IntegrityCheckThread:103 - End integrity checks thread
2025-10-20 08:20:44,340 [INFO] WebApp:169 - Instantiating new browser for Auth
2025-10-20 08:20:45,746 [INFO] WebApp:463 - Apply proxy settings
2025-10-20 08:20:45,747 [INFO] WebApp:548 - Chromium requires no authentication
2025-10-20 08:20:45,774 [INFO] WebApp:491 - Direct internet connection detected
2025-10-20 08:20:45,872 [INFO] WebApp:900 - Register for checkConnection events
2025-10-20 08:20:45,873 [INFO] WebApp:463 - Apply proxy settings
2025-10-20 08:20:45,873 [INFO] WebApp:548 - Chromium requires no authentication
2025-10-20 08:20:45,876 [INFO] WebApp:491 - Direct internet connection detected
2025-10-20 08:20:46,160 [INFO] WebApp:225 - Starting web application
2025-10-20 08:20:46,161 [INFO] WebApp:593 - Web application path used /opt/st/stm32cubeide_1.19.0/plugins/com.st.stm32cube.common.mx_6.15.0.202507011659/db/plugins/mcufinder/reactClient1/index.html
2025-10-20 08:20:46,334 [INFO] WebApp:191 - Connection restablished
2025-10-20 11:18:37,836 [INFO] WebApp:194 - Connection lost
2025-10-20 11:18:38,298 [INFO] WebApp:191 - Connection restablished
2025-10-20 12:00:36,821 [INFO] WebApp:194 - Connection lost
2025-10-20 12:01:01,349 [INFO] WebApp:191 - Connection restablished
2025-10-20 12:12:03,586 [INFO] WebApp:194 - Connection lost
2025-10-20 12:12:23,020 [INFO] WebApp:191 - Connection restablished
2025-10-20 12:30:18,809 [INFO] WebApp:194 - Connection lost
2025-10-20 12:30:35,043 [INFO] WebApp:191 - Connection restablished
2025-10-20 13:53:54,079 [INFO] WebApp:194 - Connection lost
2025-10-20 13:53:58,068 [INFO] WebApp:191 - Connection restablished
2025-10-20 13:54:02,153 [INFO] WebApp:194 - Connection lost
2025-10-20 13:54:02,386 [INFO] WebApp:191 - Connection restablished
2025-10-20 14:14:26,750 [INFO] WebApp:194 - Connection lost
2025-10-20 14:14:29,535 [INFO] WebApp:191 - Connection restablished
2025-10-20 16:14:27,103 [INFO] WebApp:194 - Connection lost
2025-10-20 16:14:30,050 [INFO] WebApp:191 - Connection restablished
2025-10-20 18:07:51,854 [INFO] WebApp:194 - Connection lost
2025-10-20 18:07:54,429 [INFO] WebApp:191 - Connection restablished
2025-10-20 18:14:29,917 [INFO] WebApp:194 - Connection lost
2025-10-20 18:14:30,916 [INFO] WebApp:191 - Connection restablished
2025-10-20 20:14:30,431 [INFO] WebApp:194 - Connection lost
2025-10-20 20:14:35,146 [INFO] WebApp:191 - Connection restablished
2025-10-20 22:14:30,083 [INFO] WebApp:194 - Connection lost
2025-10-20 22:14:32,705 [INFO] WebApp:191 - Connection restablished
2025-10-20 22:47:19,731 [ERROR] LogOutputStream:75 - [STDERR_REDIRECT] 
