2025-10-21 13:03:09,787 [INFO] Activator:176 - 


2025-10-21 13:03:09,791 [INFO] Activator:177 - !SESSION log4j initialized
2025-10-21 13:03:16,094 [INFO] LogOutputStream:77 - [STDOUT_REDIRECT] 
2025-10-21 13:03:17,614 [INFO] ApplicationProperties:184 - Using Application install path: /opt/st/stm32cubeide_1.19.0/plugins/com.st.stm32cube.common.mx_6.15.0.202507011659
2025-10-21 13:03:17,640 [INFO] DbMcusXml:78 - Set database path to: /opt/st/stm32cubeide_1.19.0/plugins/com.st.stm32cube.common.mx_6.15.0.202507011659//db//mcu/
2025-10-21 13:03:17,640 [INFO] ApiDb:274 - Set plugin database path to: /opt/st/stm32cubeide_1.19.0/plugins/com.st.stm32cube.common.mx_6.15.0.202507011659//db//plugins/boardmanager/
2025-10-21 13:03:17,641 [WARN] ApiDb:259 - Overriding images path with different value:  => /opt/st/stm32cubeide_1.19.0/plugins/com.st.stm32cube.common.mx_6.15.0.202507011659//db//plugins/mcufinder/images/
2025-10-21 13:03:17,651 [INFO] ApiDb:250 - Set database path to: /home/ankith/.stmcufinder/plugins/mcufinder//mcu/
2025-10-21 13:03:17,654 [INFO] DbMcusAds:125 - Set database path to: /home/ankith/.stmcufinder/plugins/mcufinder//mcu/
2025-10-21 13:03:17,658 [INFO] CrossReferenceDbSqlite:203 - Set database path to: /home/ankith/.stmcufinder/plugins/mcufinder//mcu/cs/
2025-10-21 13:03:17,826 [INFO] RulesReader:64 - Compatibility file has been processed (317 Rules)
2025-10-21 13:03:17,912 [INFO] DbMcusXml:78 - Set database path to: /opt/st/stm32cubeide_1.19.0/plugins/com.st.stm32cube.common.mx_6.15.0.202507011659//db//mcu/
2025-10-21 13:03:17,912 [INFO] ApiDb:274 - Set plugin database path to: /opt/st/stm32cubeide_1.19.0/plugins/com.st.stm32cube.common.mx_6.15.0.202507011659//db//plugins/boardmanager/
2025-10-21 13:03:17,912 [INFO] ApiDb:261 - Set plugin images path to: /opt/st/stm32cubeide_1.19.0/plugins/com.st.stm32cube.common.mx_6.15.0.202507011659//db//plugins/mcufinder/images/
2025-10-21 13:03:17,913 [WARN] DbFile:41 - Overriding database path with different value: /home/ankith/.stmcufinder/plugins/mcufinder/ => /home/ankith/.stmcufinder/plugins/mcufinder
2025-10-21 13:03:17,913 [INFO] ApiDb:250 - Set database path to: /home/ankith/.stmcufinder/plugins/mcufinder//mcu/
2025-10-21 13:03:17,913 [WARN] DbFile:41 - Overriding database path with different value: /home/ankith/.stmcufinder/plugins/mcufinder/ => /home/ankith/.stmcufinder/plugins/mcufinder
2025-10-21 13:03:17,913 [INFO] DbMcusAds:125 - Set database path to: /home/ankith/.stmcufinder/plugins/mcufinder//mcu/
2025-10-21 13:03:17,914 [WARN] DbFile:41 - Overriding database path with different value: /home/ankith/.stmcufinder/plugins/mcufinder/ => /home/ankith/.stmcufinder/plugins/mcufinder
2025-10-21 13:03:17,914 [WARN] DbFile:41 - Overriding database path with different value: /home/ankith/.stmcufinder/plugins/mcufinder/ => /home/ankith/.stmcufinder/plugins/mcufinder
2025-10-21 13:03:17,914 [INFO] CrossReferenceDbSqlite:203 - Set database path to: /home/ankith/.stmcufinder/plugins/mcufinder//mcu/cs/
2025-10-21 13:03:18,007 [INFO] MainPanel:274 - HeapMemory: 268435456
2025-10-21 13:03:18,202 [INFO] DbMcusXml:78 - Set database path to: /opt/st/stm32cubeide_1.19.0/plugins/com.st.stm32cube.common.mx_6.15.0.202507011659//db//mcu/
2025-10-21 13:03:18,202 [INFO] ApiDb:274 - Set plugin database path to: /opt/st/stm32cubeide_1.19.0/plugins/com.st.stm32cube.common.mx_6.15.0.202507011659//db//plugins/boardmanager/
2025-10-21 13:03:18,203 [INFO] ApiDb:261 - Set plugin images path to: /opt/st/stm32cubeide_1.19.0/plugins/com.st.stm32cube.common.mx_6.15.0.202507011659//db//plugins/mcufinder/images/
2025-10-21 13:03:18,203 [WARN] DbFile:41 - Overriding database path with different value: /home/ankith/.stmcufinder/plugins/mcufinder/ => /home/ankith/.stmcufinder/plugins/mcufinder
2025-10-21 13:03:18,203 [INFO] ApiDb:250 - Set database path to: /home/ankith/.stmcufinder/plugins/mcufinder//mcu/
2025-10-21 13:03:18,203 [WARN] DbFile:41 - Overriding database path with different value: /home/ankith/.stmcufinder/plugins/mcufinder/ => /home/ankith/.stmcufinder/plugins/mcufinder
2025-10-21 13:03:18,203 [INFO] DbMcusAds:125 - Set database path to: /home/ankith/.stmcufinder/plugins/mcufinder//mcu/
2025-10-21 13:03:18,204 [WARN] DbFile:41 - Overriding database path with different value: /home/ankith/.stmcufinder/plugins/mcufinder/ => /home/ankith/.stmcufinder/plugins/mcufinder
2025-10-21 13:03:18,204 [WARN] DbFile:41 - Overriding database path with different value: /home/ankith/.stmcufinder/plugins/mcufinder/ => /home/ankith/.stmcufinder/plugins/mcufinder
2025-10-21 13:03:18,204 [INFO] CrossReferenceDbSqlite:203 - Set database path to: /home/ankith/.stmcufinder/plugins/mcufinder//mcu/cs/
2025-10-21 13:03:18,229 [INFO] ApplicationProperties:184 - Using Application install path: /opt/st/stm32cubeide_1.19.0/plugins/com.st.stm32cube.common.mx_6.15.0.202507011659
2025-10-21 13:03:18,232 [INFO] PluginManage:196 - Search for loadable plugins [exclusion list=, ]
2025-10-21 13:03:18,234 [INFO] PluginManage:310 - Check plugin analytics
2025-10-21 13:03:18,503 [INFO] AnalyticsPlugin:253 - Accepted Software Licenses: 
2025-10-21 13:03:18,503 [INFO] AnalyticsPlugin:255 - Accepted CMSIS Pack Licenses: 
2025-10-21 13:03:18,503 [INFO] AnalyticsPlugin:257 - Accepted Firmware Licenses: 
2025-10-21 13:03:18,508 [INFO] PluginManage:359 - Loaded plugin analytics (category:tool,tabindex:-1)
2025-10-21 13:03:18,508 [INFO] PluginManage:310 - Check plugin cadmodel
2025-10-21 13:03:18,514 [INFO] CADModel:105 - Init CAD model plugin
2025-10-21 13:03:18,515 [INFO] PluginManage:359 - Loaded plugin cadmodel (category:power,tabindex:5)
2025-10-21 13:03:18,515 [INFO] PluginManage:310 - Check plugin clock
2025-10-21 13:03:18,529 [INFO] PluginManage:359 - Loaded plugin clock (category:base,tabindex:2)
2025-10-21 13:03:18,530 [INFO] PluginManage:310 - Check plugin ddr
2025-10-21 13:03:18,533 [INFO] PluginManage:359 - Loaded plugin ddr (category:tool,tabindex:6)
2025-10-21 13:03:18,533 [INFO] PluginManage:310 - Check plugin filemanager
2025-10-21 13:03:18,734 [INFO] PluginManage:359 - Loaded plugin filemanager (category:base,tabindex:10)
2025-10-21 13:03:18,735 [INFO] PluginManage:310 - Check plugin ipmanager
2025-10-21 13:03:18,741 [INFO] PluginManage:359 - Loaded plugin ipmanager (category:base,tabindex:5)
2025-10-21 13:03:18,741 [INFO] PluginManage:310 - Check plugin lpbam
2025-10-21 13:03:18,753 [INFO] PluginManage:359 - Loaded plugin lpbam (category:base,tabindex:0)
2025-10-21 13:03:18,753 [INFO] PluginManage:310 - Check plugin memorymap
2025-10-21 13:03:18,767 [INFO] PluginManage:359 - Loaded plugin memorymap (category:base,tabindex:4)
2025-10-21 13:03:18,767 [INFO] PluginManage:310 - Check plugin pinoutandconfiguration
2025-10-21 13:03:18,777 [INFO] PluginManage:359 - Loaded plugin pinoutandconfiguration (category:base,tabindex:1)
2025-10-21 13:03:18,777 [INFO] PluginManage:310 - Check plugin pinoutconfig
2025-10-21 13:03:18,887 [WARN] SupportedApi:132 - Cannot load RTOS API schema: s4s-elt-must-match.1: The content of 'definitions' must match (annotation?, (simpleType | complexType)?, (unique | key | keyref)*)). A problem was found starting at: attribute.
2025-10-21 13:03:19,064 [INFO] PluginManage:359 - Loaded plugin pinoutconfig (category:base,tabindex:0)
2025-10-21 13:03:19,064 [INFO] PluginManage:310 - Check plugin power
2025-10-21 13:03:19,077 [INFO] PluginManage:359 - Loaded plugin power (category:power,tabindex:4)
2025-10-21 13:03:19,077 [INFO] PluginManage:310 - Check plugin projectmanager
2025-10-21 13:03:19,098 [INFO] PluginManage:359 - Loaded plugin projectmanager (category:projectmanager,tabindex:4)
2025-10-21 13:03:19,098 [INFO] PluginManage:310 - Check plugin rif
2025-10-21 13:03:19,108 [INFO] PluginManage:359 - Loaded plugin rif (category:base,tabindex:3)
2025-10-21 13:03:19,108 [INFO] PluginManage:310 - Check plugin thirdparty
2025-10-21 13:03:19,294 [INFO] PluginManage:359 - Loaded plugin thirdparty (category:base,tabindex:-1)
2025-10-21 13:03:19,294 [INFO] PluginManage:310 - Check plugin tools
2025-10-21 13:03:19,294 [WARN] IntegrityCheckThread:84 - waiting for thirdparty lock release [integrity check]
2025-10-21 13:03:19,295 [INFO] IntegrityCheckThread:86 - entering critical section [integrity check]
2025-10-21 13:03:19,296 [INFO] ThirdPartyUpdaterWithRetryManager:70 - Updater plugin not ready yet. [1/15]
2025-10-21 13:03:19,299 [INFO] PluginManage:359 - Loaded plugin tools (category:base,tabindex:7)
2025-10-21 13:03:19,299 [INFO] PluginManage:310 - Check plugin tutovideos
2025-10-21 13:03:19,548 [INFO] PluginManage:359 - Loaded plugin tutovideos (category:base,tabindex:-1)
2025-10-21 13:03:19,549 [INFO] PluginManage:310 - Check plugin updater
2025-10-21 13:03:19,581 [INFO] PluginManage:359 - Loaded plugin updater (category:base,tabindex:12)
2025-10-21 13:03:19,581 [INFO] PluginManage:310 - Check plugin userauth
2025-10-21 13:03:19,587 [INFO] UserAuth:118 - Init User Auth plugin
2025-10-21 13:03:19,588 [INFO] PluginManage:359 - Loaded plugin userauth (category:base,tabindex:14)
2025-10-21 13:03:19,589 [INFO] PluginManage:283 - PluginManage : Loaded plugins [18]
2025-10-21 13:03:19,816 [INFO] PinOutPanel:1589 - setPackage(No Configuration,No Configuration)
2025-10-21 13:03:19,904 [INFO] CADModel:165 - CPN selected for project level
2025-10-21 13:03:19,904 [INFO] CADModel:114 - Register for checkConnection events
2025-10-21 13:03:19,921 [INFO] IPUIPlugin:80 - create IPUIPlugin
2025-10-21 13:03:19,921 [INFO] PluginManager:220 - loadIPPluginJar : add usbx
2025-10-21 13:03:19,923 [INFO] IPUIPlugin:80 - create IPUIPlugin
2025-10-21 13:03:19,923 [INFO] PluginManager:220 - loadIPPluginJar : add quadspi
2025-10-21 13:03:19,925 [INFO] IPUIPlugin:80 - create IPUIPlugin
2025-10-21 13:03:19,925 [INFO] PluginManager:220 - loadIPPluginJar : add tsc
2025-10-21 13:03:19,932 [INFO] IPUIPlugin:80 - create IPUIPlugin
2025-10-21 13:03:19,933 [INFO] PluginManager:220 - loadIPPluginJar : add mdma
2025-10-21 13:03:19,936 [INFO] IPUIPlugin:80 - create IPUIPlugin
2025-10-21 13:03:19,936 [INFO] PluginManager:220 - loadIPPluginJar : add dma3
2025-10-21 13:03:19,939 [INFO] IPUIPlugin:80 - create IPUIPlugin
2025-10-21 13:03:19,939 [INFO] PluginManager:220 - loadIPPluginJar : add extmemmanager
2025-10-21 13:03:19,943 [INFO] IPUIPlugin:80 - create IPUIPlugin
2025-10-21 13:03:19,943 [INFO] PluginManager:220 - loadIPPluginJar : add aes
2025-10-21 13:03:19,950 [INFO] IPUIPlugin:80 - create IPUIPlugin
2025-10-21 13:03:19,950 [INFO] PluginManager:220 - loadIPPluginJar : add gpio
2025-10-21 13:03:19,955 [INFO] IPUIPlugin:80 - create IPUIPlugin
2025-10-21 13:03:19,955 [INFO] PluginManager:220 - loadIPPluginJar : add touchsensing
2025-10-21 13:03:19,959 [INFO] IPUIPlugin:80 - create IPUIPlugin
2025-10-21 13:03:19,959 [INFO] PluginManager:220 - loadIPPluginJar : add spi
2025-10-21 13:03:19,966 [INFO] IPUIPlugin:80 - create IPUIPlugin
2025-10-21 13:03:19,966 [INFO] PluginManager:220 - loadIPPluginJar : add opamp
2025-10-21 13:03:19,975 [INFO] IPUIPlugin:80 - create IPUIPlugin
2025-10-21 13:03:19,975 [INFO] PluginManager:220 - loadIPPluginJar : add linkedlist
2025-10-21 13:03:19,978 [INFO] IPUIPlugin:80 - create IPUIPlugin
2025-10-21 13:03:19,978 [INFO] PluginManager:220 - loadIPPluginJar : add hash
2025-10-21 13:03:19,980 [INFO] IPUIPlugin:80 - create IPUIPlugin
2025-10-21 13:03:19,980 [INFO] PluginManager:220 - loadIPPluginJar : add i2s
2025-10-21 13:03:19,984 [INFO] IPUIPlugin:80 - create IPUIPlugin
2025-10-21 13:03:19,984 [INFO] PluginManager:220 - loadIPPluginJar : add pdm2pcm
2025-10-21 13:03:19,986 [INFO] IPUIPlugin:80 - create IPUIPlugin
2025-10-21 13:03:19,987 [INFO] PluginManager:220 - loadIPPluginJar : add usart
2025-10-21 13:03:19,990 [INFO] IPUIPlugin:80 - create IPUIPlugin
2025-10-21 13:03:19,990 [INFO] PluginManager:220 - loadIPPluginJar : add openamp
2025-10-21 13:03:19,993 [INFO] IPUIPlugin:80 - create IPUIPlugin
2025-10-21 13:03:19,994 [INFO] PluginManager:220 - loadIPPluginJar : add i3c
2025-10-21 13:03:19,998 [INFO] IPUIPlugin:80 - create IPUIPlugin
2025-10-21 13:03:19,998 [INFO] PluginManager:220 - loadIPPluginJar : add resmgrutility
2025-10-21 13:03:20,004 [INFO] IPUIPlugin:80 - create IPUIPlugin
2025-10-21 13:03:20,005 [INFO] PluginManager:220 - loadIPPluginJar : add freertos
2025-10-21 13:03:20,006 [INFO] IPUIPlugin:80 - create IPUIPlugin
2025-10-21 13:03:20,007 [INFO] PluginManager:220 - loadIPPluginJar : add comp
2025-10-21 13:03:20,013 [INFO] IPUIPlugin:80 - create IPUIPlugin
2025-10-21 13:03:20,013 [INFO] PluginManager:220 - loadIPPluginJar : add gic
2025-10-21 13:03:20,021 [INFO] IPUIPlugin:80 - create IPUIPlugin
2025-10-21 13:03:20,024 [INFO] PluginManager:220 - loadIPPluginJar : add plateformsettings
2025-10-21 13:03:20,032 [INFO] IPUIPlugin:80 - create IPUIPlugin
2025-10-21 13:03:20,032 [INFO] PluginManager:220 - loadIPPluginJar : add dma
2025-10-21 13:03:20,036 [INFO] IPUIPlugin:80 - create IPUIPlugin
2025-10-21 13:03:20,037 [INFO] PluginManager:220 - loadIPPluginJar : add gtzc
2025-10-21 13:03:20,041 [INFO] IPUIPlugin:80 - create IPUIPlugin
2025-10-21 13:03:20,041 [INFO] PluginManager:220 - loadIPPluginJar : add ddr_ctrl_phy
2025-10-21 13:03:20,042 [INFO] IPUIPlugin:80 - create IPUIPlugin
2025-10-21 13:03:20,043 [INFO] PluginManager:220 - loadIPPluginJar : add genericplugin
2025-10-21 13:03:20,045 [INFO] IPUIPlugin:80 - create IPUIPlugin
2025-10-21 13:03:20,045 [INFO] PluginManager:220 - loadIPPluginJar : add ts
2025-10-21 13:03:20,052 [INFO] IPUIPlugin:80 - create IPUIPlugin
2025-10-21 13:03:20,052 [INFO] PluginManager:220 - loadIPPluginJar : add stm32_wpan
2025-10-21 13:03:20,054 [INFO] IPUIPlugin:80 - create IPUIPlugin
2025-10-21 13:03:20,055 [INFO] PluginManager:220 - loadIPPluginJar : add ucpd
2025-10-21 13:03:20,062 [INFO] IPUIPlugin:80 - create IPUIPlugin
2025-10-21 13:03:20,062 [INFO] PluginManager:220 - loadIPPluginJar : add adc
2025-10-21 13:03:20,063 [INFO] IPUIPlugin:80 - create IPUIPlugin
2025-10-21 13:03:20,064 [INFO] PluginManager:220 - loadIPPluginJar : add ltdc
2025-10-21 13:03:20,066 [INFO] IPUIPlugin:80 - create IPUIPlugin
2025-10-21 13:03:20,066 [INFO] PluginManager:220 - loadIPPluginJar : add radio
2025-10-21 13:03:20,070 [INFO] IPUIPlugin:80 - create IPUIPlugin
2025-10-21 13:03:20,070 [INFO] PluginManager:220 - loadIPPluginJar : add sai
2025-10-21 13:03:20,073 [INFO] IPUIPlugin:80 - create IPUIPlugin
2025-10-21 13:03:20,073 [INFO] PluginManager:220 - loadIPPluginJar : add tim
2025-10-21 13:03:20,079 [INFO] IPUIPlugin:80 - create IPUIPlugin
2025-10-21 13:03:20,079 [INFO] PluginManager:220 - loadIPPluginJar : add nvic
2025-10-21 13:03:20,083 [INFO] IPUIPlugin:80 - create IPUIPlugin
2025-10-21 13:03:20,083 [INFO] PluginManager:220 - loadIPPluginJar : add cryp
2025-10-21 13:03:20,087 [INFO] IPUIPlugin:80 - create IPUIPlugin
2025-10-21 13:03:20,087 [INFO] PluginManager:220 - loadIPPluginJar : add i2c
2025-10-21 13:03:20,094 [INFO] IPUIPlugin:80 - create IPUIPlugin
2025-10-21 13:03:20,095 [INFO] PluginManager:220 - loadIPPluginJar : add fmc
2025-10-21 13:03:20,097 [INFO] IPUIPlugin:80 - create IPUIPlugin
2025-10-21 13:03:20,097 [INFO] PluginManager:220 - loadIPPluginJar : add fatfs
2025-10-21 13:03:20,102 [INFO] IPUIPlugin:80 - create IPUIPlugin
2025-10-21 13:03:20,102 [INFO] PluginManager:220 - loadIPPluginJar : add can
2025-10-21 13:03:20,107 [INFO] IPUIPlugin:80 - create IPUIPlugin
2025-10-21 13:03:20,107 [INFO] PluginManager:220 - loadIPPluginJar : add ipddr
2025-10-21 13:03:20,110 [INFO] IPUIPlugin:80 - create IPUIPlugin
2025-10-21 13:03:20,111 [INFO] PluginManager:220 - loadIPPluginJar : add gfxmmu
2025-10-21 13:03:20,113 [INFO] IPUIPlugin:80 - create IPUIPlugin
2025-10-21 13:03:20,114 [INFO] PluginManager:220 - loadIPPluginJar : add tracer_emb
2025-10-21 13:03:20,117 [INFO] IPUIPlugin:80 - create IPUIPlugin
2025-10-21 13:03:20,118 [INFO] PluginManager:220 - loadIPPluginJar : add lorawan
2025-10-21 13:03:20,121 [INFO] IPUIPlugin:80 - create IPUIPlugin
2025-10-21 13:03:20,122 [INFO] PluginManager:220 - loadIPPluginJar : add dfsdm
2025-10-21 13:03:20,246 [FATAL] Updater:351 - Updater called before beeing initialized
2025-10-21 13:03:20,290 [INFO] RulesReader:64 - Compatibility file has been processed (317 Rules)
2025-10-21 13:03:20,310 [INFO] RulesReader:64 - Compatibility file has been processed (317 Rules)
2025-10-21 13:03:20,321 [INFO] CADModel:165 - CPN selected for project level
2025-10-21 13:03:20,321 [INFO] CADModel:114 - Register for checkConnection events
2025-10-21 13:03:20,322 [FATAL] Updater:351 - Updater called before beeing initialized
2025-10-21 13:03:20,322 [ERROR] CADModel:125 - Updater not yet initialized, retry later 
2025-10-21 13:03:20,495 [FATAL] Updater:351 - Updater called before beeing initialized
2025-10-21 13:03:20,497 [INFO] CADModel:165 - CPN selected for project level
2025-10-21 13:03:20,497 [INFO] CADModel:114 - Register for checkConnection events
2025-10-21 13:03:20,497 [FATAL] Updater:351 - Updater called before beeing initialized
2025-10-21 13:03:20,498 [ERROR] CADModel:125 - Updater not yet initialized, retry later 
2025-10-21 13:03:20,503 [FATAL] Updater:351 - Updater called before beeing initialized
2025-10-21 13:03:20,630 [FATAL] Updater:351 - Updater called before beeing initialized
2025-10-21 13:03:20,634 [INFO] DbMcusAds:53 - JSON generation date=Thu Oct 02 15:06:05 IST 2025 (1759397765645)
2025-10-21 13:03:20,634 [FATAL] Updater:351 - Updater called before beeing initialized
2025-10-21 13:03:20,692 [WARN] DetailPanel:346 - Failed to get advertising image, set to default
2025-10-21 13:03:20,805 [FATAL] Updater:351 - Updater called before beeing initialized
2025-10-21 13:03:20,808 [FATAL] Updater:351 - Updater called before beeing initialized
2025-10-21 13:03:20,808 [FATAL] Updater:351 - Updater called before beeing initialized
2025-10-21 13:03:20,808 [WARN] DetailPanel:346 - Failed to get advertising image, set to default
2025-10-21 13:03:20,809 [FATAL] Updater:351 - Updater called before beeing initialized
2025-10-21 13:03:20,852 [ERROR] Updater:1198 - MainUpdater not yet initialized. External WinMGr cannot be set.
2025-10-21 13:03:20,854 [INFO] Updater:1134 - Updater Version found : 6.15.0
2025-10-21 13:03:20,878 [INFO] ApplicationProperties:184 - Using Application install path: /opt/st/stm32cubeide_1.19.0/plugins/com.st.stm32cube.common.mx_6.15.0.202507011659
2025-10-21 13:03:21,883 [INFO] MainUpdater:2872 - connection check result : 10
2025-10-21 13:03:21,884 [INFO] MainUpdater:289 - Updater Check For Update Now.
2025-10-21 13:03:21,884 [INFO] MicroXplorer:498 - Change Database Version : DB.6.0.150
2025-10-21 13:03:21,893 [INFO] McuFinderGlobals:63 - Set McuFinder mode to 2 (CubeIDE integrated)
2025-10-21 13:03:21,893 [INFO] UserAuth:171 - activating auth plugin
2025-10-21 13:03:21,900 [INFO] UserAuth:487 - Internet connection configuration mode: 1
2025-10-21 13:03:21,969 [INFO] JxBrowserEngine:152 - Initiate JxBrowser Engine with user profile folder
2025-10-21 13:03:22,156 [INFO] CheckServerUpdateThread:120 - End of CheckServer Thread
2025-10-21 13:03:22,585 [WARN] PackLoader:240 - Cannot read IP mode file for STMicroelectronics.FP-SNS-MOTENVWB1.1.4.0
2025-10-21 13:03:22,598 [WARN] PackLoader:240 - Cannot read IP mode file for STMicroelectronics.FP-ATR-ASTRA1.2.0.2
2025-10-21 13:03:22,608 [WARN] PackLoader:240 - Cannot read IP mode file for STMicroelectronics.X-CUBE-SMBUS.2.1.0
2025-10-21 13:03:22,615 [WARN] PackLoader:240 - Cannot read IP mode file for STMicroelectronics.X-CUBE-ST60.1.0.0
2025-10-21 13:03:22,670 [WARN] PackLoader:240 - Cannot read IP mode file for STMicroelectronics.X-CUBE-AZRTOS-F7.1.1.0
2025-10-21 13:03:22,682 [WARN] PackLoader:240 - Cannot read IP mode file for Cesanta.I-CUBE-Mongoose.7.19.0
2025-10-21 13:03:22,697 [WARN] PackLoader:240 - Cannot read IP mode file for WES.I-CUBE-Cesium.1.4.0
2025-10-21 13:03:22,741 [WARN] PackLoader:240 - Cannot read IP mode file for Infineon.AIROC-Wi-Fi-Bluetooth-STM32.1.7.1
2025-10-21 13:03:22,761 [WARN] PackLoader:240 - Cannot read IP mode file for STMicroelectronics.X-CUBE-DISPLAY.3.0.0
2025-10-21 13:03:22,780 [WARN] PackLoader:240 - Cannot read IP mode file for STMicroelectronics.X-CUBE-NFC10.1.0.0
2025-10-21 13:03:22,789 [WARN] PackLoader:240 - Cannot read IP mode file for STMicroelectronics.X-CUBE-ST60.1.1.0
2025-10-21 13:03:22,798 [WARN] PackLoader:240 - Cannot read IP mode file for emotas.I-CUBE-CANOPEN.1.3.0
2025-10-21 13:03:22,804 [WARN] PackLoader:240 - Cannot read IP mode file for STMicroelectronics.FP-SNS-SMARTAG2.1.2.0
2025-10-21 13:03:22,812 [WARN] PackLoader:240 - Cannot read IP mode file for STMicroelectronics.FP-SNS-FLIGHT1.5.1.0
2025-10-21 13:03:22,828 [INFO] LogOutputStream:77 - [STDOUT_REDIRECT] 1 : Invalid condition id : UX_CORESTACK_Condition cause : null
2025-10-21 13:03:22,829 [INFO] LogOutputStream:77 - [STDOUT_REDIRECT] 1 : Invalid condition id : UX_CORESTACK_Condition cause : null
2025-10-21 13:03:22,829 [INFO] LogOutputStream:77 - [STDOUT_REDIRECT] 1 : Invalid condition id : UX_CORESTACK_Condition cause : null
2025-10-21 13:03:22,830 [INFO] LogOutputStream:77 - [STDOUT_REDIRECT] 1 : Invalid condition id : UX_CORESTACK_Condition cause : null
2025-10-21 13:03:22,830 [INFO] LogOutputStream:77 - [STDOUT_REDIRECT] 1 : Invalid condition id : UX_CORESTACK_Condition cause : null
2025-10-21 13:03:22,836 [WARN] PackLoader:240 - Cannot read IP mode file for STMicroelectronics.X-CUBE-AZRTOS-WL.2.0.0
2025-10-21 13:03:22,845 [WARN] PackLoader:240 - Cannot read IP mode file for STMicroelectronics.FP-SNS-MOTENV1.5.0.0
2025-10-21 13:03:22,853 [WARN] PackLoader:240 - Cannot read IP mode file for STMicroelectronics.X-CUBE-BLE2.3.3.0
2025-10-21 13:03:22,867 [WARN] PackLoader:240 - Cannot read IP mode file for STMicroelectronics.X-CUBE-NFC9.1.0.0
2025-10-21 13:03:22,876 [WARN] PackLoader:240 - Cannot read IP mode file for STMicroelectronics.X-CUBE-BLE1.7.1.0
2025-10-21 13:03:22,888 [WARN] PackLoader:240 - Cannot read IP mode file for STMicroelectronics.X-CUBE-ST67W61.1.1.0
2025-10-21 13:03:22,915 [WARN] PackLoader:240 - Cannot read IP mode file for STMicroelectronics.X-CUBE-AZRTOS-G0.1.1.0
2025-10-21 13:03:22,930 [WARN] PackLoader:240 - Cannot read IP mode file for STMicroelectronics.X-CUBE-SAFEA1.1.2.2
2025-10-21 13:03:22,943 [WARN] PackLoader:240 - Cannot read IP mode file for STMicroelectronics.X-CUBE-NFC4.3.0.0
2025-10-21 13:03:22,986 [WARN] PackLoader:240 - Cannot read IP mode file for EmbeddedOffice.I-CUBE-FS-RTOS.1.0.1
2025-10-21 13:03:23,004 [WARN] PackLoader:240 - Cannot read IP mode file for STMicroelectronics.X-CUBE-WB05N.2.0.0
2025-10-21 13:03:23,012 [WARN] PackLoader:240 - Cannot read IP mode file for STMicroelectronics.X-CUBE-TCPP.4.2.0
2025-10-21 13:03:23,023 [WARN] PackLoader:240 - Cannot read IP mode file for RealThread.X-CUBE-RT-Thread_Nano.4.1.1
2025-10-21 13:03:23,028 [WARN] PackLoader:240 - Cannot read IP mode file for STMicroelectronics.FP-ATR-SIGFOX1.3.2.0
2025-10-21 13:03:23,035 [WARN] PackLoader:240 - Cannot read IP mode file for ITTIA_DB.I-CUBE-ITTIADB.8.9.0
2025-10-21 13:03:23,042 [WARN] PackLoader:240 - Cannot read IP mode file for STMicroelectronics.X-CUBE-ST67W61.1.0.0
2025-10-21 13:03:23,102 [WARN] PackLoader:240 - Cannot read IP mode file for SEGGER.I-CUBE-embOS.1.3.1
2025-10-21 13:03:23,213 [WARN] PackLoader:240 - Cannot read IP mode file for STMicroelectronics.X-CUBE-ALGOBUILD.1.4.0
2025-10-21 13:03:23,310 [WARN] PackLoader:240 - Cannot read IP mode file for STMicroelectronics.X-CUBE-MEMS1.11.3.0
2025-10-21 13:03:23,662 [WARN] PackLoader:240 - Cannot read IP mode file for STMicroelectronics.X-CUBE-PM33A1.1.0.0
2025-10-21 13:03:23,701 [WARN] PackLoader:240 - Cannot read IP mode file for STMicroelectronics.X-CUBE-AZRTOS-F4.1.1.0
2025-10-21 13:03:23,715 [WARN] PackLoader:240 - Cannot read IP mode file for STMicroelectronics.X-CUBE-ISPU.2.1.0
2025-10-21 13:03:23,815 [WARN] PackLoader:240 - Cannot read IP mode file for STMicroelectronics.X-CUBE-IPS.3.2.0
2025-10-21 13:03:23,955 [WARN] PackLoader:240 - Cannot read IP mode file for STMicroelectronics.X-CUBE-AZRTOS-L5.2.0.0
2025-10-21 13:03:23,994 [WARN] PackLoader:240 - Cannot read IP mode file for STMicroelectronics.X-CUBE-NFC6.3.1.0
2025-10-21 13:03:24,020 [WARN] PackLoader:240 - Cannot read IP mode file for STMicroelectronics.X-CUBE-FREERTOS.1.3.1
2025-10-21 13:03:24,039 [WARN] PackLoader:240 - Cannot read IP mode file for STMicroelectronics.X-CUBE-TOUCHGFX.4.26.0
2025-10-21 13:03:24,059 [WARN] PackLoader:240 - Cannot read IP mode file for STMicroelectronics.X-CUBE-DPower.1.3.0
2025-10-21 13:03:24,107 [WARN] ConditionMgr:438 - getConditionDescription Invalid condition id : LAN8742 Phy interface Condition cause : null
2025-10-21 13:03:24,109 [WARN] PackLoader:240 - Cannot read IP mode file for STMicroelectronics.X-CUBE-AZRTOS-L4.2.0.0
2025-10-21 13:03:24,116 [WARN] ConditionMgr:1044 - genDependencies : Invalid condition id : LAN8742 Phy interface Condition cause : null
2025-10-21 13:03:24,117 [WARN] ConditionMgr:1044 - genDependencies : Invalid condition id : LAN8742 Phy interface Condition cause : null
2025-10-21 13:03:24,118 [WARN] ConditionMgr:1044 - genDependencies : Invalid condition id : LAN8742 Phy interface Condition cause : null
2025-10-21 13:03:24,171 [WARN] PackLoader:240 - Cannot read IP mode file for STMicroelectronics.X-CUBE-SFXS2LP1.4.0.0
2025-10-21 13:03:24,208 [WARN] ConditionMgr:438 - getConditionDescription Invalid condition id : UX DEVICE CLASS RTOS Condition cause : null
2025-10-21 13:03:24,208 [WARN] ConditionMgr:438 - getConditionDescription Invalid condition id : UX DEVICE CLASS RTOS Condition cause : null
2025-10-21 13:03:24,212 [WARN] PackLoader:240 - Cannot read IP mode file for STMicroelectronics.X-CUBE-AZRTOS-WB.2.0.0
2025-10-21 13:03:24,214 [WARN] ConditionMgr:1044 - genDependencies : Invalid condition id : UX DEVICE CLASS RTOS Condition cause : null
2025-10-21 13:03:24,214 [WARN] ConditionMgr:1044 - genDependencies : Invalid condition id : UX DEVICE CLASS RTOS Condition cause : null
2025-10-21 13:03:24,215 [WARN] ConditionMgr:1044 - genDependencies : Invalid condition id : UX DEVICE CLASS RTOS Condition cause : null
2025-10-21 13:03:24,215 [WARN] ConditionMgr:1044 - genDependencies : Invalid condition id : UX DEVICE CLASS RTOS Condition cause : null
2025-10-21 13:03:24,215 [WARN] ConditionMgr:1044 - genDependencies : Invalid condition id : UX DEVICE CLASS RTOS Condition cause : null
2025-10-21 13:03:24,231 [WARN] PackLoader:240 - Cannot read IP mode file for STMicroelectronics.X-CUBE-GNSS1.7.0.1
2025-10-21 13:03:24,238 [WARN] PackLoader:240 - Cannot read IP mode file for STMicroelectronics.X-CUBE-TOUCHGFX.4.25.0
2025-10-21 13:03:24,242 [WARN] ConditionMgr:438 - getConditionDescription Invalid condition id : Cortex-A Device cause : null
2025-10-21 13:03:24,265 [WARN] ConditionMgr:1044 - genDependencies : Invalid condition id : Cortex-A Device cause : null
2025-10-21 13:03:24,265 [WARN] ConditionMgr:1044 - genDependencies : Invalid condition id : Cortex-A Device cause : null
2025-10-21 13:03:24,266 [WARN] ConditionMgr:1044 - genDependencies : Invalid condition id : Cortex-A Device cause : null
2025-10-21 13:03:24,287 [WARN] PackLoader:240 - Cannot read IP mode file for STMicroelectronics.X-CUBE-SUBG2.5.0.0
2025-10-21 13:03:24,335 [WARN] PackLoader:240 - Cannot read IP mode file for STMicroelectronics.X-CUBE-AZRTOS-H7RS.1.1.0
2025-10-21 13:03:24,364 [WARN] PackLoader:240 - Cannot read IP mode file for STMicroelectronics.X-CUBE-AZRTOS-G4.2.0.0
2025-10-21 13:03:24,374 [WARN] PackLoader:240 - Cannot read IP mode file for STMicroelectronics.X-CUBE-NFC7.2.0.0
2025-10-21 13:03:24,403 [WARN] PackLoader:240 - Cannot read IP mode file for STMicroelectronics.X-CUBE-IPS.3.1.0
2025-10-21 13:03:24,424 [WARN] PackLoader:240 - Cannot read IP mode file for STMicroelectronics.X-CUBE-ALS.1.0.2
2025-10-21 13:03:24,439 [WARN] PackLoader:240 - Cannot read IP mode file for STMicroelectronics.X-CUBE-STSE01.1.0.0
2025-10-21 13:03:24,448 [WARN] PackLoader:240 - Cannot read IP mode file for portGmbH.I-Cube-SoM-uGOAL.1.1.0
2025-10-21 13:03:24,449 [INFO] WebApp:169 - Instantiating new browser for Auth
2025-10-21 13:03:24,464 [WARN] PackLoader:240 - Cannot read IP mode file for STMicroelectronics.X-CUBE-TOF1.3.4.3
2025-10-21 13:03:24,483 [INFO] ThirdParty:978 - Integrity check success = true
2025-10-21 13:03:24,484 [INFO] IntegrityCheckThread:100 - exiting critical section [integrity check]
2025-10-21 13:03:24,484 [INFO] IntegrityCheckThread:103 - End integrity checks thread
2025-10-21 13:03:25,904 [INFO] WebApp:463 - Apply proxy settings
2025-10-21 13:03:25,905 [INFO] WebApp:548 - Chromium requires no authentication
2025-10-21 13:03:25,930 [INFO] WebApp:491 - Direct internet connection detected
2025-10-21 13:03:25,984 [INFO] WebApp:900 - Register for checkConnection events
2025-10-21 13:03:25,985 [INFO] WebApp:463 - Apply proxy settings
2025-10-21 13:03:25,986 [INFO] WebApp:548 - Chromium requires no authentication
2025-10-21 13:03:25,989 [INFO] WebApp:491 - Direct internet connection detected
2025-10-21 13:03:26,395 [INFO] WebApp:191 - Connection restablished
2025-10-21 13:03:26,439 [INFO] WebApp:225 - Starting web application
2025-10-21 13:03:26,439 [INFO] WebApp:593 - Web application path used /opt/st/stm32cubeide_1.19.0/plugins/com.st.stm32cube.common.mx_6.15.0.202507011659/db/plugins/mcufinder/reactClient1/index.html
2025-10-21 14:07:47,643 [INFO] WebApp:194 - Connection lost
2025-10-21 14:07:57,490 [INFO] WebApp:191 - Connection restablished
2025-10-21 14:14:26,496 [INFO] WebApp:194 - Connection lost
2025-10-21 14:14:38,986 [INFO] WebApp:191 - Connection restablished
2025-10-21 16:07:46,772 [INFO] WebApp:194 - Connection lost
2025-10-21 16:07:55,432 [INFO] WebApp:191 - Connection restablished
2025-10-21 16:14:24,506 [INFO] WebApp:194 - Connection lost
2025-10-21 16:14:27,215 [INFO] WebApp:191 - Connection restablished
2025-10-21 18:14:25,802 [INFO] WebApp:194 - Connection lost
2025-10-21 18:14:43,416 [INFO] WebApp:191 - Connection restablished
2025-10-21 18:14:47,187 [INFO] WebApp:194 - Connection lost
2025-10-21 18:14:47,780 [INFO] WebApp:191 - Connection restablished
2025-10-21 18:24:21,329 [ERROR] LogOutputStream:75 - [STDERR_REDIRECT] 
2025-10-21 22:50:38,947 [INFO] Activator:176 - 


2025-10-21 22:50:38,949 [INFO] Activator:177 - !SESSION log4j initialized
2025-10-21 22:50:45,073 [INFO] LogOutputStream:77 - [STDOUT_REDIRECT] 
2025-10-21 22:50:47,063 [INFO] ApplicationProperties:184 - Using Application install path: /opt/st/stm32cubeide_1.19.0/plugins/com.st.stm32cube.common.mx_6.15.0.202507011659
2025-10-21 22:50:47,107 [INFO] DbMcusXml:78 - Set database path to: /opt/st/stm32cubeide_1.19.0/plugins/com.st.stm32cube.common.mx_6.15.0.202507011659//db//mcu/
2025-10-21 22:50:47,107 [INFO] ApiDb:274 - Set plugin database path to: /opt/st/stm32cubeide_1.19.0/plugins/com.st.stm32cube.common.mx_6.15.0.202507011659//db//plugins/boardmanager/
2025-10-21 22:50:47,108 [WARN] ApiDb:259 - Overriding images path with different value:  => /opt/st/stm32cubeide_1.19.0/plugins/com.st.stm32cube.common.mx_6.15.0.202507011659//db//plugins/mcufinder/images/
2025-10-21 22:50:47,124 [INFO] ApiDb:250 - Set database path to: /home/ankith/.stmcufinder/plugins/mcufinder//mcu/
2025-10-21 22:50:47,126 [INFO] DbMcusAds:125 - Set database path to: /home/ankith/.stmcufinder/plugins/mcufinder//mcu/
2025-10-21 22:50:47,135 [INFO] CrossReferenceDbSqlite:203 - Set database path to: /home/ankith/.stmcufinder/plugins/mcufinder//mcu/cs/
2025-10-21 22:50:47,392 [INFO] RulesReader:64 - Compatibility file has been processed (317 Rules)
2025-10-21 22:50:47,509 [INFO] DbMcusXml:78 - Set database path to: /opt/st/stm32cubeide_1.19.0/plugins/com.st.stm32cube.common.mx_6.15.0.202507011659//db//mcu/
2025-10-21 22:50:47,510 [INFO] ApiDb:274 - Set plugin database path to: /opt/st/stm32cubeide_1.19.0/plugins/com.st.stm32cube.common.mx_6.15.0.202507011659//db//plugins/boardmanager/
2025-10-21 22:50:47,510 [INFO] ApiDb:261 - Set plugin images path to: /opt/st/stm32cubeide_1.19.0/plugins/com.st.stm32cube.common.mx_6.15.0.202507011659//db//plugins/mcufinder/images/
2025-10-21 22:50:47,510 [WARN] DbFile:41 - Overriding database path with different value: /home/ankith/.stmcufinder/plugins/mcufinder/ => /home/ankith/.stmcufinder/plugins/mcufinder
2025-10-21 22:50:47,510 [INFO] ApiDb:250 - Set database path to: /home/ankith/.stmcufinder/plugins/mcufinder//mcu/
2025-10-21 22:50:47,511 [WARN] DbFile:41 - Overriding database path with different value: /home/ankith/.stmcufinder/plugins/mcufinder/ => /home/ankith/.stmcufinder/plugins/mcufinder
2025-10-21 22:50:47,511 [INFO] DbMcusAds:125 - Set database path to: /home/ankith/.stmcufinder/plugins/mcufinder//mcu/
2025-10-21 22:50:47,511 [WARN] DbFile:41 - Overriding database path with different value: /home/ankith/.stmcufinder/plugins/mcufinder/ => /home/ankith/.stmcufinder/plugins/mcufinder
2025-10-21 22:50:47,511 [WARN] DbFile:41 - Overriding database path with different value: /home/ankith/.stmcufinder/plugins/mcufinder/ => /home/ankith/.stmcufinder/plugins/mcufinder
2025-10-21 22:50:47,511 [INFO] CrossReferenceDbSqlite:203 - Set database path to: /home/ankith/.stmcufinder/plugins/mcufinder//mcu/cs/
2025-10-21 22:50:47,626 [INFO] MainPanel:274 - HeapMemory: 268435456
2025-10-21 22:50:47,811 [INFO] DbMcusXml:78 - Set database path to: /opt/st/stm32cubeide_1.19.0/plugins/com.st.stm32cube.common.mx_6.15.0.202507011659//db//mcu/
2025-10-21 22:50:47,812 [INFO] ApiDb:274 - Set plugin database path to: /opt/st/stm32cubeide_1.19.0/plugins/com.st.stm32cube.common.mx_6.15.0.202507011659//db//plugins/boardmanager/
2025-10-21 22:50:47,812 [INFO] ApiDb:261 - Set plugin images path to: /opt/st/stm32cubeide_1.19.0/plugins/com.st.stm32cube.common.mx_6.15.0.202507011659//db//plugins/mcufinder/images/
2025-10-21 22:50:47,813 [WARN] DbFile:41 - Overriding database path with different value: /home/ankith/.stmcufinder/plugins/mcufinder/ => /home/ankith/.stmcufinder/plugins/mcufinder
2025-10-21 22:50:47,813 [INFO] ApiDb:250 - Set database path to: /home/ankith/.stmcufinder/plugins/mcufinder//mcu/
2025-10-21 22:50:47,813 [WARN] DbFile:41 - Overriding database path with different value: /home/ankith/.stmcufinder/plugins/mcufinder/ => /home/ankith/.stmcufinder/plugins/mcufinder
2025-10-21 22:50:47,813 [INFO] DbMcusAds:125 - Set database path to: /home/ankith/.stmcufinder/plugins/mcufinder//mcu/
2025-10-21 22:50:47,813 [WARN] DbFile:41 - Overriding database path with different value: /home/ankith/.stmcufinder/plugins/mcufinder/ => /home/ankith/.stmcufinder/plugins/mcufinder
2025-10-21 22:50:47,814 [WARN] DbFile:41 - Overriding database path with different value: /home/ankith/.stmcufinder/plugins/mcufinder/ => /home/ankith/.stmcufinder/plugins/mcufinder
2025-10-21 22:50:47,814 [INFO] CrossReferenceDbSqlite:203 - Set database path to: /home/ankith/.stmcufinder/plugins/mcufinder//mcu/cs/
2025-10-21 22:50:47,842 [INFO] ApplicationProperties:184 - Using Application install path: /opt/st/stm32cubeide_1.19.0/plugins/com.st.stm32cube.common.mx_6.15.0.202507011659
2025-10-21 22:50:47,845 [INFO] PluginManage:196 - Search for loadable plugins [exclusion list=, ]
2025-10-21 22:50:47,847 [INFO] PluginManage:310 - Check plugin analytics
2025-10-21 22:50:48,167 [INFO] AnalyticsPlugin:253 - Accepted Software Licenses: 
2025-10-21 22:50:48,167 [INFO] AnalyticsPlugin:255 - Accepted CMSIS Pack Licenses: 
2025-10-21 22:50:48,168 [INFO] AnalyticsPlugin:257 - Accepted Firmware Licenses: 
2025-10-21 22:50:48,174 [INFO] PluginManage:359 - Loaded plugin analytics (category:tool,tabindex:-1)
2025-10-21 22:50:48,174 [INFO] PluginManage:310 - Check plugin cadmodel
2025-10-21 22:50:48,182 [INFO] CADModel:105 - Init CAD model plugin
2025-10-21 22:50:48,183 [INFO] PluginManage:359 - Loaded plugin cadmodel (category:power,tabindex:5)
2025-10-21 22:50:48,183 [INFO] PluginManage:310 - Check plugin clock
2025-10-21 22:50:48,199 [INFO] PluginManage:359 - Loaded plugin clock (category:base,tabindex:2)
2025-10-21 22:50:48,200 [INFO] PluginManage:310 - Check plugin ddr
2025-10-21 22:50:48,203 [INFO] PluginManage:359 - Loaded plugin ddr (category:tool,tabindex:6)
2025-10-21 22:50:48,203 [INFO] PluginManage:310 - Check plugin filemanager
2025-10-21 22:50:48,412 [INFO] PluginManage:359 - Loaded plugin filemanager (category:base,tabindex:10)
2025-10-21 22:50:48,413 [INFO] PluginManage:310 - Check plugin ipmanager
2025-10-21 22:50:48,420 [INFO] PluginManage:359 - Loaded plugin ipmanager (category:base,tabindex:5)
2025-10-21 22:50:48,420 [INFO] PluginManage:310 - Check plugin lpbam
2025-10-21 22:50:48,434 [INFO] PluginManage:359 - Loaded plugin lpbam (category:base,tabindex:0)
2025-10-21 22:50:48,435 [INFO] PluginManage:310 - Check plugin memorymap
2025-10-21 22:50:48,452 [INFO] PluginManage:359 - Loaded plugin memorymap (category:base,tabindex:4)
2025-10-21 22:50:48,453 [INFO] PluginManage:310 - Check plugin pinoutandconfiguration
2025-10-21 22:50:48,462 [INFO] PluginManage:359 - Loaded plugin pinoutandconfiguration (category:base,tabindex:1)
2025-10-21 22:50:48,462 [INFO] PluginManage:310 - Check plugin pinoutconfig
2025-10-21 22:50:48,591 [WARN] SupportedApi:132 - Cannot load RTOS API schema: s4s-elt-must-match.1: The content of 'definitions' must match (annotation?, (simpleType | complexType)?, (unique | key | keyref)*)). A problem was found starting at: attribute.
2025-10-21 22:50:48,785 [INFO] PluginManage:359 - Loaded plugin pinoutconfig (category:base,tabindex:0)
2025-10-21 22:50:48,785 [INFO] PluginManage:310 - Check plugin power
2025-10-21 22:50:48,800 [INFO] PluginManage:359 - Loaded plugin power (category:power,tabindex:4)
2025-10-21 22:50:48,800 [INFO] PluginManage:310 - Check plugin projectmanager
2025-10-21 22:50:48,830 [INFO] PluginManage:359 - Loaded plugin projectmanager (category:projectmanager,tabindex:4)
2025-10-21 22:50:48,830 [INFO] PluginManage:310 - Check plugin rif
2025-10-21 22:50:48,846 [INFO] PluginManage:359 - Loaded plugin rif (category:base,tabindex:3)
2025-10-21 22:50:48,847 [INFO] PluginManage:310 - Check plugin thirdparty
2025-10-21 22:50:49,092 [INFO] PluginManage:359 - Loaded plugin thirdparty (category:base,tabindex:-1)
2025-10-21 22:50:49,093 [INFO] PluginManage:310 - Check plugin tools
2025-10-21 22:50:49,093 [WARN] IntegrityCheckThread:84 - waiting for thirdparty lock release [integrity check]
2025-10-21 22:50:49,094 [INFO] IntegrityCheckThread:86 - entering critical section [integrity check]
2025-10-21 22:50:49,095 [INFO] ThirdPartyUpdaterWithRetryManager:70 - Updater plugin not ready yet. [1/15]
2025-10-21 22:50:49,099 [INFO] PluginManage:359 - Loaded plugin tools (category:base,tabindex:7)
2025-10-21 22:50:49,099 [INFO] PluginManage:310 - Check plugin tutovideos
2025-10-21 22:50:49,362 [INFO] PluginManage:359 - Loaded plugin tutovideos (category:base,tabindex:-1)
2025-10-21 22:50:49,363 [INFO] PluginManage:310 - Check plugin updater
2025-10-21 22:50:49,395 [INFO] PluginManage:359 - Loaded plugin updater (category:base,tabindex:12)
2025-10-21 22:50:49,395 [INFO] PluginManage:310 - Check plugin userauth
2025-10-21 22:50:49,401 [INFO] UserAuth:118 - Init User Auth plugin
2025-10-21 22:50:49,404 [INFO] PluginManage:359 - Loaded plugin userauth (category:base,tabindex:14)
2025-10-21 22:50:49,405 [INFO] PluginManage:283 - PluginManage : Loaded plugins [18]
2025-10-21 22:50:49,911 [INFO] PinOutPanel:1589 - setPackage(No Configuration,No Configuration)
2025-10-21 22:50:50,019 [INFO] CADModel:165 - CPN selected for project level
2025-10-21 22:50:50,020 [INFO] CADModel:114 - Register for checkConnection events
2025-10-21 22:50:50,040 [INFO] IPUIPlugin:80 - create IPUIPlugin
2025-10-21 22:50:50,040 [INFO] PluginManager:220 - loadIPPluginJar : add usbx
2025-10-21 22:50:50,042 [INFO] IPUIPlugin:80 - create IPUIPlugin
2025-10-21 22:50:50,042 [INFO] PluginManager:220 - loadIPPluginJar : add quadspi
2025-10-21 22:50:50,044 [INFO] IPUIPlugin:80 - create IPUIPlugin
2025-10-21 22:50:50,044 [INFO] PluginManager:220 - loadIPPluginJar : add tsc
2025-10-21 22:50:50,051 [INFO] IPUIPlugin:80 - create IPUIPlugin
2025-10-21 22:50:50,052 [INFO] PluginManager:220 - loadIPPluginJar : add mdma
2025-10-21 22:50:50,055 [INFO] IPUIPlugin:80 - create IPUIPlugin
2025-10-21 22:50:50,055 [INFO] PluginManager:220 - loadIPPluginJar : add dma3
2025-10-21 22:50:50,058 [INFO] IPUIPlugin:80 - create IPUIPlugin
2025-10-21 22:50:50,058 [INFO] PluginManager:220 - loadIPPluginJar : add extmemmanager
2025-10-21 22:50:50,061 [INFO] IPUIPlugin:80 - create IPUIPlugin
2025-10-21 22:50:50,061 [INFO] PluginManager:220 - loadIPPluginJar : add aes
2025-10-21 22:50:50,067 [INFO] IPUIPlugin:80 - create IPUIPlugin
2025-10-21 22:50:50,067 [INFO] PluginManager:220 - loadIPPluginJar : add gpio
2025-10-21 22:50:50,071 [INFO] IPUIPlugin:80 - create IPUIPlugin
2025-10-21 22:50:50,071 [INFO] PluginManager:220 - loadIPPluginJar : add touchsensing
2025-10-21 22:50:50,075 [INFO] IPUIPlugin:80 - create IPUIPlugin
2025-10-21 22:50:50,075 [INFO] PluginManager:220 - loadIPPluginJar : add spi
2025-10-21 22:50:50,081 [INFO] IPUIPlugin:80 - create IPUIPlugin
2025-10-21 22:50:50,082 [INFO] PluginManager:220 - loadIPPluginJar : add opamp
2025-10-21 22:50:50,090 [INFO] IPUIPlugin:80 - create IPUIPlugin
2025-10-21 22:50:50,090 [INFO] PluginManager:220 - loadIPPluginJar : add linkedlist
2025-10-21 22:50:50,093 [INFO] IPUIPlugin:80 - create IPUIPlugin
2025-10-21 22:50:50,093 [INFO] PluginManager:220 - loadIPPluginJar : add hash
2025-10-21 22:50:50,096 [INFO] IPUIPlugin:80 - create IPUIPlugin
2025-10-21 22:50:50,097 [INFO] PluginManager:220 - loadIPPluginJar : add i2s
2025-10-21 22:50:50,102 [INFO] IPUIPlugin:80 - create IPUIPlugin
2025-10-21 22:50:50,102 [INFO] PluginManager:220 - loadIPPluginJar : add pdm2pcm
2025-10-21 22:50:50,107 [INFO] IPUIPlugin:80 - create IPUIPlugin
2025-10-21 22:50:50,107 [INFO] PluginManager:220 - loadIPPluginJar : add usart
2025-10-21 22:50:50,111 [INFO] IPUIPlugin:80 - create IPUIPlugin
2025-10-21 22:50:50,112 [INFO] PluginManager:220 - loadIPPluginJar : add openamp
2025-10-21 22:50:50,115 [INFO] IPUIPlugin:80 - create IPUIPlugin
2025-10-21 22:50:50,116 [INFO] PluginManager:220 - loadIPPluginJar : add i3c
2025-10-21 22:50:50,125 [INFO] IPUIPlugin:80 - create IPUIPlugin
2025-10-21 22:50:50,125 [INFO] PluginManager:220 - loadIPPluginJar : add resmgrutility
2025-10-21 22:50:50,135 [INFO] IPUIPlugin:80 - create IPUIPlugin
2025-10-21 22:50:50,136 [INFO] PluginManager:220 - loadIPPluginJar : add freertos
2025-10-21 22:50:50,138 [INFO] IPUIPlugin:80 - create IPUIPlugin
2025-10-21 22:50:50,138 [INFO] PluginManager:220 - loadIPPluginJar : add comp
2025-10-21 22:50:50,145 [INFO] IPUIPlugin:80 - create IPUIPlugin
2025-10-21 22:50:50,145 [INFO] PluginManager:220 - loadIPPluginJar : add gic
2025-10-21 22:50:50,155 [INFO] IPUIPlugin:80 - create IPUIPlugin
2025-10-21 22:50:50,159 [INFO] PluginManager:220 - loadIPPluginJar : add plateformsettings
2025-10-21 22:50:50,167 [INFO] IPUIPlugin:80 - create IPUIPlugin
2025-10-21 22:50:50,168 [INFO] PluginManager:220 - loadIPPluginJar : add dma
2025-10-21 22:50:50,173 [INFO] IPUIPlugin:80 - create IPUIPlugin
2025-10-21 22:50:50,173 [INFO] PluginManager:220 - loadIPPluginJar : add gtzc
2025-10-21 22:50:50,178 [INFO] IPUIPlugin:80 - create IPUIPlugin
2025-10-21 22:50:50,178 [INFO] PluginManager:220 - loadIPPluginJar : add ddr_ctrl_phy
2025-10-21 22:50:50,180 [INFO] IPUIPlugin:80 - create IPUIPlugin
2025-10-21 22:50:50,181 [INFO] PluginManager:220 - loadIPPluginJar : add genericplugin
2025-10-21 22:50:50,184 [INFO] IPUIPlugin:80 - create IPUIPlugin
2025-10-21 22:50:50,184 [INFO] PluginManager:220 - loadIPPluginJar : add ts
2025-10-21 22:50:50,193 [INFO] IPUIPlugin:80 - create IPUIPlugin
2025-10-21 22:50:50,193 [INFO] PluginManager:220 - loadIPPluginJar : add stm32_wpan
2025-10-21 22:50:50,197 [INFO] IPUIPlugin:80 - create IPUIPlugin
2025-10-21 22:50:50,197 [INFO] PluginManager:220 - loadIPPluginJar : add ucpd
2025-10-21 22:50:50,205 [INFO] IPUIPlugin:80 - create IPUIPlugin
2025-10-21 22:50:50,205 [INFO] PluginManager:220 - loadIPPluginJar : add adc
2025-10-21 22:50:50,207 [INFO] IPUIPlugin:80 - create IPUIPlugin
2025-10-21 22:50:50,207 [INFO] PluginManager:220 - loadIPPluginJar : add ltdc
2025-10-21 22:50:50,210 [INFO] IPUIPlugin:80 - create IPUIPlugin
2025-10-21 22:50:50,211 [INFO] PluginManager:220 - loadIPPluginJar : add radio
2025-10-21 22:50:50,217 [INFO] IPUIPlugin:80 - create IPUIPlugin
2025-10-21 22:50:50,217 [INFO] PluginManager:220 - loadIPPluginJar : add sai
2025-10-21 22:50:50,220 [INFO] IPUIPlugin:80 - create IPUIPlugin
2025-10-21 22:50:50,220 [INFO] PluginManager:220 - loadIPPluginJar : add tim
2025-10-21 22:50:50,225 [INFO] IPUIPlugin:80 - create IPUIPlugin
2025-10-21 22:50:50,225 [INFO] PluginManager:220 - loadIPPluginJar : add nvic
2025-10-21 22:50:50,232 [INFO] IPUIPlugin:80 - create IPUIPlugin
2025-10-21 22:50:50,232 [INFO] PluginManager:220 - loadIPPluginJar : add cryp
2025-10-21 22:50:50,237 [INFO] IPUIPlugin:80 - create IPUIPlugin
2025-10-21 22:50:50,237 [INFO] PluginManager:220 - loadIPPluginJar : add i2c
2025-10-21 22:50:50,243 [INFO] IPUIPlugin:80 - create IPUIPlugin
2025-10-21 22:50:50,243 [INFO] PluginManager:220 - loadIPPluginJar : add fmc
2025-10-21 22:50:50,246 [INFO] IPUIPlugin:80 - create IPUIPlugin
2025-10-21 22:50:50,246 [INFO] PluginManager:220 - loadIPPluginJar : add fatfs
2025-10-21 22:50:50,253 [INFO] IPUIPlugin:80 - create IPUIPlugin
2025-10-21 22:50:50,254 [INFO] PluginManager:220 - loadIPPluginJar : add can
2025-10-21 22:50:50,259 [INFO] IPUIPlugin:80 - create IPUIPlugin
2025-10-21 22:50:50,259 [INFO] PluginManager:220 - loadIPPluginJar : add ipddr
2025-10-21 22:50:50,263 [INFO] IPUIPlugin:80 - create IPUIPlugin
2025-10-21 22:50:50,263 [INFO] PluginManager:220 - loadIPPluginJar : add gfxmmu
2025-10-21 22:50:50,267 [INFO] IPUIPlugin:80 - create IPUIPlugin
2025-10-21 22:50:50,268 [INFO] PluginManager:220 - loadIPPluginJar : add tracer_emb
2025-10-21 22:50:50,272 [INFO] IPUIPlugin:80 - create IPUIPlugin
2025-10-21 22:50:50,273 [INFO] PluginManager:220 - loadIPPluginJar : add lorawan
2025-10-21 22:50:50,276 [INFO] IPUIPlugin:80 - create IPUIPlugin
2025-10-21 22:50:50,276 [INFO] PluginManager:220 - loadIPPluginJar : add dfsdm
2025-10-21 22:50:50,408 [FATAL] Updater:351 - Updater called before beeing initialized
2025-10-21 22:50:50,459 [INFO] RulesReader:64 - Compatibility file has been processed (317 Rules)
2025-10-21 22:50:50,480 [INFO] RulesReader:64 - Compatibility file has been processed (317 Rules)
2025-10-21 22:50:50,496 [INFO] CADModel:165 - CPN selected for project level
2025-10-21 22:50:50,496 [INFO] CADModel:114 - Register for checkConnection events
2025-10-21 22:50:50,496 [FATAL] Updater:351 - Updater called before beeing initialized
2025-10-21 22:50:50,497 [ERROR] CADModel:125 - Updater not yet initialized, retry later 
2025-10-21 22:50:50,716 [FATAL] Updater:351 - Updater called before beeing initialized
2025-10-21 22:50:50,721 [INFO] CADModel:165 - CPN selected for project level
2025-10-21 22:50:50,722 [INFO] CADModel:114 - Register for checkConnection events
2025-10-21 22:50:50,722 [FATAL] Updater:351 - Updater called before beeing initialized
2025-10-21 22:50:50,723 [ERROR] CADModel:125 - Updater not yet initialized, retry later 
2025-10-21 22:50:50,732 [FATAL] Updater:351 - Updater called before beeing initialized
2025-10-21 22:50:50,990 [FATAL] Updater:351 - Updater called before beeing initialized
2025-10-21 22:50:50,997 [INFO] DbMcusAds:53 - JSON generation date=Thu Oct 02 15:06:05 IST 2025 (1759397765645)
2025-10-21 22:50:50,997 [FATAL] Updater:351 - Updater called before beeing initialized
2025-10-21 22:50:51,045 [WARN] DetailPanel:346 - Failed to get advertising image, set to default
2025-10-21 22:50:51,140 [FATAL] Updater:351 - Updater called before beeing initialized
2025-10-21 22:50:51,141 [FATAL] Updater:351 - Updater called before beeing initialized
2025-10-21 22:50:51,142 [FATAL] Updater:351 - Updater called before beeing initialized
2025-10-21 22:50:51,142 [WARN] DetailPanel:346 - Failed to get advertising image, set to default
2025-10-21 22:50:51,144 [FATAL] Updater:351 - Updater called before beeing initialized
2025-10-21 22:50:51,198 [ERROR] Updater:1198 - MainUpdater not yet initialized. External WinMGr cannot be set.
2025-10-21 22:50:51,201 [INFO] Updater:1134 - Updater Version found : 6.15.0
2025-10-21 22:50:51,225 [INFO] ApplicationProperties:184 - Using Application install path: /opt/st/stm32cubeide_1.19.0/plugins/com.st.stm32cube.common.mx_6.15.0.202507011659
2025-10-21 22:50:51,597 [INFO] MainUpdater:2872 - connection check result : 10
2025-10-21 22:50:51,598 [INFO] MainUpdater:289 - Updater Check For Update Now.
2025-10-21 22:50:51,599 [INFO] MicroXplorer:498 - Change Database Version : DB.6.0.150
2025-10-21 22:50:51,606 [INFO] McuFinderGlobals:63 - Set McuFinder mode to 2 (CubeIDE integrated)
2025-10-21 22:50:51,609 [INFO] UserAuth:171 - activating auth plugin
2025-10-21 22:50:51,615 [INFO] UserAuth:487 - Internet connection configuration mode: 1
2025-10-21 22:50:51,667 [INFO] JxBrowserEngine:152 - Initiate JxBrowser Engine with user profile folder
2025-10-21 22:50:51,831 [INFO] CheckServerUpdateThread:120 - End of CheckServer Thread
2025-10-21 22:50:52,759 [WARN] PackLoader:240 - Cannot read IP mode file for STMicroelectronics.FP-SNS-MOTENVWB1.1.4.0
2025-10-21 22:50:52,789 [WARN] PackLoader:240 - Cannot read IP mode file for STMicroelectronics.FP-ATR-ASTRA1.2.0.2
2025-10-21 22:50:52,808 [WARN] PackLoader:240 - Cannot read IP mode file for STMicroelectronics.X-CUBE-SMBUS.2.1.0
2025-10-21 22:50:52,820 [WARN] PackLoader:240 - Cannot read IP mode file for STMicroelectronics.X-CUBE-ST60.1.0.0
2025-10-21 22:50:52,933 [WARN] PackLoader:240 - Cannot read IP mode file for STMicroelectronics.X-CUBE-AZRTOS-F7.1.1.0
2025-10-21 22:50:52,962 [WARN] PackLoader:240 - Cannot read IP mode file for Cesanta.I-CUBE-Mongoose.7.19.0
2025-10-21 22:50:52,991 [WARN] PackLoader:240 - Cannot read IP mode file for WES.I-CUBE-Cesium.1.4.0
2025-10-21 22:50:53,082 [WARN] PackLoader:240 - Cannot read IP mode file for Infineon.AIROC-Wi-Fi-Bluetooth-STM32.1.7.1
2025-10-21 22:50:53,104 [INFO] WebApp:169 - Instantiating new browser for Auth
2025-10-21 22:50:53,114 [WARN] PackLoader:240 - Cannot read IP mode file for STMicroelectronics.X-CUBE-DISPLAY.3.0.0
2025-10-21 22:50:53,153 [WARN] PackLoader:240 - Cannot read IP mode file for STMicroelectronics.X-CUBE-NFC10.1.0.0
2025-10-21 22:50:53,180 [WARN] PackLoader:240 - Cannot read IP mode file for STMicroelectronics.X-CUBE-ST60.1.1.0
2025-10-21 22:50:53,196 [WARN] PackLoader:240 - Cannot read IP mode file for emotas.I-CUBE-CANOPEN.1.3.0
2025-10-21 22:50:53,214 [WARN] PackLoader:240 - Cannot read IP mode file for STMicroelectronics.FP-SNS-SMARTAG2.1.2.0
2025-10-21 22:50:53,221 [WARN] PackLoader:240 - Cannot read IP mode file for STMicroelectronics.FP-SNS-FLIGHT1.5.1.0
2025-10-21 22:50:53,265 [INFO] LogOutputStream:77 - [STDOUT_REDIRECT] 1 : Invalid condition id : UX_CORESTACK_Condition cause : null
2025-10-21 22:50:53,267 [INFO] LogOutputStream:77 - [STDOUT_REDIRECT] 1 : Invalid condition id : UX_CORESTACK_Condition cause : null
2025-10-21 22:50:53,272 [INFO] LogOutputStream:77 - [STDOUT_REDIRECT] 1 : Invalid condition id : UX_CORESTACK_Condition cause : null
2025-10-21 22:50:53,273 [INFO] LogOutputStream:77 - [STDOUT_REDIRECT] 1 : Invalid condition id : UX_CORESTACK_Condition cause : null
2025-10-21 22:50:53,273 [INFO] LogOutputStream:77 - [STDOUT_REDIRECT] 1 : Invalid condition id : UX_CORESTACK_Condition cause : null
2025-10-21 22:50:53,286 [WARN] PackLoader:240 - Cannot read IP mode file for STMicroelectronics.X-CUBE-AZRTOS-WL.2.0.0
2025-10-21 22:50:53,301 [WARN] PackLoader:240 - Cannot read IP mode file for STMicroelectronics.FP-SNS-MOTENV1.5.0.0
2025-10-21 22:50:53,327 [WARN] PackLoader:240 - Cannot read IP mode file for STMicroelectronics.X-CUBE-BLE2.3.3.0
2025-10-21 22:50:53,348 [WARN] PackLoader:240 - Cannot read IP mode file for STMicroelectronics.X-CUBE-NFC9.1.0.0
2025-10-21 22:50:53,367 [WARN] PackLoader:240 - Cannot read IP mode file for STMicroelectronics.X-CUBE-BLE1.7.1.0
2025-10-21 22:50:53,385 [WARN] PackLoader:240 - Cannot read IP mode file for STMicroelectronics.X-CUBE-ST67W61.1.1.0
2025-10-21 22:50:53,452 [WARN] PackLoader:240 - Cannot read IP mode file for STMicroelectronics.X-CUBE-AZRTOS-G0.1.1.0
2025-10-21 22:50:53,479 [WARN] PackLoader:240 - Cannot read IP mode file for STMicroelectronics.X-CUBE-SAFEA1.1.2.2
2025-10-21 22:50:53,492 [WARN] PackLoader:240 - Cannot read IP mode file for STMicroelectronics.X-CUBE-NFC4.3.0.0
2025-10-21 22:50:53,522 [WARN] PackLoader:240 - Cannot read IP mode file for EmbeddedOffice.I-CUBE-FS-RTOS.1.0.1
2025-10-21 22:50:53,552 [WARN] PackLoader:240 - Cannot read IP mode file for STMicroelectronics.X-CUBE-WB05N.2.0.0
2025-10-21 22:50:53,576 [WARN] PackLoader:240 - Cannot read IP mode file for STMicroelectronics.X-CUBE-TCPP.4.2.0
2025-10-21 22:50:53,597 [WARN] PackLoader:240 - Cannot read IP mode file for RealThread.X-CUBE-RT-Thread_Nano.4.1.1
2025-10-21 22:50:53,609 [WARN] PackLoader:240 - Cannot read IP mode file for STMicroelectronics.FP-ATR-SIGFOX1.3.2.0
2025-10-21 22:50:53,630 [WARN] PackLoader:240 - Cannot read IP mode file for ITTIA_DB.I-CUBE-ITTIADB.8.9.0
2025-10-21 22:50:53,648 [WARN] PackLoader:240 - Cannot read IP mode file for STMicroelectronics.X-CUBE-ST67W61.1.0.0
2025-10-21 22:50:53,718 [WARN] PackLoader:240 - Cannot read IP mode file for SEGGER.I-CUBE-embOS.1.3.1
2025-10-21 22:50:53,808 [WARN] PackLoader:240 - Cannot read IP mode file for STMicroelectronics.X-CUBE-ALGOBUILD.1.4.0
2025-10-21 22:50:53,991 [WARN] PackLoader:240 - Cannot read IP mode file for STMicroelectronics.X-CUBE-MEMS1.11.3.0
2025-10-21 22:50:54,233 [WARN] PackLoader:240 - Cannot read IP mode file for STMicroelectronics.X-CUBE-PM33A1.1.0.0
2025-10-21 22:50:54,301 [WARN] PackLoader:240 - Cannot read IP mode file for STMicroelectronics.X-CUBE-AZRTOS-F4.1.1.0
2025-10-21 22:50:54,332 [WARN] PackLoader:240 - Cannot read IP mode file for STMicroelectronics.X-CUBE-ISPU.2.1.0
2025-10-21 22:50:54,369 [WARN] PackLoader:240 - Cannot read IP mode file for STMicroelectronics.X-CUBE-IPS.3.2.0
2025-10-21 22:50:54,465 [WARN] PackLoader:240 - Cannot read IP mode file for STMicroelectronics.X-CUBE-AZRTOS-L5.2.0.0
2025-10-21 22:50:54,501 [WARN] PackLoader:240 - Cannot read IP mode file for STMicroelectronics.X-CUBE-NFC6.3.1.0
2025-10-21 22:50:54,516 [WARN] PackLoader:240 - Cannot read IP mode file for STMicroelectronics.X-CUBE-FREERTOS.1.3.1
2025-10-21 22:50:54,525 [WARN] PackLoader:240 - Cannot read IP mode file for STMicroelectronics.X-CUBE-TOUCHGFX.4.26.0
2025-10-21 22:50:54,543 [WARN] PackLoader:240 - Cannot read IP mode file for STMicroelectronics.X-CUBE-DPower.1.3.0
2025-10-21 22:50:54,621 [WARN] ConditionMgr:438 - getConditionDescription Invalid condition id : LAN8742 Phy interface Condition cause : null
2025-10-21 22:50:54,622 [WARN] PackLoader:240 - Cannot read IP mode file for STMicroelectronics.X-CUBE-AZRTOS-L4.2.0.0
2025-10-21 22:50:54,628 [WARN] ConditionMgr:1044 - genDependencies : Invalid condition id : LAN8742 Phy interface Condition cause : null
2025-10-21 22:50:54,629 [WARN] ConditionMgr:1044 - genDependencies : Invalid condition id : LAN8742 Phy interface Condition cause : null
2025-10-21 22:50:54,633 [WARN] ConditionMgr:1044 - genDependencies : Invalid condition id : LAN8742 Phy interface Condition cause : null
2025-10-21 22:50:54,665 [WARN] PackLoader:240 - Cannot read IP mode file for STMicroelectronics.X-CUBE-SFXS2LP1.4.0.0
2025-10-21 22:50:54,710 [WARN] ConditionMgr:438 - getConditionDescription Invalid condition id : UX DEVICE CLASS RTOS Condition cause : null
2025-10-21 22:50:54,712 [WARN] ConditionMgr:438 - getConditionDescription Invalid condition id : UX DEVICE CLASS RTOS Condition cause : null
2025-10-21 22:50:54,722 [WARN] PackLoader:240 - Cannot read IP mode file for STMicroelectronics.X-CUBE-AZRTOS-WB.2.0.0
2025-10-21 22:50:54,723 [WARN] ConditionMgr:1044 - genDependencies : Invalid condition id : UX DEVICE CLASS RTOS Condition cause : null
2025-10-21 22:50:54,724 [WARN] ConditionMgr:1044 - genDependencies : Invalid condition id : UX DEVICE CLASS RTOS Condition cause : null
2025-10-21 22:50:54,725 [WARN] ConditionMgr:1044 - genDependencies : Invalid condition id : UX DEVICE CLASS RTOS Condition cause : null
2025-10-21 22:50:54,725 [WARN] ConditionMgr:1044 - genDependencies : Invalid condition id : UX DEVICE CLASS RTOS Condition cause : null
2025-10-21 22:50:54,726 [WARN] ConditionMgr:1044 - genDependencies : Invalid condition id : UX DEVICE CLASS RTOS Condition cause : null
2025-10-21 22:50:54,737 [WARN] PackLoader:240 - Cannot read IP mode file for STMicroelectronics.X-CUBE-GNSS1.7.0.1
2025-10-21 22:50:54,748 [WARN] PackLoader:240 - Cannot read IP mode file for STMicroelectronics.X-CUBE-TOUCHGFX.4.25.0
2025-10-21 22:50:54,753 [WARN] ConditionMgr:438 - getConditionDescription Invalid condition id : Cortex-A Device cause : null
2025-10-21 22:50:54,793 [WARN] ConditionMgr:1044 - genDependencies : Invalid condition id : Cortex-A Device cause : null
2025-10-21 22:50:54,793 [WARN] ConditionMgr:1044 - genDependencies : Invalid condition id : Cortex-A Device cause : null
2025-10-21 22:50:54,794 [WARN] ConditionMgr:1044 - genDependencies : Invalid condition id : Cortex-A Device cause : null
2025-10-21 22:50:54,829 [WARN] PackLoader:240 - Cannot read IP mode file for STMicroelectronics.X-CUBE-SUBG2.5.0.0
2025-10-21 22:50:54,916 [WARN] PackLoader:240 - Cannot read IP mode file for STMicroelectronics.X-CUBE-AZRTOS-H7RS.1.1.0
2025-10-21 22:50:54,965 [WARN] PackLoader:240 - Cannot read IP mode file for STMicroelectronics.X-CUBE-AZRTOS-G4.2.0.0
2025-10-21 22:50:54,982 [WARN] PackLoader:240 - Cannot read IP mode file for STMicroelectronics.X-CUBE-NFC7.2.0.0
2025-10-21 22:50:55,019 [WARN] PackLoader:240 - Cannot read IP mode file for STMicroelectronics.X-CUBE-IPS.3.1.0
2025-10-21 22:50:55,042 [WARN] PackLoader:240 - Cannot read IP mode file for STMicroelectronics.X-CUBE-ALS.1.0.2
2025-10-21 22:50:55,063 [WARN] PackLoader:240 - Cannot read IP mode file for STMicroelectronics.X-CUBE-STSE01.1.0.0
2025-10-21 22:50:55,080 [WARN] PackLoader:240 - Cannot read IP mode file for portGmbH.I-Cube-SoM-uGOAL.1.1.0
2025-10-21 22:50:55,109 [WARN] PackLoader:240 - Cannot read IP mode file for STMicroelectronics.X-CUBE-TOF1.3.4.3
2025-10-21 22:50:55,134 [INFO] ThirdParty:978 - Integrity check success = true
2025-10-21 22:50:55,134 [INFO] IntegrityCheckThread:100 - exiting critical section [integrity check]
2025-10-21 22:50:55,134 [INFO] IntegrityCheckThread:103 - End integrity checks thread
2025-10-21 22:50:55,483 [INFO] WebApp:463 - Apply proxy settings
2025-10-21 22:50:55,483 [INFO] WebApp:548 - Chromium requires no authentication
2025-10-21 22:50:55,506 [INFO] WebApp:491 - Direct internet connection detected
2025-10-21 22:50:55,549 [INFO] WebApp:900 - Register for checkConnection events
2025-10-21 22:50:55,549 [INFO] WebApp:463 - Apply proxy settings
2025-10-21 22:50:55,549 [INFO] WebApp:548 - Chromium requires no authentication
2025-10-21 22:50:55,552 [INFO] WebApp:491 - Direct internet connection detected
2025-10-21 22:50:55,834 [INFO] WebApp:225 - Starting web application
2025-10-21 22:50:55,834 [INFO] WebApp:593 - Web application path used /opt/st/stm32cubeide_1.19.0/plugins/com.st.stm32cube.common.mx_6.15.0.202507011659/db/plugins/mcufinder/reactClient1/index.html
2025-10-21 22:50:56,108 [INFO] WebApp:191 - Connection restablished
2025-10-21 23:48:55,660 [INFO] WebApp:194 - Connection lost
2025-10-21 23:49:01,914 [INFO] WebApp:191 - Connection restablished
